#
# There is insufficient memory for the Java Runtime Environment to continue.
# Native memory allocation (mmap) failed to map 65536 bytes for Failed to commit metaspace.
# Possible reasons:
#   The system is out of physical RAM or swap space
#   The process is running with CompressedOops enabled, and the Java Heap may be blocking the growth of the native heap
# Possible solutions:
#   Reduce memory load on the system
#   Increase physical memory or swap space
#   Check if swap backing store is full
#   Decrease Java heap size (-Xmx/-Xms)
#     placed in the first 4GB address space. The Java Heap base address is the
#     maximum limit for the native heap growth. Please use -XX:HeapBaseMinAddress
#     to set the Java Heap base and to place the Java Heap above 4GB virtual address.
# This output file may be truncated or incomplete.
#
#  Out of Memory Error (virtualSpaceNode.cpp:108), pid=49052, tid=23300
#
# JRE version: Java(TM) SE Runtime Environment (16.0.2+7) (build 16.0.2+7-67)
# Java VM: Java HotSpot(TM) 64-Bit Server VM (16.0.2+7-67, mixed mode, sharing, tiered, compressed oops, compressed class ptrs, g1 gc, windows-amd64)
# No core dump will be written. Minidumps are not enabled by default on client versions of Windows
#

---------------  S U M M A R Y ------------

Command Line: C:/Users/Mia/.vscode/extensions/rianadon.vscode-java-checkstyle-0.2.0/checkstyle-8.35-all.jar -c C:/Users/Mia/.vscode/extensions/rianadon.vscode-java-checkstyle-0.2.0/UWG_checks.xml c:\Users\Mia\CS4985TheArtistsDream\code\TheArtistsDreamServer\src\test\java\edu\westga\devops\theartistsdreamserver\usermanager\TestAddUser.java

Host: Intel(R) Core(TM) i5-8265U CPU @ 1.60GHz, 8 cores, 7G,  Windows 10 , 64 bit Build 19041 (10.0.19041.1202)
Time: Thu Oct 14 20:52:58 2021 Eastern Daylight Time elapsed time: 6.381398 seconds (0d 0h 0m 6s)

---------------  T H R E A D  ---------------

Current thread (0x000002b512bbbf60):  JavaThread "main" [_thread_in_vm, id=23300, stack(0x000000e6e1200000,0x000000e6e1300000)]

Stack: [0x000000e6e1200000,0x000000e6e1300000]
Native frames: (J=compiled Java code, j=interpreted, Vv=VM code, C=native code)
V  [jvm.dll+0x6681ca]
V  [jvm.dll+0x7c9e69]
V  [jvm.dll+0x7cb61e]
V  [jvm.dll+0x7cbc73]
V  [jvm.dll+0x242c55]
V  [jvm.dll+0x7c64eb]
V  [jvm.dll+0x60ddd6]
V  [jvm.dll+0x60de3a]
V  [jvm.dll+0x61046a]
V  [jvm.dll+0x60e6d1]
V  [jvm.dll+0x618d97]
V  [jvm.dll+0x1e97ef]
V  [jvm.dll+0x1e9d25]
V  [jvm.dll+0x1ea8af]
V  [jvm.dll+0x1df631]
V  [jvm.dll+0x535ff8]
V  [jvm.dll+0x1f0d52]
V  [jvm.dll+0x741863]
V  [jvm.dll+0x743108]
V  [jvm.dll+0x743433]
V  [jvm.dll+0x23ab24]
V  [jvm.dll+0x375531]
C  0x000002b51bd2c411

Java frames: (J=compiled Java code, j=interpreted, Vv=VM code)
j  sun.net.www.protocol.file.Handler.createFileURLConnection(Ljava/net/URL;Ljava/io/File;)Ljava/net/URLConnection;+0 java.base@16.0.2
j  sun.net.www.protocol.file.Handler.openConnection(Ljava/net/URL;Ljava/net/Proxy;)Ljava/net/URLConnection;+79 java.base@16.0.2
j  sun.net.www.protocol.file.Handler.openConnection(Ljava/net/URL;)Ljava/net/URLConnection;+3 java.base@16.0.2
j  java.net.URL.openConnection()Ljava/net/URLConnection;+5 java.base@16.0.2
j  com.sun.org.apache.xerces.internal.impl.XMLEntityManager.setupCurrentEntity(ZLjava/lang/String;Lcom/sun/org/apache/xerces/internal/xni/parser/XMLInputSource;ZZ)Ljava/lang/String;+99 java.xml@16.0.2
j  com.sun.org.apache.xerces.internal.impl.XMLVersionDetector.determineDocVersion(Lcom/sun/org/apache/xerces/internal/xni/parser/XMLInputSource;)S+12 java.xml@16.0.2
j  com.sun.org.apache.xerces.internal.parsers.XML11Configuration.parse(Z)Z+43 java.xml@16.0.2
j  com.sun.org.apache.xerces.internal.parsers.XML11Configuration.parse(Lcom/sun/org/apache/xerces/internal/xni/parser/XMLInputSource;)V+30 java.xml@16.0.2
j  com.sun.org.apache.xerces.internal.parsers.XMLParser.parse(Lcom/sun/org/apache/xerces/internal/xni/parser/XMLInputSource;)V+76 java.xml@16.0.2
j  com.sun.org.apache.xerces.internal.parsers.AbstractSAXParser.parse(Lorg/xml/sax/InputSource;)V+44 java.xml@16.0.2
j  com.sun.org.apache.xerces.internal.jaxp.SAXParserImpl$JAXPSAXParser.parse(Lorg/xml/sax/InputSource;)V+53 java.xml@16.0.2
j  com.puppycrawl.tools.checkstyle.XmlLoader.parseInputSource(Lorg/xml/sax/InputSource;)V+5
j  com.puppycrawl.tools.checkstyle.ConfigurationLoader.parseInputSource(Lorg/xml/sax/InputSource;)V+5
j  com.puppycrawl.tools.checkstyle.ConfigurationLoader.loadConfiguration(Lorg/xml/sax/InputSource;Lcom/puppycrawl/tools/checkstyle/PropertyResolver;Lcom/puppycrawl/tools/checkstyle/ConfigurationLoader$IgnoredModulesOptions;Lcom/puppycrawl/tools/checkstyle/ThreadModeSettings;)Lcom/puppycrawl/tools/checkstyle/api/Configuration;+30
j  com.puppycrawl.tools.checkstyle.ConfigurationLoader.loadConfiguration(Ljava/lang/String;Lcom/puppycrawl/tools/checkstyle/PropertyResolver;Lcom/puppycrawl/tools/checkstyle/ConfigurationLoader$IgnoredModulesOptions;Lcom/puppycrawl/tools/checkstyle/ThreadModeSettings;)Lcom/puppycrawl/tools/checkstyle/api/Configuration;+25
j  com.puppycrawl.tools.checkstyle.Main.runCheckstyle(Lcom/puppycrawl/tools/checkstyle/Main$CliOptions;Ljava/util/List;)I+67
j  com.puppycrawl.tools.checkstyle.Main.runCli(Lcom/puppycrawl/tools/checkstyle/Main$CliOptions;Ljava/util/List;)I+373
j  com.puppycrawl.tools.checkstyle.Main.execute(Lpicocli/CommandLine$ParseResult;Lcom/puppycrawl/tools/checkstyle/Main$CliOptions;)I+62
j  com.puppycrawl.tools.checkstyle.Main.main([Ljava/lang/String;)V+84
v  ~StubRoutines::call_stub

---------------  P R O C E S S  ---------------

Threads class SMR info:
_java_thread_list=0x000002b533999670, length=14, elements={
0x000002b512bbbf60, 0x000002b532d062d0, 0x000002b532d06bb0, 0x000002b532d17d80,
0x000002b532d1a2b0, 0x000002b532d1b060, 0x000002b532d233f0, 0x000002b532d275a0,
0x000002b532d28440, 0x000002b532d94870, 0x000002b5338bb620, 0x000002b5338bfb50,
0x000002b5338d9d10, 0x000002b533917720
}
_to_delete_list=0x000002b5338958f0, length=12, elements={
0x000002b512bbbf60, 0x000002b532d062d0, 0x000002b532d06bb0, 0x000002b532d17d80,
0x000002b532d1a2b0, 0x000002b532d1b060, 0x000002b532d233f0, 0x000002b532d275a0,
0x000002b532d28440, 0x000002b532d94870, 0x000002b5338bb620, 0x000002b5338bfb50
}

Java Threads: ( => current thread )
=>0x000002b512bbbf60 JavaThread "main" [_thread_in_vm, id=23300, stack(0x000000e6e1200000,0x000000e6e1300000)]
  0x000002b532d062d0 JavaThread "Reference Handler" daemon [_thread_blocked, id=42016, stack(0x000000e6e1900000,0x000000e6e1a00000)]
  0x000002b532d06bb0 JavaThread "Finalizer" daemon [_thread_blocked, id=44848, stack(0x000000e6e1a00000,0x000000e6e1b00000)]
  0x000002b532d17d80 JavaThread "Signal Dispatcher" daemon [_thread_blocked, id=30288, stack(0x000000e6e1b00000,0x000000e6e1c00000)]
  0x000002b532d1a2b0 JavaThread "Attach Listener" daemon [_thread_blocked, id=16788, stack(0x000000e6e1c00000,0x000000e6e1d00000)]
  0x000002b532d1b060 JavaThread "Service Thread" daemon [_thread_blocked, id=23212, stack(0x000000e6e1d00000,0x000000e6e1e00000)]
  0x000002b532d233f0 JavaThread "Monitor Deflation Thread" daemon [_thread_blocked, id=47160, stack(0x000000e6e1e00000,0x000000e6e1f00000)]
  0x000002b532d275a0 JavaThread "C2 CompilerThread0" daemon [_thread_blocked, id=49628, stack(0x000000e6e1f00000,0x000000e6e2000000)]
  0x000002b532d28440 JavaThread "C1 CompilerThread0" daemon [_thread_blocked, id=49168, stack(0x000000e6e2000000,0x000000e6e2100000)]
  0x000002b532d94870 JavaThread "Sweeper thread" daemon [_thread_blocked, id=41612, stack(0x000000e6e2100000,0x000000e6e2200000)]
  0x000002b5338bb620 JavaThread "Notification Thread" daemon [_thread_blocked, id=19292, stack(0x000000e6e2200000,0x000000e6e2300000)]
  0x000002b5338bfb50 JavaThread "Common-Cleaner" daemon [_thread_blocked, id=47540, stack(0x000000e6e2400000,0x000000e6e2500000)]
  0x000002b5338d9d10 JavaThread "C2 CompilerThread1" daemon [_thread_blocked, id=43848, stack(0x000000e6e2500000,0x000000e6e2600000)]
  0x000002b533917720 JavaThread "C2 CompilerThread2" daemon [_thread_blocked, id=46852, stack(0x000000e6e2600000,0x000000e6e2700000)]

Other Threads:
  0x000002b532cfeb50 VMThread "VM Thread" [stack: 0x000000e6e1800000,0x000000e6e1900000] [id=36804]
  0x000002b532ce73c0 WatcherThread [stack: 0x000000e6e2300000,0x000000e6e2400000] [id=49036]
  0x000002b512dd1cc0 GCTaskThread "GC Thread#0" [stack: 0x000000e6e1300000,0x000000e6e1400000] [id=48852]
  0x000002b512de2a50 ConcurrentGCThread "G1 Main Marker" [stack: 0x000000e6e1400000,0x000000e6e1500000] [id=48092]
  0x000002b512de3c60 ConcurrentGCThread "G1 Conc#0" [stack: 0x000000e6e1500000,0x000000e6e1600000] [id=31264]
  0x000002b512e5e960 ConcurrentGCThread "G1 Refine#0" [stack: 0x000000e6e1600000,0x000000e6e1700000] [id=46916]
  0x000002b532bb29a0 ConcurrentGCThread "G1 Service" [stack: 0x000000e6e1700000,0x000000e6e1800000] [id=49908]

Threads with active compile tasks:

VM state: not at safepoint (normal execution)

VM Mutex/Monitor currently owned by a thread:  ([mutex/lock_event])
[0x000002b512d920c0] MetaspaceExpand_lock - owner thread: 0x000002b512bbbf60

Heap address: 0x0000000081c00000, size: 2020 MB, Compressed Oops mode: 32-bit

CDS archive(s) mapped at: [0x0000000800000000-0x0000000800bb0000-0x0000000800bb0000), size 12255232, SharedBaseAddress: 0x0000000800000000, ArchiveRelocationMode: 0.
Compressed class space mapped at: 0x0000000800c00000-0x0000000840c00000, reserved size: 1073741824
Narrow klass base: 0x0000000800000000, Narrow klass shift: 3, Narrow klass range: 0x100000000

GC Precious Log:
 CPUs: 8 total, 8 available
 Memory: 8078M
 Large Page Support: Disabled
 NUMA Support: Disabled
 Compressed Oops: Enabled (32-bit)
 Heap Region Size: 1M
 Heap Min Capacity: 8M
 Heap Initial Capacity: 128M
 Heap Max Capacity: 2020M
 Pre-touch: Disabled
 Parallel Workers: 8
 Concurrent Workers: 2
 Concurrent Refinement Workers: 8
 Periodic GC: Disabled

Heap:
 garbage-first heap   total 131072K, used 8192K [0x0000000081c00000, 0x0000000100000000)
  region size 1024K, 8 young (8192K), 0 survivors (0K)
 Metaspace       used 3917K, committed 4032K, reserved 1056768K
  class space    used 385K, committed 448K, reserved 1048576K

Heap Regions: E=young(eden), S=young(survivor), O=old, HS=humongous(starts), HC=humongous(continues), CS=collection set, F=free, OA=open archive, CA=closed archive, TAMS=top-at-mark-start (previous, next)
|   0|0x0000000081c00000, 0x0000000081d00000, 0x0000000081d00000|100%|HS|  |TAMS 0x0000000081c00000, 0x0000000081c00000| Complete 
|   1|0x0000000081d00000, 0x0000000081e00000, 0x0000000081e00000|100%|HS|  |TAMS 0x0000000081d00000, 0x0000000081d00000| Complete 
|   2|0x0000000081e00000, 0x0000000081e00000, 0x0000000081f00000|  0%| F|  |TAMS 0x0000000081e00000, 0x0000000081e00000| Untracked 
|   3|0x0000000081f00000, 0x0000000081f00000, 0x0000000082000000|  0%| F|  |TAMS 0x0000000081f00000, 0x0000000081f00000| Untracked 
|   4|0x0000000082000000, 0x0000000082000000, 0x0000000082100000|  0%| F|  |TAMS 0x0000000082000000, 0x0000000082000000| Untracked 
|   5|0x0000000082100000, 0x0000000082100000, 0x0000000082200000|  0%| F|  |TAMS 0x0000000082100000, 0x0000000082100000| Untracked 
|   6|0x0000000082200000, 0x0000000082200000, 0x0000000082300000|  0%| F|  |TAMS 0x0000000082200000, 0x0000000082200000| Untracked 
|   7|0x0000000082300000, 0x0000000082300000, 0x0000000082400000|  0%| F|  |TAMS 0x0000000082300000, 0x0000000082300000| Untracked 
|   8|0x0000000082400000, 0x0000000082400000, 0x0000000082500000|  0%| F|  |TAMS 0x0000000082400000, 0x0000000082400000| Untracked 
|   9|0x0000000082500000, 0x0000000082500000, 0x0000000082600000|  0%| F|  |TAMS 0x0000000082500000, 0x0000000082500000| Untracked 
|  10|0x0000000082600000, 0x0000000082600000, 0x0000000082700000|  0%| F|  |TAMS 0x0000000082600000, 0x0000000082600000| Untracked 
|  11|0x0000000082700000, 0x0000000082700000, 0x0000000082800000|  0%| F|  |TAMS 0x0000000082700000, 0x0000000082700000| Untracked 
|  12|0x0000000082800000, 0x0000000082800000, 0x0000000082900000|  0%| F|  |TAMS 0x0000000082800000, 0x0000000082800000| Untracked 
|  13|0x0000000082900000, 0x0000000082900000, 0x0000000082a00000|  0%| F|  |TAMS 0x0000000082900000, 0x0000000082900000| Untracked 
|  14|0x0000000082a00000, 0x0000000082a00000, 0x0000000082b00000|  0%| F|  |TAMS 0x0000000082a00000, 0x0000000082a00000| Untracked 
|  15|0x0000000082b00000, 0x0000000082b00000, 0x0000000082c00000|  0%| F|  |TAMS 0x0000000082b00000, 0x0000000082b00000| Untracked 
|  16|0x0000000082c00000, 0x0000000082c00000, 0x0000000082d00000|  0%| F|  |TAMS 0x0000000082c00000, 0x0000000082c00000| Untracked 
|  17|0x0000000082d00000, 0x0000000082d00000, 0x0000000082e00000|  0%| F|  |TAMS 0x0000000082d00000, 0x0000000082d00000| Untracked 
|  18|0x0000000082e00000, 0x0000000082e00000, 0x0000000082f00000|  0%| F|  |TAMS 0x0000000082e00000, 0x0000000082e00000| Untracked 
|  19|0x0000000082f00000, 0x0000000082f00000, 0x0000000083000000|  0%| F|  |TAMS 0x0000000082f00000, 0x0000000082f00000| Untracked 
|  20|0x0000000083000000, 0x0000000083000000, 0x0000000083100000|  0%| F|  |TAMS 0x0000000083000000, 0x0000000083000000| Untracked 
|  21|0x0000000083100000, 0x0000000083100000, 0x0000000083200000|  0%| F|  |TAMS 0x0000000083100000, 0x0000000083100000| Untracked 
|  22|0x0000000083200000, 0x0000000083200000, 0x0000000083300000|  0%| F|  |TAMS 0x0000000083200000, 0x0000000083200000| Untracked 
|  23|0x0000000083300000, 0x0000000083300000, 0x0000000083400000|  0%| F|  |TAMS 0x0000000083300000, 0x0000000083300000| Untracked 
|  24|0x0000000083400000, 0x0000000083400000, 0x0000000083500000|  0%| F|  |TAMS 0x0000000083400000, 0x0000000083400000| Untracked 
|  25|0x0000000083500000, 0x0000000083500000, 0x0000000083600000|  0%| F|  |TAMS 0x0000000083500000, 0x0000000083500000| Untracked 
|  26|0x0000000083600000, 0x0000000083600000, 0x0000000083700000|  0%| F|  |TAMS 0x0000000083600000, 0x0000000083600000| Untracked 
|  27|0x0000000083700000, 0x0000000083700000, 0x0000000083800000|  0%| F|  |TAMS 0x0000000083700000, 0x0000000083700000| Untracked 
|  28|0x0000000083800000, 0x0000000083800000, 0x0000000083900000|  0%| F|  |TAMS 0x0000000083800000, 0x0000000083800000| Untracked 
|  29|0x0000000083900000, 0x0000000083900000, 0x0000000083a00000|  0%| F|  |TAMS 0x0000000083900000, 0x0000000083900000| Untracked 
|  30|0x0000000083a00000, 0x0000000083a00000, 0x0000000083b00000|  0%| F|  |TAMS 0x0000000083a00000, 0x0000000083a00000| Untracked 
|  31|0x0000000083b00000, 0x0000000083b00000, 0x0000000083c00000|  0%| F|  |TAMS 0x0000000083b00000, 0x0000000083b00000| Untracked 
|  32|0x0000000083c00000, 0x0000000083c00000, 0x0000000083d00000|  0%| F|  |TAMS 0x0000000083c00000, 0x0000000083c00000| Untracked 
|  33|0x0000000083d00000, 0x0000000083d00000, 0x0000000083e00000|  0%| F|  |TAMS 0x0000000083d00000, 0x0000000083d00000| Untracked 
|  34|0x0000000083e00000, 0x0000000083e00000, 0x0000000083f00000|  0%| F|  |TAMS 0x0000000083e00000, 0x0000000083e00000| Untracked 
|  35|0x0000000083f00000, 0x0000000083f00000, 0x0000000084000000|  0%| F|  |TAMS 0x0000000083f00000, 0x0000000083f00000| Untracked 
|  36|0x0000000084000000, 0x0000000084000000, 0x0000000084100000|  0%| F|  |TAMS 0x0000000084000000, 0x0000000084000000| Untracked 
|  37|0x0000000084100000, 0x0000000084100000, 0x0000000084200000|  0%| F|  |TAMS 0x0000000084100000, 0x0000000084100000| Untracked 
|  38|0x0000000084200000, 0x0000000084200000, 0x0000000084300000|  0%| F|  |TAMS 0x0000000084200000, 0x0000000084200000| Untracked 
|  39|0x0000000084300000, 0x0000000084300000, 0x0000000084400000|  0%| F|  |TAMS 0x0000000084300000, 0x0000000084300000| Untracked 
|  40|0x0000000084400000, 0x0000000084400000, 0x0000000084500000|  0%| F|  |TAMS 0x0000000084400000, 0x0000000084400000| Untracked 
|  41|0x0000000084500000, 0x0000000084500000, 0x0000000084600000|  0%| F|  |TAMS 0x0000000084500000, 0x0000000084500000| Untracked 
|  42|0x0000000084600000, 0x0000000084600000, 0x0000000084700000|  0%| F|  |TAMS 0x0000000084600000, 0x0000000084600000| Untracked 
|  43|0x0000000084700000, 0x0000000084700000, 0x0000000084800000|  0%| F|  |TAMS 0x0000000084700000, 0x0000000084700000| Untracked 
|  44|0x0000000084800000, 0x0000000084800000, 0x0000000084900000|  0%| F|  |TAMS 0x0000000084800000, 0x0000000084800000| Untracked 
|  45|0x0000000084900000, 0x0000000084900000, 0x0000000084a00000|  0%| F|  |TAMS 0x0000000084900000, 0x0000000084900000| Untracked 
|  46|0x0000000084a00000, 0x0000000084a00000, 0x0000000084b00000|  0%| F|  |TAMS 0x0000000084a00000, 0x0000000084a00000| Untracked 
|  47|0x0000000084b00000, 0x0000000084b00000, 0x0000000084c00000|  0%| F|  |TAMS 0x0000000084b00000, 0x0000000084b00000| Untracked 
|  48|0x0000000084c00000, 0x0000000084c00000, 0x0000000084d00000|  0%| F|  |TAMS 0x0000000084c00000, 0x0000000084c00000| Untracked 
|  49|0x0000000084d00000, 0x0000000084d00000, 0x0000000084e00000|  0%| F|  |TAMS 0x0000000084d00000, 0x0000000084d00000| Untracked 
|  50|0x0000000084e00000, 0x0000000084e00000, 0x0000000084f00000|  0%| F|  |TAMS 0x0000000084e00000, 0x0000000084e00000| Untracked 
|  51|0x0000000084f00000, 0x0000000084f00000, 0x0000000085000000|  0%| F|  |TAMS 0x0000000084f00000, 0x0000000084f00000| Untracked 
|  52|0x0000000085000000, 0x0000000085000000, 0x0000000085100000|  0%| F|  |TAMS 0x0000000085000000, 0x0000000085000000| Untracked 
|  53|0x0000000085100000, 0x0000000085100000, 0x0000000085200000|  0%| F|  |TAMS 0x0000000085100000, 0x0000000085100000| Untracked 
|  54|0x0000000085200000, 0x0000000085200000, 0x0000000085300000|  0%| F|  |TAMS 0x0000000085200000, 0x0000000085200000| Untracked 
|  55|0x0000000085300000, 0x0000000085300000, 0x0000000085400000|  0%| F|  |TAMS 0x0000000085300000, 0x0000000085300000| Untracked 
|  56|0x0000000085400000, 0x0000000085400000, 0x0000000085500000|  0%| F|  |TAMS 0x0000000085400000, 0x0000000085400000| Untracked 
|  57|0x0000000085500000, 0x0000000085500000, 0x0000000085600000|  0%| F|  |TAMS 0x0000000085500000, 0x0000000085500000| Untracked 
|  58|0x0000000085600000, 0x0000000085600000, 0x0000000085700000|  0%| F|  |TAMS 0x0000000085600000, 0x0000000085600000| Untracked 
|  59|0x0000000085700000, 0x0000000085700000, 0x0000000085800000|  0%| F|  |TAMS 0x0000000085700000, 0x0000000085700000| Untracked 
|  60|0x0000000085800000, 0x0000000085800000, 0x0000000085900000|  0%| F|  |TAMS 0x0000000085800000, 0x0000000085800000| Untracked 
|  61|0x0000000085900000, 0x0000000085900000, 0x0000000085a00000|  0%| F|  |TAMS 0x0000000085900000, 0x0000000085900000| Untracked 
|  62|0x0000000085a00000, 0x0000000085a00000, 0x0000000085b00000|  0%| F|  |TAMS 0x0000000085a00000, 0x0000000085a00000| Untracked 
|  63|0x0000000085b00000, 0x0000000085b00000, 0x0000000085c00000|  0%| F|  |TAMS 0x0000000085b00000, 0x0000000085b00000| Untracked 
|  64|0x0000000085c00000, 0x0000000085c00000, 0x0000000085d00000|  0%| F|  |TAMS 0x0000000085c00000, 0x0000000085c00000| Untracked 
|  65|0x0000000085d00000, 0x0000000085d00000, 0x0000000085e00000|  0%| F|  |TAMS 0x0000000085d00000, 0x0000000085d00000| Untracked 
|  66|0x0000000085e00000, 0x0000000085e00000, 0x0000000085f00000|  0%| F|  |TAMS 0x0000000085e00000, 0x0000000085e00000| Untracked 
|  67|0x0000000085f00000, 0x0000000085f00000, 0x0000000086000000|  0%| F|  |TAMS 0x0000000085f00000, 0x0000000085f00000| Untracked 
|  68|0x0000000086000000, 0x0000000086000000, 0x0000000086100000|  0%| F|  |TAMS 0x0000000086000000, 0x0000000086000000| Untracked 
|  69|0x0000000086100000, 0x0000000086100000, 0x0000000086200000|  0%| F|  |TAMS 0x0000000086100000, 0x0000000086100000| Untracked 
|  70|0x0000000086200000, 0x0000000086200000, 0x0000000086300000|  0%| F|  |TAMS 0x0000000086200000, 0x0000000086200000| Untracked 
|  71|0x0000000086300000, 0x0000000086300000, 0x0000000086400000|  0%| F|  |TAMS 0x0000000086300000, 0x0000000086300000| Untracked 
|  72|0x0000000086400000, 0x0000000086400000, 0x0000000086500000|  0%| F|  |TAMS 0x0000000086400000, 0x0000000086400000| Untracked 
|  73|0x0000000086500000, 0x0000000086500000, 0x0000000086600000|  0%| F|  |TAMS 0x0000000086500000, 0x0000000086500000| Untracked 
|  74|0x0000000086600000, 0x0000000086600000, 0x0000000086700000|  0%| F|  |TAMS 0x0000000086600000, 0x0000000086600000| Untracked 
|  75|0x0000000086700000, 0x0000000086700000, 0x0000000086800000|  0%| F|  |TAMS 0x0000000086700000, 0x0000000086700000| Untracked 
|  76|0x0000000086800000, 0x0000000086800000, 0x0000000086900000|  0%| F|  |TAMS 0x0000000086800000, 0x0000000086800000| Untracked 
|  77|0x0000000086900000, 0x0000000086900000, 0x0000000086a00000|  0%| F|  |TAMS 0x0000000086900000, 0x0000000086900000| Untracked 
|  78|0x0000000086a00000, 0x0000000086a00000, 0x0000000086b00000|  0%| F|  |TAMS 0x0000000086a00000, 0x0000000086a00000| Untracked 
|  79|0x0000000086b00000, 0x0000000086b00000, 0x0000000086c00000|  0%| F|  |TAMS 0x0000000086b00000, 0x0000000086b00000| Untracked 
|  80|0x0000000086c00000, 0x0000000086c00000, 0x0000000086d00000|  0%| F|  |TAMS 0x0000000086c00000, 0x0000000086c00000| Untracked 
|  81|0x0000000086d00000, 0x0000000086d00000, 0x0000000086e00000|  0%| F|  |TAMS 0x0000000086d00000, 0x0000000086d00000| Untracked 
|  82|0x0000000086e00000, 0x0000000086e00000, 0x0000000086f00000|  0%| F|  |TAMS 0x0000000086e00000, 0x0000000086e00000| Untracked 
|  83|0x0000000086f00000, 0x0000000086f00000, 0x0000000087000000|  0%| F|  |TAMS 0x0000000086f00000, 0x0000000086f00000| Untracked 
|  84|0x0000000087000000, 0x0000000087000000, 0x0000000087100000|  0%| F|  |TAMS 0x0000000087000000, 0x0000000087000000| Untracked 
|  85|0x0000000087100000, 0x0000000087100000, 0x0000000087200000|  0%| F|  |TAMS 0x0000000087100000, 0x0000000087100000| Untracked 
|  86|0x0000000087200000, 0x0000000087200000, 0x0000000087300000|  0%| F|  |TAMS 0x0000000087200000, 0x0000000087200000| Untracked 
|  87|0x0000000087300000, 0x0000000087300000, 0x0000000087400000|  0%| F|  |TAMS 0x0000000087300000, 0x0000000087300000| Untracked 
|  88|0x0000000087400000, 0x0000000087400000, 0x0000000087500000|  0%| F|  |TAMS 0x0000000087400000, 0x0000000087400000| Untracked 
|  89|0x0000000087500000, 0x0000000087500000, 0x0000000087600000|  0%| F|  |TAMS 0x0000000087500000, 0x0000000087500000| Untracked 
|  90|0x0000000087600000, 0x0000000087600000, 0x0000000087700000|  0%| F|  |TAMS 0x0000000087600000, 0x0000000087600000| Untracked 
|  91|0x0000000087700000, 0x0000000087700000, 0x0000000087800000|  0%| F|  |TAMS 0x0000000087700000, 0x0000000087700000| Untracked 
|  92|0x0000000087800000, 0x0000000087800000, 0x0000000087900000|  0%| F|  |TAMS 0x0000000087800000, 0x0000000087800000| Untracked 
|  93|0x0000000087900000, 0x0000000087900000, 0x0000000087a00000|  0%| F|  |TAMS 0x0000000087900000, 0x0000000087900000| Untracked 
|  94|0x0000000087a00000, 0x0000000087a00000, 0x0000000087b00000|  0%| F|  |TAMS 0x0000000087a00000, 0x0000000087a00000| Untracked 
|  95|0x0000000087b00000, 0x0000000087b00000, 0x0000000087c00000|  0%| F|  |TAMS 0x0000000087b00000, 0x0000000087b00000| Untracked 
|  96|0x0000000087c00000, 0x0000000087c00000, 0x0000000087d00000|  0%| F|  |TAMS 0x0000000087c00000, 0x0000000087c00000| Untracked 
|  97|0x0000000087d00000, 0x0000000087d00000, 0x0000000087e00000|  0%| F|  |TAMS 0x0000000087d00000, 0x0000000087d00000| Untracked 
|  98|0x0000000087e00000, 0x0000000087e00000, 0x0000000087f00000|  0%| F|  |TAMS 0x0000000087e00000, 0x0000000087e00000| Untracked 
|  99|0x0000000087f00000, 0x0000000087f00000, 0x0000000088000000|  0%| F|  |TAMS 0x0000000087f00000, 0x0000000087f00000| Untracked 
| 100|0x0000000088000000, 0x0000000088000000, 0x0000000088100000|  0%| F|  |TAMS 0x0000000088000000, 0x0000000088000000| Untracked 
| 101|0x0000000088100000, 0x0000000088100000, 0x0000000088200000|  0%| F|  |TAMS 0x0000000088100000, 0x0000000088100000| Untracked 
| 102|0x0000000088200000, 0x0000000088200000, 0x0000000088300000|  0%| F|  |TAMS 0x0000000088200000, 0x0000000088200000| Untracked 
| 103|0x0000000088300000, 0x0000000088300000, 0x0000000088400000|  0%| F|  |TAMS 0x0000000088300000, 0x0000000088300000| Untracked 
| 104|0x0000000088400000, 0x0000000088400000, 0x0000000088500000|  0%| F|  |TAMS 0x0000000088400000, 0x0000000088400000| Untracked 
| 105|0x0000000088500000, 0x0000000088500000, 0x0000000088600000|  0%| F|  |TAMS 0x0000000088500000, 0x0000000088500000| Untracked 
| 106|0x0000000088600000, 0x0000000088600000, 0x0000000088700000|  0%| F|  |TAMS 0x0000000088600000, 0x0000000088600000| Untracked 
| 107|0x0000000088700000, 0x0000000088700000, 0x0000000088800000|  0%| F|  |TAMS 0x0000000088700000, 0x0000000088700000| Untracked 
| 108|0x0000000088800000, 0x0000000088800000, 0x0000000088900000|  0%| F|  |TAMS 0x0000000088800000, 0x0000000088800000| Untracked 
| 109|0x0000000088900000, 0x0000000088900000, 0x0000000088a00000|  0%| F|  |TAMS 0x0000000088900000, 0x0000000088900000| Untracked 
| 110|0x0000000088a00000, 0x0000000088a00000, 0x0000000088b00000|  0%| F|  |TAMS 0x0000000088a00000, 0x0000000088a00000| Untracked 
| 111|0x0000000088b00000, 0x0000000088b00000, 0x0000000088c00000|  0%| F|  |TAMS 0x0000000088b00000, 0x0000000088b00000| Untracked 
| 112|0x0000000088c00000, 0x0000000088c00000, 0x0000000088d00000|  0%| F|  |TAMS 0x0000000088c00000, 0x0000000088c00000| Untracked 
| 113|0x0000000088d00000, 0x0000000088d00000, 0x0000000088e00000|  0%| F|  |TAMS 0x0000000088d00000, 0x0000000088d00000| Untracked 
| 114|0x0000000088e00000, 0x0000000088e00000, 0x0000000088f00000|  0%| F|  |TAMS 0x0000000088e00000, 0x0000000088e00000| Untracked 
| 115|0x0000000088f00000, 0x0000000088f00000, 0x0000000089000000|  0%| F|  |TAMS 0x0000000088f00000, 0x0000000088f00000| Untracked 
| 116|0x0000000089000000, 0x0000000089000000, 0x0000000089100000|  0%| F|  |TAMS 0x0000000089000000, 0x0000000089000000| Untracked 
| 117|0x0000000089100000, 0x0000000089100000, 0x0000000089200000|  0%| F|  |TAMS 0x0000000089100000, 0x0000000089100000| Untracked 
| 118|0x0000000089200000, 0x0000000089200000, 0x0000000089300000|  0%| F|  |TAMS 0x0000000089200000, 0x0000000089200000| Untracked 
| 119|0x0000000089300000, 0x0000000089300000, 0x0000000089400000|  0%| F|  |TAMS 0x0000000089300000, 0x0000000089300000| Untracked 
| 120|0x0000000089400000, 0x0000000089476450, 0x0000000089500000| 46%| E|  |TAMS 0x0000000089400000, 0x0000000089400000| Complete 
| 121|0x0000000089500000, 0x0000000089600000, 0x0000000089600000|100%| E|CS|TAMS 0x0000000089500000, 0x0000000089500000| Complete 
| 122|0x0000000089600000, 0x0000000089700000, 0x0000000089700000|100%| E|CS|TAMS 0x0000000089600000, 0x0000000089600000| Complete 
| 123|0x0000000089700000, 0x0000000089800000, 0x0000000089800000|100%| E|CS|TAMS 0x0000000089700000, 0x0000000089700000| Complete 
| 124|0x0000000089800000, 0x0000000089900000, 0x0000000089900000|100%| E|  |TAMS 0x0000000089800000, 0x0000000089800000| Complete 
| 125|0x0000000089900000, 0x0000000089a00000, 0x0000000089a00000|100%| E|CS|TAMS 0x0000000089900000, 0x0000000089900000| Complete 
| 126|0x0000000089a00000, 0x0000000089b00000, 0x0000000089b00000|100%| E|CS|TAMS 0x0000000089a00000, 0x0000000089a00000| Complete 
| 127|0x0000000089b00000, 0x0000000089c00000, 0x0000000089c00000|100%| E|CS|TAMS 0x0000000089b00000, 0x0000000089b00000| Complete 

Card table byte_map: [0x000002b52bb70000,0x000002b52bf70000] _byte_map_base: 0x000002b52b762000

Marking Bits (Prev, Next): (CMBitMap*) 0x000002b512dd2330, (CMBitMap*) 0x000002b512dd2370
 Prev Bits: [0x000002b52c370000, 0x000002b52e300000)
 Next Bits: [0x000002b52e300000, 0x000002b530290000)

Polling page: 0x000002b512e60000

Metaspace:

Usage:
  Non-class:      3.45 MB used.
      Class:    385.02 KB used.
       Both:      3.83 MB used.

Virtual space:
  Non-class space:        8.00 MB reserved,       3.50 MB ( 44%) committed,  1 nodes.
      Class space:        1.00 GB reserved,     448.00 KB ( <1%) committed,  1 nodes.
              Both:        1.01 GB reserved,       3.94 MB ( <1%) committed. 

Chunk freelists:
   Non-Class:  2.79 MB
       Class:  3.59 MB
        Both:  6.37 MB

MaxMetaspaceSize: 17179869184.00 GB
CompressedClassSpaceSize: 1.00 GB
 - commit_granule_bytes: 65536.
 - commit_granule_words: 8192.
 - virtual_space_node_default_size: 1048576.
 - enlarge_chunks_in_place: 1.
 - new_chunks_are_fully_committed: 0.
 - uncommit_free_chunks: 1.
 - use_allocation_guard: 0.
 - handle_deallocations: 1.


Internal statistics:

num_allocs_failed_limit: 0.
num_arena_births: 40.
num_arena_deaths: 0.
num_vsnodes_births: 2.
num_vsnodes_deaths: 0.
num_space_committed: 63.
num_space_uncommitted: 0.
num_chunks_returned_to_freelist: 0.
num_chunks_taken_from_freelist: 105.
num_chunk_merges: 0.
num_chunk_splits: 75.
num_chunks_enlarged: 59.
num_purges: 0.

CodeHeap 'non-profiled nmethods': size=120000Kb used=183Kb max_used=183Kb free=119816Kb
 bounds [0x000002b5237e0000, 0x000002b523a50000, 0x000002b52ad10000]
CodeHeap 'profiled nmethods': size=120000Kb used=860Kb max_used=860Kb free=119139Kb
 bounds [0x000002b51c2b0000, 0x000002b51c520000, 0x000002b5237e0000]
CodeHeap 'non-nmethods': size=5760Kb used=1155Kb max_used=1179Kb free=4605Kb
 bounds [0x000002b51bd10000, 0x000002b51bf80000, 0x000002b51c2b0000]
 total_blobs=1088 nmethods=646 adapters=355
 compilation: enabled
              stopped_count=0, restarted_count=0
 full_count=0

Compilation events (20 events):
Event: 6.315 Thread 0x000002b532d28440 nmethod 635 0x000002b51c384290 code [0x000002b51c3844c0, 0x000002b51c3848f8]
Event: 6.319 Thread 0x000002b532d275a0  638       4       java.lang.invoke.MethodType::parameterType (7 bytes)
Event: 6.319 Thread 0x000002b532d28440  639       3       java.lang.StringLatin1::indexOf (36 bytes)
Event: 6.320 Thread 0x000002b532d275a0 nmethod 638 0x000002b52380cf10 code [0x000002b52380d0a0, 0x000002b52380d158]
Event: 6.320 Thread 0x000002b532d28440 nmethod 639 0x000002b51c384b90 code [0x000002b51c384d60, 0x000002b51c385068]
Event: 6.320 Thread 0x000002b532d28440  640       3       java.util.Properties::getProperty (50 bytes)
Event: 6.320 Thread 0x000002b532d28440 nmethod 640 0x000002b51c385190 code [0x000002b51c385360, 0x000002b51c3857f8]
Event: 6.331 Thread 0x000002b533917720 nmethod 632 0x000002b52380d210 code [0x000002b52380d3a0, 0x000002b52380d8b8]
Event: 6.356 Thread 0x000002b532d28440  641       1       com.sun.org.apache.xerces.internal.utils.XMLSecurityManager$Limit::systemProperty (5 bytes)
Event: 6.356 Thread 0x000002b532d28440 nmethod 641 0x000002b52380db90 code [0x000002b52380dd20, 0x000002b52380ddf8]
Event: 6.356 Thread 0x000002b532d28440  642       3       java.util.ArrayList::indexOfRange (71 bytes)
Event: 6.356 Thread 0x000002b532d28440 nmethod 642 0x000002b51c385990 code [0x000002b51c385b80, 0x000002b51c386048]
Event: 6.358 Thread 0x000002b532d28440  643       3       java.util.ArrayList::indexOf (11 bytes)
Event: 6.358 Thread 0x000002b532d28440 nmethod 643 0x000002b51c386210 code [0x000002b51c3863c0, 0x000002b51c386508]
Event: 6.358 Thread 0x000002b532d28440  644       3       java.util.ArrayList::contains (14 bytes)
Event: 6.358 Thread 0x000002b532d28440 nmethod 644 0x000002b51c386590 code [0x000002b51c386740, 0x000002b51c386948]
Event: 6.358 Thread 0x000002b532d28440  645       3       com.sun.org.apache.xerces.internal.xni.QName::<init> (9 bytes)
Event: 6.358 Thread 0x000002b532d28440 nmethod 645 0x000002b51c386a10 code [0x000002b51c386bc0, 0x000002b51c386e58]
Event: 6.358 Thread 0x000002b532d28440  646       3       com.sun.org.apache.xerces.internal.xni.QName::clear (21 bytes)
Event: 6.359 Thread 0x000002b532d28440 nmethod 646 0x000002b51c386f10 code [0x000002b51c3870c0, 0x000002b51c387298]

GC Heap History (0 events):
No events

Deoptimization events (20 events):
Event: 4.159 Thread 0x000002b512bbbf60 DEOPT PACKING pc=0x000002b51c2c73c6 sp=0x000000e6e12fd7a0
Event: 4.159 Thread 0x000002b512bbbf60 DEOPT UNPACKING pc=0x000002b51bd5dece sp=0x000000e6e12fccc0 mode 0
Event: 4.159 Thread 0x000002b512bbbf60 DEOPT PACKING pc=0x000002b51c2c73c6 sp=0x000000e6e12fd7a0
Event: 4.159 Thread 0x000002b512bbbf60 DEOPT UNPACKING pc=0x000002b51bd5dece sp=0x000000e6e12fccc0 mode 0
Event: 4.159 Thread 0x000002b512bbbf60 DEOPT PACKING pc=0x000002b51c2c73c6 sp=0x000000e6e12fd7a0
Event: 4.159 Thread 0x000002b512bbbf60 DEOPT UNPACKING pc=0x000002b51bd5dece sp=0x000000e6e12fccc0 mode 0
Event: 4.159 Thread 0x000002b512bbbf60 DEOPT PACKING pc=0x000002b51c2c73c6 sp=0x000000e6e12fd7a0
Event: 4.159 Thread 0x000002b512bbbf60 DEOPT UNPACKING pc=0x000002b51bd5dece sp=0x000000e6e12fccc0 mode 0
Event: 4.160 Thread 0x000002b512bbbf60 DEOPT PACKING pc=0x000002b51c2c73c6 sp=0x000000e6e12fd7a0
Event: 4.160 Thread 0x000002b512bbbf60 DEOPT UNPACKING pc=0x000002b51bd5dece sp=0x000000e6e12fccc0 mode 0
Event: 4.160 Thread 0x000002b512bbbf60 DEOPT PACKING pc=0x000002b51c2c73c6 sp=0x000000e6e12fd7a0
Event: 4.160 Thread 0x000002b512bbbf60 DEOPT UNPACKING pc=0x000002b51bd5dece sp=0x000000e6e12fccc0 mode 0
Event: 4.160 Thread 0x000002b512bbbf60 DEOPT PACKING pc=0x000002b51c2c73c6 sp=0x000000e6e12fd7a0
Event: 4.160 Thread 0x000002b512bbbf60 DEOPT UNPACKING pc=0x000002b51bd5dece sp=0x000000e6e12fccc0 mode 0
Event: 4.160 Thread 0x000002b512bbbf60 DEOPT PACKING pc=0x000002b51c2c73c6 sp=0x000000e6e12fd7a0
Event: 4.160 Thread 0x000002b512bbbf60 DEOPT UNPACKING pc=0x000002b51bd5dece sp=0x000000e6e12fccc0 mode 0
Event: 4.161 Thread 0x000002b512bbbf60 DEOPT PACKING pc=0x000002b51c2c73c6 sp=0x000000e6e12fd7a0
Event: 4.161 Thread 0x000002b512bbbf60 DEOPT UNPACKING pc=0x000002b51bd5dece sp=0x000000e6e12fccc0 mode 0
Event: 6.319 Thread 0x000002b512bbbf60 DEOPT PACKING pc=0x000002b51c2d2467 sp=0x000000e6e12fe4b0
Event: 6.319 Thread 0x000002b512bbbf60 DEOPT UNPACKING pc=0x000002b51bd5dece sp=0x000000e6e12fd8d0 mode 0

Classes unloaded (0 events):
No events

Classes redefined (0 events):
No events

Internal exceptions (5 events):
Event: 4.238 Thread 0x000002b512bbbf60 Exception <a 'java/lang/NoClassDefFoundError'{0x0000000089ac78b8}: org/apache/log4j/Priority> (0x0000000089ac78b8) 
thrown [t:\workspace\open\src\hotspot\share\classfile\systemDictionary.cpp, line 245]
Event: 4.359 Thread 0x000002b512bbbf60 Exception <a 'java/lang/NoSuchMethodError'{0x000000008990a828}: 'void java.lang.invoke.DirectMethodHandle$Holder.invokeSpecial(java.lang.Object, java.lang.Object, java.lang.Object)'> (0x000000008990a828) 
thrown [t:\workspace\open\src\hotspot\share\interpreter\linkResolver.cpp, line 790]
Event: 6.204 Thread 0x000002b512bbbf60 Exception <a 'java/lang/ClassNotFoundException'{0x00000000895778e0}: sun/net/www/protocol/c/Handler> (0x00000000895778e0) 
thrown [t:\workspace\open\src\hotspot\share\classfile\systemDictionary.cpp, line 256]
Event: 6.218 Thread 0x000002b512bbbf60 Exception <a 'java/lang/ClassNotFoundException'{0x00000000895c5618}: sun/net/www/protocol/c/Handler> (0x00000000895c5618) 
thrown [t:\workspace\open\src\hotspot\share\classfile\systemDictionary.cpp, line 256]
Event: 6.314 Thread 0x000002b512bbbf60 Exception <a 'java/lang/NoSuchMethodError'{0x00000000894252b0}: 'java.lang.Object java.lang.invoke.DirectMethodHandle$Holder.invokeStatic(java.lang.Object)'> (0x00000000894252b0) 
thrown [t:\workspace\open\src\hotspot\share\interpreter\linkResolver.cpp, line 790]

Events (20 events):
Event: 6.355 loading class com/sun/org/apache/xerces/internal/parsers/AbstractSAXParser$AttributesProxy done
Event: 6.358 loading class com/sun/org/apache/xerces/internal/jaxp/DefaultValidationErrorHandler
Event: 6.359 loading class com/sun/org/apache/xerces/internal/jaxp/DefaultValidationErrorHandler done
Event: 6.359 loading class com/sun/org/apache/xerces/internal/util/ErrorHandlerWrapper
Event: 6.359 loading class com/sun/org/apache/xerces/internal/xni/parser/XMLErrorHandler
Event: 6.359 loading class com/sun/org/apache/xerces/internal/xni/parser/XMLErrorHandler done
Event: 6.359 loading class com/sun/org/apache/xerces/internal/util/ErrorHandlerWrapper done
Event: 6.360 loading class org/xml/sax/ext/EntityResolver2
Event: 6.360 loading class org/xml/sax/ext/EntityResolver2 done
Event: 6.360 loading class com/sun/org/apache/xerces/internal/util/EntityResolverWrapper
Event: 6.360 loading class com/sun/org/apache/xerces/internal/util/EntityResolverWrapper done
Event: 6.360 loading class com/sun/org/apache/xerces/internal/impl/ExternalSubsetResolver
Event: 6.360 loading class com/sun/org/apache/xerces/internal/impl/ExternalSubsetResolver done
Event: 6.360 loading class com/sun/org/apache/xerces/internal/xni/parser/XMLInputSource
Event: 6.360 loading class com/sun/org/apache/xerces/internal/xni/parser/XMLInputSource done
Event: 6.360 loading class com/sun/org/apache/xerces/internal/utils/XMLLimitAnalyzer
Event: 6.361 loading class com/sun/org/apache/xerces/internal/utils/XMLLimitAnalyzer done
Event: 6.361 loading class com/sun/org/apache/xerces/internal/util/URI
Event: 6.361 loading class com/sun/org/apache/xerces/internal/util/URI done
Event: 6.362 loading class sun/net/www/protocol/file/FileURLConnection


Dynamic libraries:
0x00007ff60d1c0000 - 0x00007ff60d1d0000 	C:\Program Files\Java\jdk-16.0.2\bin\java.exe
0x00007ff9637b0000 - 0x00007ff9639a5000 	C:\WINDOWS\SYSTEM32\ntdll.dll
0x00007ff9335d0000 - 0x00007ff9335e5000 	C:\Program Files\Avast Software\Avast\aswhook.dll
0x00007ff962200000 - 0x00007ff9622be000 	C:\WINDOWS\System32\KERNEL32.DLL
0x00007ff960f70000 - 0x00007ff961239000 	C:\WINDOWS\System32\KERNELBASE.dll
0x00007ff95e1c0000 - 0x00007ff95e250000 	C:\WINDOWS\SYSTEM32\apphelp.dll
0x00007ff961270000 - 0x00007ff961370000 	C:\WINDOWS\System32\ucrtbase.dll
0x00007ff9281a0000 - 0x00007ff9281b8000 	C:\Program Files\Java\jdk-16.0.2\bin\jli.dll
0x00007ff962150000 - 0x00007ff9621fc000 	C:\WINDOWS\System32\ADVAPI32.dll
0x00007ff962020000 - 0x00007ff9620be000 	C:\WINDOWS\System32\msvcrt.dll
0x00007ff963640000 - 0x00007ff9636db000 	C:\WINDOWS\System32\sechost.dll
0x00007ff963380000 - 0x00007ff9634aa000 	C:\WINDOWS\System32\RPCRT4.dll
0x00007ff928d50000 - 0x00007ff928d69000 	C:\Program Files\Java\jdk-16.0.2\bin\VCRUNTIME140.dll
0x00007ff9618a0000 - 0x00007ff961a41000 	C:\WINDOWS\System32\USER32.dll
0x00007ff961240000 - 0x00007ff961262000 	C:\WINDOWS\System32\win32u.dll
0x00007ff961870000 - 0x00007ff96189b000 	C:\WINDOWS\System32\GDI32.dll
0x00007ff961370000 - 0x00007ff96147b000 	C:\WINDOWS\System32\gdi32full.dll
0x00007ff960ed0000 - 0x00007ff960f6d000 	C:\WINDOWS\System32\msvcp_win.dll
0x00007ff942be0000 - 0x00007ff942e7a000 	C:\WINDOWS\WinSxS\amd64_microsoft.windows.common-controls_6595b64144ccf1df_6.0.19041.1110_none_60b5254171f9507e\COMCTL32.dll
0x00007ff95fcc0000 - 0x00007ff95fcca000 	C:\WINDOWS\SYSTEM32\VERSION.dll
0x00007ff962120000 - 0x00007ff962150000 	C:\WINDOWS\System32\IMM32.DLL
0x00007ff940fe0000 - 0x00007ff940fec000 	C:\Program Files\Java\jdk-16.0.2\bin\vcruntime140_1.dll
0x00007ff8e15a0000 - 0x00007ff8e1631000 	C:\Program Files\Java\jdk-16.0.2\bin\msvcp140.dll
0x00007ff8d6e10000 - 0x00007ff8d79bb000 	C:\Program Files\Java\jdk-16.0.2\bin\server\jvm.dll
0x00007ff961ee0000 - 0x00007ff961ee8000 	C:\WINDOWS\System32\PSAPI.DLL
0x00007ff946f80000 - 0x00007ff946f89000 	C:\WINDOWS\SYSTEM32\WSOCK32.dll
0x00007ff962470000 - 0x00007ff9624db000 	C:\WINDOWS\System32\WS2_32.dll
0x00007ff93f500000 - 0x00007ff93f527000 	C:\WINDOWS\SYSTEM32\WINMM.dll
0x00007ff95fc80000 - 0x00007ff95fc92000 	C:\WINDOWS\SYSTEM32\kernel.appcore.dll
0x00007ff93e8c0000 - 0x00007ff93e8ca000 	C:\Program Files\Java\jdk-16.0.2\bin\jimage.dll
0x00007ff95e9a0000 - 0x00007ff95eb84000 	C:\WINDOWS\SYSTEM32\DBGHELP.DLL
0x00007ff94a5d0000 - 0x00007ff94a5fc000 	C:\WINDOWS\SYSTEM32\dbgcore.DLL
0x00007ff961770000 - 0x00007ff9617f3000 	C:\WINDOWS\System32\bcryptPrimitives.dll
0x00007ff933800000 - 0x00007ff933825000 	C:\Program Files\Java\jdk-16.0.2\bin\java.dll
0x00007ff9627a0000 - 0x00007ff962edf000 	C:\WINDOWS\System32\SHELL32.dll
0x00007ff95f4f0000 - 0x00007ff95fc80000 	C:\WINDOWS\SYSTEM32\windows.storage.dll
0x00007ff961b80000 - 0x00007ff961ed5000 	C:\WINDOWS\System32\combase.dll
0x00007ff960850000 - 0x00007ff96087c000 	C:\WINDOWS\SYSTEM32\Wldp.dll
0x00007ff9624e0000 - 0x00007ff96258e000 	C:\WINDOWS\System32\SHCORE.dll
0x00007ff962590000 - 0x00007ff9625e5000 	C:\WINDOWS\System32\shlwapi.dll
0x00007ff960e10000 - 0x00007ff960e2f000 	C:\WINDOWS\SYSTEM32\profapi.dll
0x00007ff92e4c0000 - 0x00007ff92e4d9000 	C:\Program Files\Java\jdk-16.0.2\bin\net.dll
0x00007ff94c400000 - 0x00007ff94c508000 	C:\WINDOWS\SYSTEM32\WINHTTP.dll
0x00007ff9605b0000 - 0x00007ff96061a000 	C:\WINDOWS\system32\mswsock.dll
0x00007ff92e4a0000 - 0x00007ff92e4b3000 	C:\Program Files\Java\jdk-16.0.2\bin\nio.dll
0x00007ff92d6b0000 - 0x00007ff92d6c8000 	C:\Program Files\Java\jdk-16.0.2\bin\zip.dll
0x00007ff938b50000 - 0x00007ff938b60000 	C:\Program Files\Java\jdk-16.0.2\bin\verify.dll

dbghelp: loaded successfully - version: 4.0.5 - missing functions: none
symbol engine: initialized successfully - sym options: 0x614 - pdb path: .;C:\Program Files\Java\jdk-16.0.2\bin;C:\WINDOWS\SYSTEM32;C:\Program Files\Avast Software\Avast;C:\WINDOWS\WinSxS\amd64_microsoft.windows.common-controls_6595b64144ccf1df_6.0.19041.1110_none_60b5254171f9507e;C:\Program Files\Java\jdk-16.0.2\bin\server

VM Arguments:
java_command: C:/Users/Mia/.vscode/extensions/rianadon.vscode-java-checkstyle-0.2.0/checkstyle-8.35-all.jar -c C:/Users/Mia/.vscode/extensions/rianadon.vscode-java-checkstyle-0.2.0/UWG_checks.xml c:\Users\Mia\CS4985TheArtistsDream\code\TheArtistsDreamServer\src\test\java\edu\westga\devops\theartistsdreamserver\usermanager\TestAddUser.java
java_class_path (initial): C:/Users/Mia/.vscode/extensions/rianadon.vscode-java-checkstyle-0.2.0/checkstyle-8.35-all.jar
Launcher Type: SUN_STANDARD

[Global flags]
     intx CICompilerCount                          = 4                                         {product} {ergonomic}
     uint ConcGCThreads                            = 2                                         {product} {ergonomic}
     uint G1ConcRefinementThreads                  = 8                                         {product} {ergonomic}
   size_t G1HeapRegionSize                         = 1048576                                   {product} {ergonomic}
    uintx GCDrainStackTargetSize                   = 64                                        {product} {ergonomic}
   size_t InitialHeapSize                          = 134217728                                 {product} {ergonomic}
   size_t MarkStackSize                            = 4194304                                   {product} {ergonomic}
   size_t MaxHeapSize                              = 2118123520                                {product} {ergonomic}
   size_t MaxNewSize                               = 1270874112                                {product} {ergonomic}
   size_t MinHeapDeltaBytes                        = 1048576                                   {product} {ergonomic}
   size_t MinHeapSize                              = 8388608                                   {product} {ergonomic}
    uintx NonNMethodCodeHeapSize                   = 5839372                                {pd product} {ergonomic}
    uintx NonProfiledCodeHeapSize                  = 122909434                              {pd product} {ergonomic}
    uintx ProfiledCodeHeapSize                     = 122909434                              {pd product} {ergonomic}
    uintx ReservedCodeCacheSize                    = 251658240                              {pd product} {ergonomic}
     bool SegmentedCodeCache                       = true                                      {product} {ergonomic}
   size_t SoftMaxHeapSize                          = 2118123520                             {manageable} {ergonomic}
     bool UseCompressedClassPointers               = true                           {product lp64_product} {ergonomic}
     bool UseCompressedOops                        = true                           {product lp64_product} {ergonomic}
     bool UseG1GC                                  = true                                      {product} {ergonomic}
     bool UseLargePagesIndividualAllocation        = false                                  {pd product} {ergonomic}

Logging:
Log output configuration:
 #0: stdout all=warning uptime,level,tags
 #1: stderr all=off uptime,level,tags

Environment Variables:
JAVA_HOME=C:\Program Files\Java\jdk-16.0.2
PATH=C:\Program Files\Common Files\Oracle\Java\javapath;C:\Program Files\Java\jdk-16.0.2\bin;C:\Users\Mia\Downloads\jdk-14.0.2_windows-x64_bin (2).exe;C:\Program Files\dotnet\;C:\WINDOWS\system32;C:\WINDOWS;C:\WINDOWS\System32\Wbem;C:\WINDOWS\System32\WindowsPowerShell\v1.0\;C:\WINDOWS\System32\OpenSSH\;C:\Program Files (x86)\nodejs\;C:\Users\Mia\Downloads\apache-maven-3.8.2-bin\apache-maven-3.8.2\bin;C:\Program Files\Git\cmd;C:\Program Files\MySQL\MySQL Shell 8.0\bin\;C:\Users\Mia\AppData\Local\Programs\Python\Python39\Scripts;C:\Users\Mia\AppData\Local\Programs\Python\Python39;C:\Program Files\Java\jdk-14\bin;"C:\Users\Mia\AppData\Local\Microsoft\WindowsAppsC:\Windows\System32;";C:\Users\Mia\.dotnet\tools;C:\Users\Mia\AppData\Local\Microsoft\WindowsApps;C:\Users\Mia\AppData\Local\Programs\Microsoft VS Code\bin;C:\Users\Mia\AppData\Local\Programs\Azure Data Studio\bin;C:\Users\Mia\AppData\Roaming\npm;C:\Program Files\JetBrains\IntelliJ IDEA Community Edition 2021.2.2\bin
USERNAME=Mia
PROCESSOR_IDENTIFIER=Intel64 Family 6 Model 142 Stepping 12, GenuineIntel



---------------  S Y S T E M  ---------------

OS:
 Windows 10 , 64 bit Build 19041 (10.0.19041.1202)
OS uptime: 8 days 9:56 hours

CPU: total 8 (initial active 8) (4 cores per cpu, 2 threads per core) family 6 model 142 stepping 12 microcode 0xb8, cx8, cmov, fxsr, ht, mmx, 3dnowpref, sse, sse2, sse3, ssse3, sse4.1, sse4.2, popcnt, lzcnt, tsc, tscinvbit, avx, avx2, aes, erms, clmul, bmi1, bmi2, adx, fma, vzeroupper, clflush, clflushopt

Memory: 4k page, system-wide physical 8078M (743M free)
TotalPageFile size 32654M (AvailPageFile size 7M)
current process WorkingSet (physical memory assigned to process): 49M, peak: 49M
current process commit charge ("private bytes"): 216M, peak: 216M

vm_info: Java HotSpot(TM) 64-Bit Server VM (16.0.2+7-67) for windows-amd64 JRE (16.0.2+7-67), built on Jun  8 2021 23:24:19 by "mach5one" with MS VC++ 16.7 (VS2019)

END.
