#
# There is insufficient memory for the Java Runtime Environment to continue.
# Native memory allocation (mmap) failed to map 65536 bytes for Failed to commit metaspace.
# Possible reasons:
#   The system is out of physical RAM or swap space
#   The process is running with CompressedOops enabled, and the Java Heap may be blocking the growth of the native heap
# Possible solutions:
#   Reduce memory load on the system
#   Increase physical memory or swap space
#   Check if swap backing store is full
#   Decrease Java heap size (-Xmx/-Xms)
#   Decrease number of Java threads
#   Decrease Java thread stack sizes (-Xss)
#   Set larger code cache with -XX:ReservedCodeCacheSize=
#   JVM is running with Unscaled Compressed Oops mode in which the Java heap is
#     placed in the first 4GB address space. The Java Heap base address is the
#     maximum limit for the native heap growth. Please use -XX:HeapBaseMinAddress
#     to set the Java Heap base and to place the Java Heap above 4GB virtual address.
# This output file may be truncated or incomplete.
#
#  Out of Memory Error (virtualSpaceNode.cpp:108), pid=48712, tid=48496
#
# JRE version: Java(TM) SE Runtime Environment (16.0.2+7) (build 16.0.2+7-67)
# Java VM: Java HotSpot(TM) 64-Bit Server VM (16.0.2+7-67, mixed mode, sharing, tiered, compressed oops, compressed class ptrs, g1 gc, windows-amd64)
# No core dump will be written. Minidumps are not enabled by default on client versions of Windows
#

---------------  S U M M A R Y ------------

Command Line: C:/Users/Mia/.vscode/extensions/rianadon.vscode-java-checkstyle-0.2.0/checkstyle-8.35-all.jar -c C:/Users/Mia/.vscode/extensions/rianadon.vscode-java-checkstyle-0.2.0/UWG_checks.xml c:\Users\Mia\CS4985TheArtistsDream\code\TheArtistsDreamServer\src\test\java\edu\westga\devops\theartistsdreamserver\artworkmanager\TestGetArtwork.java

Host: Intel(R) Core(TM) i5-8265U CPU @ 1.60GHz, 8 cores, 7G,  Windows 10 , 64 bit Build 19041 (10.0.19041.1202)
Time: Thu Oct 14 20:52:58 2021 Eastern Daylight Time elapsed time: 6.507181 seconds (0d 0h 0m 6s)

---------------  T H R E A D  ---------------

Current thread (0x000002466c096a30):  JavaThread "main" [_thread_in_vm, id=48496, stack(0x0000008a91f00000,0x0000008a92000000)]

Stack: [0x0000008a91f00000,0x0000008a92000000]
Native frames: (J=compiled Java code, j=interpreted, Vv=VM code, C=native code)
V  [jvm.dll+0x6681ca]
V  [jvm.dll+0x7c9e69]
V  [jvm.dll+0x7cb61e]
V  [jvm.dll+0x7cbc73]
V  [jvm.dll+0x242c55]
V  [jvm.dll+0x7c64eb]
V  [jvm.dll+0x60ddd6]
V  [jvm.dll+0x1be6ce]
V  [jvm.dll+0x610531]
V  [jvm.dll+0x60e6d1]
V  [jvm.dll+0x238440]
V  [jvm.dll+0x1ea2df]
V  [jvm.dll+0x1df631]
V  [jvm.dll+0x535ff8]
V  [jvm.dll+0x742a71]
V  [jvm.dll+0x40703f]
V  [jvm.dll+0x40d362]
C  [java.dll+0x17c8]

Java frames: (J=compiled Java code, j=interpreted, Vv=VM code)
J 732  java.lang.ClassLoader.defineClass1(Ljava/lang/ClassLoader;Ljava/lang/String;[BIILjava/security/ProtectionDomain;Ljava/lang/String;)Ljava/lang/Class; java.base@16.0.2 (0 bytes) @ 0x0000024607b0278b [0x0000024607b026c0+0x00000000000000cb]
j  java.lang.ClassLoader.defineClass(Ljava/lang/String;[BIILjava/security/ProtectionDomain;)Ljava/lang/Class;+27 java.base@16.0.2
j  java.security.SecureClassLoader.defineClass(Ljava/lang/String;[BIILjava/security/CodeSource;)Ljava/lang/Class;+12 java.base@16.0.2
j  jdk.internal.loader.BuiltinClassLoader.defineClass(Ljava/lang/String;Ljdk/internal/loader/Resource;)Ljava/lang/Class;+117 java.base@16.0.2
J 694 c1 jdk.internal.loader.BuiltinClassLoader.findClassOnClassPathOrNull(Ljava/lang/String;)Ljava/lang/Class; java.base@16.0.2 (64 bytes) @ 0x000002460068eff4 [0x000002460068df60+0x0000000000001094]
J 264 c1 jdk.internal.loader.BuiltinClassLoader.loadClassOrNull(Ljava/lang/String;Z)Ljava/lang/Class; java.base@16.0.2 (143 bytes) @ 0x00000246005ec184 [0x00000246005eb240+0x0000000000000f44]
J 638 c1 jdk.internal.loader.ClassLoaders$AppClassLoader.loadClass(Ljava/lang/String;Z)Ljava/lang/Class; java.base@16.0.2 (40 bytes) @ 0x000002460067298c [0x0000024600672360+0x000000000000062c]
J 297 c1 java.lang.ClassLoader.loadClass(Ljava/lang/String;)Ljava/lang/Class; java.base@16.0.2 (7 bytes) @ 0x00000246005fd04c [0x00000246005fcf40+0x000000000000010c]
v  ~StubRoutines::call_stub
j  com.puppycrawl.tools.checkstyle.utils.TokenUtil.<clinit>()V+0
v  ~StubRoutines::call_stub
j  com.puppycrawl.tools.checkstyle.TreeWalker.registerCheck(ILcom/puppycrawl/tools/checkstyle/api/AbstractCheck;)V+2
j  com.puppycrawl.tools.checkstyle.TreeWalker.registerCheck(Lcom/puppycrawl/tools/checkstyle/api/AbstractCheck;)V+166
j  com.puppycrawl.tools.checkstyle.TreeWalker.setupChild(Lcom/puppycrawl/tools/checkstyle/api/Configuration;)V+114
j  com.puppycrawl.tools.checkstyle.api.AutomaticBean.configure(Lcom/puppycrawl/tools/checkstyle/api/Configuration;)V+98
j  com.puppycrawl.tools.checkstyle.Checker.setupChild(Lcom/puppycrawl/tools/checkstyle/api/Configuration;)V+43
j  com.puppycrawl.tools.checkstyle.api.AutomaticBean.configure(Lcom/puppycrawl/tools/checkstyle/api/Configuration;)V+98
j  com.puppycrawl.tools.checkstyle.Main.runCheckstyle(Lcom/puppycrawl/tools/checkstyle/Main$CliOptions;Ljava/util/List;)I+202
j  com.puppycrawl.tools.checkstyle.Main.runCli(Lcom/puppycrawl/tools/checkstyle/Main$CliOptions;Ljava/util/List;)I+373
j  com.puppycrawl.tools.checkstyle.Main.execute(Lpicocli/CommandLine$ParseResult;Lcom/puppycrawl/tools/checkstyle/Main$CliOptions;)I+62
j  com.puppycrawl.tools.checkstyle.Main.main([Ljava/lang/String;)V+84
v  ~StubRoutines::call_stub

---------------  P R O C E S S  ---------------

Threads class SMR info:
_java_thread_list=0x000002467bfb0060, length=12, elements={
0x000002466c096a30, 0x000002467b033dd0, 0x000002467b035c10, 0x000002467b0475b0,
0x000002467b049ed0, 0x000002467b04c080, 0x000002467b050720, 0x000002467b051bf0,
0x000002467b054e90, 0x000002467b0c36c0, 0x000002467bcc36a0, 0x000002467bcc9be0
}

Java Threads: ( => current thread )
=>0x000002466c096a30 JavaThread "main" [_thread_in_vm, id=48496, stack(0x0000008a91f00000,0x0000008a92000000)]
  0x000002467b033dd0 JavaThread "Reference Handler" daemon [_thread_blocked, id=47188, stack(0x0000008a92600000,0x0000008a92700000)]
  0x000002467b035c10 JavaThread "Finalizer" daemon [_thread_blocked, id=44592, stack(0x0000008a92700000,0x0000008a92800000)]
  0x000002467b0475b0 JavaThread "Signal Dispatcher" daemon [_thread_blocked, id=44992, stack(0x0000008a92800000,0x0000008a92900000)]
  0x000002467b049ed0 JavaThread "Attach Listener" daemon [_thread_blocked, id=50020, stack(0x0000008a92900000,0x0000008a92a00000)]
  0x000002467b04c080 JavaThread "Service Thread" daemon [_thread_blocked, id=10120, stack(0x0000008a92a00000,0x0000008a92b00000)]
  0x000002467b050720 JavaThread "Monitor Deflation Thread" daemon [_thread_blocked, id=49776, stack(0x0000008a92b00000,0x0000008a92c00000)]
  0x000002467b051bf0 JavaThread "C2 CompilerThread0" daemon [_thread_blocked, id=49516, stack(0x0000008a92c00000,0x0000008a92d00000)]
  0x000002467b054e90 JavaThread "C1 CompilerThread0" daemon [_thread_in_vm, id=12844, stack(0x0000008a92d00000,0x0000008a92e00000)]
  0x000002467b0c36c0 JavaThread "Sweeper thread" daemon [_thread_blocked, id=26584, stack(0x0000008a92e00000,0x0000008a92f00000)]
  0x000002467bcc36a0 JavaThread "Notification Thread" daemon [_thread_blocked, id=10828, stack(0x0000008a92f00000,0x0000008a93000000)]
  0x000002467bcc9be0 JavaThread "Common-Cleaner" daemon [_thread_blocked, id=48700, stack(0x0000008a93100000,0x0000008a93200000)]

Other Threads:
  0x000002467b02d500 VMThread "VM Thread" [stack: 0x0000008a92500000,0x0000008a92600000] [id=31420]
  0x000002467b014970 WatcherThread [stack: 0x0000008a93000000,0x0000008a93100000] [id=38668]
  0x000002466c0cfc00 GCTaskThread "GC Thread#0" [stack: 0x0000008a92000000,0x0000008a92100000] [id=20912]
  0x000002466c0e18d0 ConcurrentGCThread "G1 Main Marker" [stack: 0x0000008a92100000,0x0000008a92200000] [id=38052]
  0x000002466c0e2bb0 ConcurrentGCThread "G1 Conc#0" [stack: 0x0000008a92200000,0x0000008a92300000] [id=47168]
  0x000002466c15e7b0 ConcurrentGCThread "G1 Refine#0" [stack: 0x0000008a92300000,0x0000008a92400000] [id=44412]
  0x000002467aee0b60 ConcurrentGCThread "G1 Service" [stack: 0x0000008a92400000,0x0000008a92500000] [id=49820]

Threads with active compile tasks:
C1 CompilerThread0     6542  834       3       org.apache.commons.logging.LogFactory::getContextClassLoaderInternal (14 bytes)

VM state: not at safepoint (normal execution)

VM Mutex/Monitor currently owned by a thread:  ([mutex/lock_event])
[0x000002466c0904f0] MetaspaceExpand_lock - owner thread: 0x000002466c096a30
[0x000002466c0932d0] Threads_lock - owner thread: 0x000002467b054e90
[0x000002466c092040] CompileThread_lock - owner thread: 0x000002467b054e90

Heap address: 0x0000000081c00000, size: 2020 MB, Compressed Oops mode: 32-bit

CDS archive(s) mapped at: [0x0000000800000000-0x0000000800bb0000-0x0000000800bb0000), size 12255232, SharedBaseAddress: 0x0000000800000000, ArchiveRelocationMode: 0.
Compressed class space mapped at: 0x0000000800c00000-0x0000000840c00000, reserved size: 1073741824
Narrow klass base: 0x0000000800000000, Narrow klass shift: 3, Narrow klass range: 0x100000000

GC Precious Log:
 CPUs: 8 total, 8 available
 Memory: 8078M
 Large Page Support: Disabled
 NUMA Support: Disabled
 Compressed Oops: Enabled (32-bit)
 Heap Region Size: 1M
 Heap Min Capacity: 8M
 Heap Initial Capacity: 128M
 Heap Max Capacity: 2020M
 Pre-touch: Disabled
 Parallel Workers: 8
 Concurrent Workers: 2
 Concurrent Refinement Workers: 8
 Periodic GC: Disabled

Heap:
 garbage-first heap   total 131072K, used 12288K [0x0000000081c00000, 0x0000000100000000)
  region size 1024K, 12 young (12288K), 0 survivors (0K)
 Metaspace       used 5264K, committed 5440K, reserved 1056768K
  class space    used 537K, committed 640K, reserved 1048576K

Heap Regions: E=young(eden), S=young(survivor), O=old, HS=humongous(starts), HC=humongous(continues), CS=collection set, F=free, OA=open archive, CA=closed archive, TAMS=top-at-mark-start (previous, next)
|   0|0x0000000081c00000, 0x0000000081d00000, 0x0000000081d00000|100%|HS|  |TAMS 0x0000000081c00000, 0x0000000081c00000| Complete 
|   1|0x0000000081d00000, 0x0000000081e00000, 0x0000000081e00000|100%|HS|  |TAMS 0x0000000081d00000, 0x0000000081d00000| Complete 
|   2|0x0000000081e00000, 0x0000000081e00000, 0x0000000081f00000|  0%| F|  |TAMS 0x0000000081e00000, 0x0000000081e00000| Untracked 
|   3|0x0000000081f00000, 0x0000000081f00000, 0x0000000082000000|  0%| F|  |TAMS 0x0000000081f00000, 0x0000000081f00000| Untracked 
|   4|0x0000000082000000, 0x0000000082000000, 0x0000000082100000|  0%| F|  |TAMS 0x0000000082000000, 0x0000000082000000| Untracked 
|   5|0x0000000082100000, 0x0000000082100000, 0x0000000082200000|  0%| F|  |TAMS 0x0000000082100000, 0x0000000082100000| Untracked 
|   6|0x0000000082200000, 0x0000000082200000, 0x0000000082300000|  0%| F|  |TAMS 0x0000000082200000, 0x0000000082200000| Untracked 
|   7|0x0000000082300000, 0x0000000082300000, 0x0000000082400000|  0%| F|  |TAMS 0x0000000082300000, 0x0000000082300000| Untracked 
|   8|0x0000000082400000, 0x0000000082400000, 0x0000000082500000|  0%| F|  |TAMS 0x0000000082400000, 0x0000000082400000| Untracked 
|   9|0x0000000082500000, 0x0000000082500000, 0x0000000082600000|  0%| F|  |TAMS 0x0000000082500000, 0x0000000082500000| Untracked 
|  10|0x0000000082600000, 0x0000000082600000, 0x0000000082700000|  0%| F|  |TAMS 0x0000000082600000, 0x0000000082600000| Untracked 
|  11|0x0000000082700000, 0x0000000082700000, 0x0000000082800000|  0%| F|  |TAMS 0x0000000082700000, 0x0000000082700000| Untracked 
|  12|0x0000000082800000, 0x0000000082800000, 0x0000000082900000|  0%| F|  |TAMS 0x0000000082800000, 0x0000000082800000| Untracked 
|  13|0x0000000082900000, 0x0000000082900000, 0x0000000082a00000|  0%| F|  |TAMS 0x0000000082900000, 0x0000000082900000| Untracked 
|  14|0x0000000082a00000, 0x0000000082a00000, 0x0000000082b00000|  0%| F|  |TAMS 0x0000000082a00000, 0x0000000082a00000| Untracked 
|  15|0x0000000082b00000, 0x0000000082b00000, 0x0000000082c00000|  0%| F|  |TAMS 0x0000000082b00000, 0x0000000082b00000| Untracked 
|  16|0x0000000082c00000, 0x0000000082c00000, 0x0000000082d00000|  0%| F|  |TAMS 0x0000000082c00000, 0x0000000082c00000| Untracked 
|  17|0x0000000082d00000, 0x0000000082d00000, 0x0000000082e00000|  0%| F|  |TAMS 0x0000000082d00000, 0x0000000082d00000| Untracked 
|  18|0x0000000082e00000, 0x0000000082e00000, 0x0000000082f00000|  0%| F|  |TAMS 0x0000000082e00000, 0x0000000082e00000| Untracked 
|  19|0x0000000082f00000, 0x0000000082f00000, 0x0000000083000000|  0%| F|  |TAMS 0x0000000082f00000, 0x0000000082f00000| Untracked 
|  20|0x0000000083000000, 0x0000000083000000, 0x0000000083100000|  0%| F|  |TAMS 0x0000000083000000, 0x0000000083000000| Untracked 
|  21|0x0000000083100000, 0x0000000083100000, 0x0000000083200000|  0%| F|  |TAMS 0x0000000083100000, 0x0000000083100000| Untracked 
|  22|0x0000000083200000, 0x0000000083200000, 0x0000000083300000|  0%| F|  |TAMS 0x0000000083200000, 0x0000000083200000| Untracked 
|  23|0x0000000083300000, 0x0000000083300000, 0x0000000083400000|  0%| F|  |TAMS 0x0000000083300000, 0x0000000083300000| Untracked 
|  24|0x0000000083400000, 0x0000000083400000, 0x0000000083500000|  0%| F|  |TAMS 0x0000000083400000, 0x0000000083400000| Untracked 
|  25|0x0000000083500000, 0x0000000083500000, 0x0000000083600000|  0%| F|  |TAMS 0x0000000083500000, 0x0000000083500000| Untracked 
|  26|0x0000000083600000, 0x0000000083600000, 0x0000000083700000|  0%| F|  |TAMS 0x0000000083600000, 0x0000000083600000| Untracked 
|  27|0x0000000083700000, 0x0000000083700000, 0x0000000083800000|  0%| F|  |TAMS 0x0000000083700000, 0x0000000083700000| Untracked 
|  28|0x0000000083800000, 0x0000000083800000, 0x0000000083900000|  0%| F|  |TAMS 0x0000000083800000, 0x0000000083800000| Untracked 
|  29|0x0000000083900000, 0x0000000083900000, 0x0000000083a00000|  0%| F|  |TAMS 0x0000000083900000, 0x0000000083900000| Untracked 
|  30|0x0000000083a00000, 0x0000000083a00000, 0x0000000083b00000|  0%| F|  |TAMS 0x0000000083a00000, 0x0000000083a00000| Untracked 
|  31|0x0000000083b00000, 0x0000000083b00000, 0x0000000083c00000|  0%| F|  |TAMS 0x0000000083b00000, 0x0000000083b00000| Untracked 
|  32|0x0000000083c00000, 0x0000000083c00000, 0x0000000083d00000|  0%| F|  |TAMS 0x0000000083c00000, 0x0000000083c00000| Untracked 
|  33|0x0000000083d00000, 0x0000000083d00000, 0x0000000083e00000|  0%| F|  |TAMS 0x0000000083d00000, 0x0000000083d00000| Untracked 
|  34|0x0000000083e00000, 0x0000000083e00000, 0x0000000083f00000|  0%| F|  |TAMS 0x0000000083e00000, 0x0000000083e00000| Untracked 
|  35|0x0000000083f00000, 0x0000000083f00000, 0x0000000084000000|  0%| F|  |TAMS 0x0000000083f00000, 0x0000000083f00000| Untracked 
|  36|0x0000000084000000, 0x0000000084000000, 0x0000000084100000|  0%| F|  |TAMS 0x0000000084000000, 0x0000000084000000| Untracked 
|  37|0x0000000084100000, 0x0000000084100000, 0x0000000084200000|  0%| F|  |TAMS 0x0000000084100000, 0x0000000084100000| Untracked 
|  38|0x0000000084200000, 0x0000000084200000, 0x0000000084300000|  0%| F|  |TAMS 0x0000000084200000, 0x0000000084200000| Untracked 
|  39|0x0000000084300000, 0x0000000084300000, 0x0000000084400000|  0%| F|  |TAMS 0x0000000084300000, 0x0000000084300000| Untracked 
|  40|0x0000000084400000, 0x0000000084400000, 0x0000000084500000|  0%| F|  |TAMS 0x0000000084400000, 0x0000000084400000| Untracked 
|  41|0x0000000084500000, 0x0000000084500000, 0x0000000084600000|  0%| F|  |TAMS 0x0000000084500000, 0x0000000084500000| Untracked 
|  42|0x0000000084600000, 0x0000000084600000, 0x0000000084700000|  0%| F|  |TAMS 0x0000000084600000, 0x0000000084600000| Untracked 
|  43|0x0000000084700000, 0x0000000084700000, 0x0000000084800000|  0%| F|  |TAMS 0x0000000084700000, 0x0000000084700000| Untracked 
|  44|0x0000000084800000, 0x0000000084800000, 0x0000000084900000|  0%| F|  |TAMS 0x0000000084800000, 0x0000000084800000| Untracked 
|  45|0x0000000084900000, 0x0000000084900000, 0x0000000084a00000|  0%| F|  |TAMS 0x0000000084900000, 0x0000000084900000| Untracked 
|  46|0x0000000084a00000, 0x0000000084a00000, 0x0000000084b00000|  0%| F|  |TAMS 0x0000000084a00000, 0x0000000084a00000| Untracked 
|  47|0x0000000084b00000, 0x0000000084b00000, 0x0000000084c00000|  0%| F|  |TAMS 0x0000000084b00000, 0x0000000084b00000| Untracked 
|  48|0x0000000084c00000, 0x0000000084c00000, 0x0000000084d00000|  0%| F|  |TAMS 0x0000000084c00000, 0x0000000084c00000| Untracked 
|  49|0x0000000084d00000, 0x0000000084d00000, 0x0000000084e00000|  0%| F|  |TAMS 0x0000000084d00000, 0x0000000084d00000| Untracked 
|  50|0x0000000084e00000, 0x0000000084e00000, 0x0000000084f00000|  0%| F|  |TAMS 0x0000000084e00000, 0x0000000084e00000| Untracked 
|  51|0x0000000084f00000, 0x0000000084f00000, 0x0000000085000000|  0%| F|  |TAMS 0x0000000084f00000, 0x0000000084f00000| Untracked 
|  52|0x0000000085000000, 0x0000000085000000, 0x0000000085100000|  0%| F|  |TAMS 0x0000000085000000, 0x0000000085000000| Untracked 
|  53|0x0000000085100000, 0x0000000085100000, 0x0000000085200000|  0%| F|  |TAMS 0x0000000085100000, 0x0000000085100000| Untracked 
|  54|0x0000000085200000, 0x0000000085200000, 0x0000000085300000|  0%| F|  |TAMS 0x0000000085200000, 0x0000000085200000| Untracked 
|  55|0x0000000085300000, 0x0000000085300000, 0x0000000085400000|  0%| F|  |TAMS 0x0000000085300000, 0x0000000085300000| Untracked 
|  56|0x0000000085400000, 0x0000000085400000, 0x0000000085500000|  0%| F|  |TAMS 0x0000000085400000, 0x0000000085400000| Untracked 
|  57|0x0000000085500000, 0x0000000085500000, 0x0000000085600000|  0%| F|  |TAMS 0x0000000085500000, 0x0000000085500000| Untracked 
|  58|0x0000000085600000, 0x0000000085600000, 0x0000000085700000|  0%| F|  |TAMS 0x0000000085600000, 0x0000000085600000| Untracked 
|  59|0x0000000085700000, 0x0000000085700000, 0x0000000085800000|  0%| F|  |TAMS 0x0000000085700000, 0x0000000085700000| Untracked 
|  60|0x0000000085800000, 0x0000000085800000, 0x0000000085900000|  0%| F|  |TAMS 0x0000000085800000, 0x0000000085800000| Untracked 
|  61|0x0000000085900000, 0x0000000085900000, 0x0000000085a00000|  0%| F|  |TAMS 0x0000000085900000, 0x0000000085900000| Untracked 
|  62|0x0000000085a00000, 0x0000000085a00000, 0x0000000085b00000|  0%| F|  |TAMS 0x0000000085a00000, 0x0000000085a00000| Untracked 
|  63|0x0000000085b00000, 0x0000000085b00000, 0x0000000085c00000|  0%| F|  |TAMS 0x0000000085b00000, 0x0000000085b00000| Untracked 
|  64|0x0000000085c00000, 0x0000000085c00000, 0x0000000085d00000|  0%| F|  |TAMS 0x0000000085c00000, 0x0000000085c00000| Untracked 
|  65|0x0000000085d00000, 0x0000000085d00000, 0x0000000085e00000|  0%| F|  |TAMS 0x0000000085d00000, 0x0000000085d00000| Untracked 
|  66|0x0000000085e00000, 0x0000000085e00000, 0x0000000085f00000|  0%| F|  |TAMS 0x0000000085e00000, 0x0000000085e00000| Untracked 
|  67|0x0000000085f00000, 0x0000000085f00000, 0x0000000086000000|  0%| F|  |TAMS 0x0000000085f00000, 0x0000000085f00000| Untracked 
|  68|0x0000000086000000, 0x0000000086000000, 0x0000000086100000|  0%| F|  |TAMS 0x0000000086000000, 0x0000000086000000| Untracked 
|  69|0x0000000086100000, 0x0000000086100000, 0x0000000086200000|  0%| F|  |TAMS 0x0000000086100000, 0x0000000086100000| Untracked 
|  70|0x0000000086200000, 0x0000000086200000, 0x0000000086300000|  0%| F|  |TAMS 0x0000000086200000, 0x0000000086200000| Untracked 
|  71|0x0000000086300000, 0x0000000086300000, 0x0000000086400000|  0%| F|  |TAMS 0x0000000086300000, 0x0000000086300000| Untracked 
|  72|0x0000000086400000, 0x0000000086400000, 0x0000000086500000|  0%| F|  |TAMS 0x0000000086400000, 0x0000000086400000| Untracked 
|  73|0x0000000086500000, 0x0000000086500000, 0x0000000086600000|  0%| F|  |TAMS 0x0000000086500000, 0x0000000086500000| Untracked 
|  74|0x0000000086600000, 0x0000000086600000, 0x0000000086700000|  0%| F|  |TAMS 0x0000000086600000, 0x0000000086600000| Untracked 
|  75|0x0000000086700000, 0x0000000086700000, 0x0000000086800000|  0%| F|  |TAMS 0x0000000086700000, 0x0000000086700000| Untracked 
|  76|0x0000000086800000, 0x0000000086800000, 0x0000000086900000|  0%| F|  |TAMS 0x0000000086800000, 0x0000000086800000| Untracked 
|  77|0x0000000086900000, 0x0000000086900000, 0x0000000086a00000|  0%| F|  |TAMS 0x0000000086900000, 0x0000000086900000| Untracked 
|  78|0x0000000086a00000, 0x0000000086a00000, 0x0000000086b00000|  0%| F|  |TAMS 0x0000000086a00000, 0x0000000086a00000| Untracked 
|  79|0x0000000086b00000, 0x0000000086b00000, 0x0000000086c00000|  0%| F|  |TAMS 0x0000000086b00000, 0x0000000086b00000| Untracked 
|  80|0x0000000086c00000, 0x0000000086c00000, 0x0000000086d00000|  0%| F|  |TAMS 0x0000000086c00000, 0x0000000086c00000| Untracked 
|  81|0x0000000086d00000, 0x0000000086d00000, 0x0000000086e00000|  0%| F|  |TAMS 0x0000000086d00000, 0x0000000086d00000| Untracked 
|  82|0x0000000086e00000, 0x0000000086e00000, 0x0000000086f00000|  0%| F|  |TAMS 0x0000000086e00000, 0x0000000086e00000| Untracked 
|  83|0x0000000086f00000, 0x0000000086f00000, 0x0000000087000000|  0%| F|  |TAMS 0x0000000086f00000, 0x0000000086f00000| Untracked 
|  84|0x0000000087000000, 0x0000000087000000, 0x0000000087100000|  0%| F|  |TAMS 0x0000000087000000, 0x0000000087000000| Untracked 
|  85|0x0000000087100000, 0x0000000087100000, 0x0000000087200000|  0%| F|  |TAMS 0x0000000087100000, 0x0000000087100000| Untracked 
|  86|0x0000000087200000, 0x0000000087200000, 0x0000000087300000|  0%| F|  |TAMS 0x0000000087200000, 0x0000000087200000| Untracked 
|  87|0x0000000087300000, 0x0000000087300000, 0x0000000087400000|  0%| F|  |TAMS 0x0000000087300000, 0x0000000087300000| Untracked 
|  88|0x0000000087400000, 0x0000000087400000, 0x0000000087500000|  0%| F|  |TAMS 0x0000000087400000, 0x0000000087400000| Untracked 
|  89|0x0000000087500000, 0x0000000087500000, 0x0000000087600000|  0%| F|  |TAMS 0x0000000087500000, 0x0000000087500000| Untracked 
|  90|0x0000000087600000, 0x0000000087600000, 0x0000000087700000|  0%| F|  |TAMS 0x0000000087600000, 0x0000000087600000| Untracked 
|  91|0x0000000087700000, 0x0000000087700000, 0x0000000087800000|  0%| F|  |TAMS 0x0000000087700000, 0x0000000087700000| Untracked 
|  92|0x0000000087800000, 0x0000000087800000, 0x0000000087900000|  0%| F|  |TAMS 0x0000000087800000, 0x0000000087800000| Untracked 
|  93|0x0000000087900000, 0x0000000087900000, 0x0000000087a00000|  0%| F|  |TAMS 0x0000000087900000, 0x0000000087900000| Untracked 
|  94|0x0000000087a00000, 0x0000000087a00000, 0x0000000087b00000|  0%| F|  |TAMS 0x0000000087a00000, 0x0000000087a00000| Untracked 
|  95|0x0000000087b00000, 0x0000000087b00000, 0x0000000087c00000|  0%| F|  |TAMS 0x0000000087b00000, 0x0000000087b00000| Untracked 
|  96|0x0000000087c00000, 0x0000000087c00000, 0x0000000087d00000|  0%| F|  |TAMS 0x0000000087c00000, 0x0000000087c00000| Untracked 
|  97|0x0000000087d00000, 0x0000000087d00000, 0x0000000087e00000|  0%| F|  |TAMS 0x0000000087d00000, 0x0000000087d00000| Untracked 
|  98|0x0000000087e00000, 0x0000000087e00000, 0x0000000087f00000|  0%| F|  |TAMS 0x0000000087e00000, 0x0000000087e00000| Untracked 
|  99|0x0000000087f00000, 0x0000000087f00000, 0x0000000088000000|  0%| F|  |TAMS 0x0000000087f00000, 0x0000000087f00000| Untracked 
| 100|0x0000000088000000, 0x0000000088000000, 0x0000000088100000|  0%| F|  |TAMS 0x0000000088000000, 0x0000000088000000| Untracked 
| 101|0x0000000088100000, 0x0000000088100000, 0x0000000088200000|  0%| F|  |TAMS 0x0000000088100000, 0x0000000088100000| Untracked 
| 102|0x0000000088200000, 0x0000000088200000, 0x0000000088300000|  0%| F|  |TAMS 0x0000000088200000, 0x0000000088200000| Untracked 
| 103|0x0000000088300000, 0x0000000088300000, 0x0000000088400000|  0%| F|  |TAMS 0x0000000088300000, 0x0000000088300000| Untracked 
| 104|0x0000000088400000, 0x0000000088400000, 0x0000000088500000|  0%| F|  |TAMS 0x0000000088400000, 0x0000000088400000| Untracked 
| 105|0x0000000088500000, 0x0000000088500000, 0x0000000088600000|  0%| F|  |TAMS 0x0000000088500000, 0x0000000088500000| Untracked 
| 106|0x0000000088600000, 0x0000000088600000, 0x0000000088700000|  0%| F|  |TAMS 0x0000000088600000, 0x0000000088600000| Untracked 
| 107|0x0000000088700000, 0x0000000088700000, 0x0000000088800000|  0%| F|  |TAMS 0x0000000088700000, 0x0000000088700000| Untracked 
| 108|0x0000000088800000, 0x0000000088800000, 0x0000000088900000|  0%| F|  |TAMS 0x0000000088800000, 0x0000000088800000| Untracked 
| 109|0x0000000088900000, 0x0000000088900000, 0x0000000088a00000|  0%| F|  |TAMS 0x0000000088900000, 0x0000000088900000| Untracked 
| 110|0x0000000088a00000, 0x0000000088a00000, 0x0000000088b00000|  0%| F|  |TAMS 0x0000000088a00000, 0x0000000088a00000| Untracked 
| 111|0x0000000088b00000, 0x0000000088b00000, 0x0000000088c00000|  0%| F|  |TAMS 0x0000000088b00000, 0x0000000088b00000| Untracked 
| 112|0x0000000088c00000, 0x0000000088c00000, 0x0000000088d00000|  0%| F|  |TAMS 0x0000000088c00000, 0x0000000088c00000| Untracked 
| 113|0x0000000088d00000, 0x0000000088d00000, 0x0000000088e00000|  0%| F|  |TAMS 0x0000000088d00000, 0x0000000088d00000| Untracked 
| 114|0x0000000088e00000, 0x0000000088e00000, 0x0000000088f00000|  0%| F|  |TAMS 0x0000000088e00000, 0x0000000088e00000| Untracked 
| 115|0x0000000088f00000, 0x0000000088f00000, 0x0000000089000000|  0%| F|  |TAMS 0x0000000088f00000, 0x0000000088f00000| Untracked 
| 116|0x0000000089000000, 0x0000000089076480, 0x0000000089100000| 46%| E|  |TAMS 0x0000000089000000, 0x0000000089000000| Complete 
| 117|0x0000000089100000, 0x0000000089200000, 0x0000000089200000|100%| E|CS|TAMS 0x0000000089100000, 0x0000000089100000| Complete 
| 118|0x0000000089200000, 0x0000000089300000, 0x0000000089300000|100%| E|CS|TAMS 0x0000000089200000, 0x0000000089200000| Complete 
| 119|0x0000000089300000, 0x0000000089400000, 0x0000000089400000|100%| E|CS|TAMS 0x0000000089300000, 0x0000000089300000| Complete 
| 120|0x0000000089400000, 0x0000000089500000, 0x0000000089500000|100%| E|CS|TAMS 0x0000000089400000, 0x0000000089400000| Complete 
| 121|0x0000000089500000, 0x0000000089600000, 0x0000000089600000|100%| E|CS|TAMS 0x0000000089500000, 0x0000000089500000| Complete 
| 122|0x0000000089600000, 0x0000000089700000, 0x0000000089700000|100%| E|CS|TAMS 0x0000000089600000, 0x0000000089600000| Complete 
| 123|0x0000000089700000, 0x0000000089800000, 0x0000000089800000|100%| E|CS|TAMS 0x0000000089700000, 0x0000000089700000| Complete 
| 124|0x0000000089800000, 0x0000000089900000, 0x0000000089900000|100%| E|  |TAMS 0x0000000089800000, 0x0000000089800000| Complete 
| 125|0x0000000089900000, 0x0000000089a00000, 0x0000000089a00000|100%| E|CS|TAMS 0x0000000089900000, 0x0000000089900000| Complete 
| 126|0x0000000089a00000, 0x0000000089b00000, 0x0000000089b00000|100%| E|CS|TAMS 0x0000000089a00000, 0x0000000089a00000| Complete 
| 127|0x0000000089b00000, 0x0000000089c00000, 0x0000000089c00000|100%| E|CS|TAMS 0x0000000089b00000, 0x0000000089b00000| Complete 

Card table byte_map: [0x0000024673f30000,0x0000024674330000] _byte_map_base: 0x0000024673b22000

Marking Bits (Prev, Next): (CMBitMap*) 0x000002466c0d1280, (CMBitMap*) 0x000002466c0d12c0
 Prev Bits: [0x0000024674730000, 0x00000246766c0000)
 Next Bits: [0x00000246766c0000, 0x0000024678650000)

Polling page: 0x000002466a000000

Metaspace:

Usage:
  Non-class:      4.62 MB used.
      Class:    537.14 KB used.
       Both:      5.14 MB used.

Virtual space:
  Non-class space:        8.00 MB reserved,       4.69 MB ( 59%) committed,  1 nodes.
      Class space:        1.00 GB reserved,     640.00 KB ( <1%) committed,  1 nodes.
              Both:        1.01 GB reserved,       5.31 MB ( <1%) committed. 

Chunk freelists:
   Non-Class:  2.30 MB
       Class:  3.20 MB
        Both:  5.50 MB

MaxMetaspaceSize: 17179869184.00 GB
CompressedClassSpaceSize: 1.00 GB
 - commit_granule_bytes: 65536.
 - commit_granule_words: 8192.
 - virtual_space_node_default_size: 1048576.
 - enlarge_chunks_in_place: 1.
 - new_chunks_are_fully_committed: 0.
 - uncommit_free_chunks: 1.
 - use_allocation_guard: 0.
 - handle_deallocations: 1.


Internal statistics:

num_allocs_failed_limit: 0.
num_arena_births: 44.
num_arena_deaths: 0.
num_vsnodes_births: 2.
num_vsnodes_deaths: 0.
num_space_committed: 85.
num_space_uncommitted: 0.
num_chunks_returned_to_freelist: 0.
num_chunks_taken_from_freelist: 142.
num_chunk_merges: 0.
num_chunk_splits: 97.
num_chunks_enlarged: 72.
num_purges: 0.

CodeHeap 'non-profiled nmethods': size=120000Kb used=230Kb max_used=230Kb free=119769Kb
 bounds [0x0000024607ad0000, 0x0000024607d40000, 0x000002460f000000]
CodeHeap 'profiled nmethods': size=120000Kb used=1226Kb max_used=1226Kb free=118773Kb
 bounds [0x00000246005a0000, 0x0000024600810000, 0x0000024607ad0000]
CodeHeap 'non-nmethods': size=5760Kb used=1169Kb max_used=1188Kb free=4590Kb
 bounds [0x0000024600000000, 0x0000024600270000, 0x00000246005a0000]
 total_blobs=1300 nmethods=840 adapters=373
 compilation: enabled
              stopped_count=0, restarted_count=0
 full_count=0

Compilation events (20 events):
Event: 6.388 Thread 0x000002467b054e90 nmethod 830 0x00000246006d0810 code [0x00000246006d09c0, 0x00000246006d0c88]
Event: 6.388 Thread 0x000002467b054e90  831       1       org.apache.commons.beanutils.converters.ArrayConverter::getDefaultType (5 bytes)
Event: 6.389 Thread 0x000002467b054e90 nmethod 831 0x0000024607b06290 code [0x0000024607b06420, 0x0000024607b064f8]
Event: 6.389 Thread 0x000002467b054e90  833   !   3       org.apache.commons.logging.LogFactory::directGetContextClassLoader (15 bytes)
Event: 6.389 Thread 0x000002467b051bf0 nmethod 823 0x0000024607b06590 code [0x0000024607b06720, 0x0000024607b06bb8]
Event: 6.389 Thread 0x000002467b051bf0  832       4       java.util.WeakHashMap::put (160 bytes)
Event: 6.390 Thread 0x000002467b054e90 nmethod 833 0x00000246006d0d90 code [0x00000246006d0fe0, 0x00000246006d1b38]
Event: 6.390 Thread 0x000002467b054e90  834       3       org.apache.commons.logging.LogFactory::getContextClassLoaderInternal (14 bytes)
Event: 6.390 Thread 0x000002467b054e90 nmethod 834 0x00000246006d1f90 code [0x00000246006d21a0, 0x00000246006d2858]
Event: 6.410 Thread 0x000002467b051bf0 nmethod 832 0x0000024607b07310 code [0x0000024607b074c0, 0x0000024607b07f68]
Event: 6.410 Thread 0x000002467b051bf0  822       4       java.util.WeakHashMap::hash (28 bytes)
Event: 6.411 Thread 0x000002467b051bf0 nmethod 822 0x0000024607b08310 code [0x0000024607b084a0, 0x0000024607b085b8]
Event: 6.411 Thread 0x000002467b051bf0  836       4       java.util.WeakHashMap$EntryIterator::next (5 bytes)
Event: 6.417 Thread 0x000002467b051bf0 nmethod 836 0x0000024607b08690 code [0x0000024607b08820, 0x0000024607b08c18]
Event: 6.417 Thread 0x000002467b051bf0  837       4       java.util.WeakHashMap$HashIterator::nextEntry (81 bytes)
Event: 6.422 Thread 0x000002467b051bf0 nmethod 837 0x0000024607b08d10 code [0x0000024607b08ea0, 0x0000024607b09298]
Event: 6.422 Thread 0x000002467b051bf0  838       4       java.util.WeakHashMap$Entry::getKey (8 bytes)
Event: 6.423 Thread 0x000002467b051bf0 nmethod 838 0x0000024607b09390 code [0x0000024607b09520, 0x0000024607b095f8]
Event: 6.468 Thread 0x000002467b051bf0  852       4       java.util.WeakHashMap::indexFor (6 bytes)
Event: 6.469 Thread 0x000002467b051bf0 nmethod 852 0x0000024607b09690 code [0x0000024607b09800, 0x0000024607b09858]

GC Heap History (0 events):
No events

Deoptimization events (20 events):
Event: 4.114 Thread 0x000002466c096a30 DEOPT PACKING pc=0x00000246005b5c94 sp=0x0000008a91ffd7f0
Event: 4.114 Thread 0x000002466c096a30 DEOPT UNPACKING pc=0x000002460004dece sp=0x0000008a91ffcca0 mode 0
Event: 4.114 Thread 0x000002466c096a30 DEOPT PACKING pc=0x00000246005b5c94 sp=0x0000008a91ffd7f0
Event: 4.114 Thread 0x000002466c096a30 DEOPT UNPACKING pc=0x000002460004dece sp=0x0000008a91ffcca0 mode 0
Event: 4.114 Thread 0x000002466c096a30 DEOPT PACKING pc=0x00000246005b5c94 sp=0x0000008a91ffd7f0
Event: 4.115 Thread 0x000002466c096a30 DEOPT UNPACKING pc=0x000002460004dece sp=0x0000008a91ffcca0 mode 0
Event: 4.115 Thread 0x000002466c096a30 DEOPT PACKING pc=0x00000246005b5c94 sp=0x0000008a91ffd7f0
Event: 4.115 Thread 0x000002466c096a30 DEOPT UNPACKING pc=0x000002460004dece sp=0x0000008a91ffcca0 mode 0
Event: 4.115 Thread 0x000002466c096a30 DEOPT PACKING pc=0x00000246005b5c94 sp=0x0000008a91ffd7f0
Event: 4.115 Thread 0x000002466c096a30 DEOPT UNPACKING pc=0x000002460004dece sp=0x0000008a91ffcca0 mode 0
Event: 4.115 Thread 0x000002466c096a30 DEOPT PACKING pc=0x00000246005b5c94 sp=0x0000008a91ffd7f0
Event: 4.115 Thread 0x000002466c096a30 DEOPT UNPACKING pc=0x000002460004dece sp=0x0000008a91ffcca0 mode 0
Event: 4.115 Thread 0x000002466c096a30 DEOPT PACKING pc=0x00000246005b5c94 sp=0x0000008a91ffd7f0
Event: 4.115 Thread 0x000002466c096a30 DEOPT UNPACKING pc=0x000002460004dece sp=0x0000008a91ffcca0 mode 0
Event: 5.854 Thread 0x000002466c096a30 DEOPT PACKING pc=0x00000246005bf267 sp=0x0000008a91ffd750
Event: 5.854 Thread 0x000002466c096a30 DEOPT UNPACKING pc=0x000002460004dece sp=0x0000008a91ffcb70 mode 0
Event: 6.017 Thread 0x000002466c096a30 DEOPT PACKING pc=0x00000246005be52d sp=0x0000008a91ffd6f0
Event: 6.017 Thread 0x000002466c096a30 DEOPT UNPACKING pc=0x000002460004dece sp=0x0000008a91ffcb88 mode 0
Event: 6.073 Thread 0x000002466c096a30 DEOPT PACKING pc=0x00000246005b4551 sp=0x0000008a91ffc300
Event: 6.073 Thread 0x000002466c096a30 DEOPT UNPACKING pc=0x000002460004dece sp=0x0000008a91ffb778 mode 0

Classes unloaded (0 events):
No events

Classes redefined (0 events):
No events

Internal exceptions (20 events):
Event: 5.769 Thread 0x000002466c096a30 Exception <a 'java/lang/ClassNotFoundException'{0x00000000895c5b68}: sun/net/www/protocol/c/Handler> (0x00000000895c5b68) 
thrown [t:\workspace\open\src\hotspot\share\classfile\systemDictionary.cpp, line 256]
Event: 5.849 Thread 0x000002466c096a30 Exception <a 'java/lang/NoSuchMethodError'{0x0000000089425860}: 'java.lang.Object java.lang.invoke.DirectMethodHandle$Holder.invokeStatic(java.lang.Object)'> (0x0000000089425860) 
thrown [t:\workspace\open\src\hotspot\share\interpreter\linkResolver.cpp, line 790]
Event: 6.187 Thread 0x000002466c096a30 Exception <a 'java/lang/ClassNotFoundException'{0x00000000893e50f8}: com/puppycrawl/tools/checkstyle/CheckerBeanInfo> (0x00000000893e50f8) 
thrown [t:\workspace\open\src\hotspot\share\classfile\systemDictionary.cpp, line 256]
Event: 6.187 Thread 0x000002466c096a30 Exception <a 'java/lang/ClassNotFoundException'{0x00000000893e6020}: com/puppycrawl/tools/checkstyle/api/AutomaticBeanBeanInfo> (0x00000000893e6020) 
thrown [t:\workspace\open\src\hotspot\share\classfile\systemDictionary.cpp, line 256]
Event: 6.187 Thread 0x000002466c096a30 Exception <a 'java/lang/ClassNotFoundException'{0x00000000893e67d8}: java/lang/ObjectBeanInfo> (0x00000000893e67d8) 
thrown [t:\workspace\open\src\hotspot\share\classfile\systemDictionary.cpp, line 256]
Event: 6.188 Thread 0x000002466c096a30 Exception <a 'java/lang/ClassNotFoundException'{0x00000000893e7638}: java/lang/ObjectCustomizer> (0x00000000893e7638) 
thrown [t:\workspace\open\src\hotspot\share\classfile\systemDictionary.cpp, line 256]
Event: 6.193 Thread 0x000002466c096a30 Exception <a 'java/lang/NoSuchMethodError'{0x00000000893ecf28}: 'java.lang.Object java.lang.invoke.DirectMethodHandle$Holder.invokeInterface(java.lang.Object, java.lang.Object)'> (0x00000000893ecf28) 
thrown [t:\workspace\open\src\hotspot\share\interpreter\linkResolver.cpp, line 790]
Event: 6.193 Thread 0x000002466c096a30 Exception <a 'java/lang/IncompatibleClassChangeError'{0x00000000893f0920}: Found class java.lang.Object, but interface was expected> (0x00000000893f0920) 
thrown [t:\workspace\open\src\hotspot\share\interpreter\linkResolver.cpp, line 857]
Event: 6.247 Thread 0x000002466c096a30 Exception <a 'java/lang/ClassNotFoundException'{0x00000000893f6d60}: com/puppycrawl/tools/checkstyle/api/AutomaticBeanCustomizer> (0x00000000893f6d60) 
thrown [t:\workspace\open\src\hotspot\share\classfile\systemDictionary.cpp, line 256]
Event: 6.272 Thread 0x000002466c096a30 Exception <a 'java/lang/ClassNotFoundException'{0x00000000893fb000}: com/puppycrawl/tools/checkstyle/CheckerCustomizer> (0x00000000893fb000) 
thrown [t:\workspace\open\src\hotspot\share\classfile\systemDictionary.cpp, line 256]
Event: 6.305 Thread 0x000002466c096a30 Exception <a 'java/lang/ClassNotFoundException'{0x00000000892781a8}: com/puppycrawl/tools/checkstyle/TreeWalkerBeanInfo> (0x00000000892781a8) 
thrown [t:\workspace\open\src\hotspot\share\classfile\systemDictionary.cpp, line 256]
Event: 6.305 Thread 0x000002466c096a30 Exception <a 'java/lang/ClassNotFoundException'{0x00000000892790a8}: com/puppycrawl/tools/checkstyle/api/AbstractFileSetCheckBeanInfo> (0x00000000892790a8) 
thrown [t:\workspace\open\src\hotspot\share\classfile\systemDictionary.cpp, line 256]
Event: 6.306 Thread 0x000002466c096a30 Exception <a 'java/lang/ClassNotFoundException'{0x000000008927a000}: com/puppycrawl/tools/checkstyle/api/AbstractViolationReporterBeanInfo> (0x000000008927a000) 
thrown [t:\workspace\open\src\hotspot\share\classfile\systemDictionary.cpp, line 256]
Event: 6.306 Thread 0x000002466c096a30 Exception <a 'java/lang/ClassNotFoundException'{0x000000008927af30}: com/puppycrawl/tools/checkstyle/api/AbstractViolationReporterCustomizer> (0x000000008927af30) 
thrown [t:\workspace\open\src\hotspot\share\classfile\systemDictionary.cpp, line 256]
Event: 6.368 Thread 0x000002466c096a30 Exception <a 'java/lang/ClassNotFoundException'{0x00000000892834d0}: com/puppycrawl/tools/checkstyle/api/AbstractFileSetCheckCustomizer> (0x00000000892834d0) 
thrown [t:\workspace\open\src\hotspot\share\classfile\systemDictionary.cpp, line 256]
Event: 6.373 Thread 0x000002466c096a30 Exception <a 'java/lang/ClassNotFoundException'{0x000000008929f7d0}: com/puppycrawl/tools/checkstyle/TreeWalkerCustomizer> (0x000000008929f7d0) 
thrown [t:\workspace\open\src\hotspot\share\classfile\systemDictionary.cpp, line 256]
Event: 6.402 Thread 0x000002466c096a30 Exception <a 'java/lang/ClassNotFoundException'{0x0000000089194688}: com/puppycrawl/tools/checkstyle/checks/javadoc/JavadocMethodCheckBeanInfo> (0x0000000089194688) 
thrown [t:\workspace\open\src\hotspot\share\classfile\systemDictionary.cpp, line 256]
Event: 6.403 Thread 0x000002466c096a30 Exception <a 'java/lang/ClassNotFoundException'{0x0000000089195580}: com/puppycrawl/tools/checkstyle/api/AbstractCheckBeanInfo> (0x0000000089195580) 
thrown [t:\workspace\open\src\hotspot\share\classfile\systemDictionary.cpp, line 256]
Event: 6.403 Thread 0x000002466c096a30 Exception <a 'java/lang/ClassNotFoundException'{0x0000000089196450}: com/puppycrawl/tools/checkstyle/api/AbstractCheckCustomizer> (0x0000000089196450) 
thrown [t:\workspace\open\src\hotspot\share\classfile\systemDictionary.cpp, line 256]
Event: 6.461 Thread 0x000002466c096a30 Exception <a 'java/lang/ClassNotFoundException'{0x00000000891abb20}: com/puppycrawl/tools/checkstyle/checks/javadoc/JavadocMethodCheckCustomizer> (0x00000000891abb20) 
thrown [t:\workspace\open\src\hotspot\share\classfile\systemDictionary.cpp, line 256]

Events (20 events):
Event: 6.246 loading class java/beans/IndexedPropertyDescriptor
Event: 6.246 loading class java/beans/IndexedPropertyDescriptor done
Event: 6.246 loading class java/beans/GenericBeanInfo
Event: 6.246 loading class java/beans/SimpleBeanInfo
Event: 6.246 loading class java/beans/SimpleBeanInfo done
Event: 6.246 loading class java/beans/GenericBeanInfo done
Event: 6.252 loading class java/util/Hashtable$EntrySet
Event: 6.252 loading class java/util/Hashtable$EntrySet done
Event: 6.277 loading class sun/reflect/generics/tree/VoidDescriptor
Event: 6.277 loading class sun/reflect/generics/tree/VoidDescriptor done
Event: 6.279 loading class sun/reflect/generics/tree/IntSignature
Event: 6.279 loading class sun/reflect/generics/tree/IntSignature done
Event: 6.280 loading class java/util/regex/Pattern$BnM
Event: 6.280 loading class java/util/regex/Pattern$BnM done
Event: 6.282 loading class java/util/EventObject
Event: 6.282 loading class java/util/EventObject done
Event: 6.283 loading class java/util/TooManyListenersException
Event: 6.283 loading class java/util/TooManyListenersException done
Event: 6.302 loading class java/lang/ThreadLocal$SuppliedThreadLocal
Event: 6.302 loading class java/lang/ThreadLocal$SuppliedThreadLocal done


Dynamic libraries:
0x00007ff60d1c0000 - 0x00007ff60d1d0000 	C:\Program Files\Java\jdk-16.0.2\bin\java.exe
0x00007ff9637b0000 - 0x00007ff9639a5000 	C:\WINDOWS\SYSTEM32\ntdll.dll
0x00007ff9335d0000 - 0x00007ff9335e5000 	C:\Program Files\Avast Software\Avast\aswhook.dll
0x00007ff962200000 - 0x00007ff9622be000 	C:\WINDOWS\System32\KERNEL32.DLL
0x00007ff960f70000 - 0x00007ff961239000 	C:\WINDOWS\System32\KERNELBASE.dll
0x00007ff95e1c0000 - 0x00007ff95e250000 	C:\WINDOWS\SYSTEM32\apphelp.dll
0x00007ff961270000 - 0x00007ff961370000 	C:\WINDOWS\System32\ucrtbase.dll
0x00007ff9281a0000 - 0x00007ff9281b8000 	C:\Program Files\Java\jdk-16.0.2\bin\jli.dll
0x00007ff962150000 - 0x00007ff9621fc000 	C:\WINDOWS\System32\ADVAPI32.dll
0x00007ff962020000 - 0x00007ff9620be000 	C:\WINDOWS\System32\msvcrt.dll
0x00007ff963640000 - 0x00007ff9636db000 	C:\WINDOWS\System32\sechost.dll
0x00007ff963380000 - 0x00007ff9634aa000 	C:\WINDOWS\System32\RPCRT4.dll
0x00007ff928d50000 - 0x00007ff928d69000 	C:\Program Files\Java\jdk-16.0.2\bin\VCRUNTIME140.dll
0x00007ff9618a0000 - 0x00007ff961a41000 	C:\WINDOWS\System32\USER32.dll
0x00007ff942be0000 - 0x00007ff942e7a000 	C:\WINDOWS\WinSxS\amd64_microsoft.windows.common-controls_6595b64144ccf1df_6.0.19041.1110_none_60b5254171f9507e\COMCTL32.dll
0x00007ff961870000 - 0x00007ff96189b000 	C:\WINDOWS\System32\GDI32.dll
0x00007ff961240000 - 0x00007ff961262000 	C:\WINDOWS\System32\win32u.dll
0x00007ff961370000 - 0x00007ff96147b000 	C:\WINDOWS\System32\gdi32full.dll
0x00007ff960ed0000 - 0x00007ff960f6d000 	C:\WINDOWS\System32\msvcp_win.dll
0x00007ff95fcc0000 - 0x00007ff95fcca000 	C:\WINDOWS\SYSTEM32\VERSION.dll
0x00007ff962120000 - 0x00007ff962150000 	C:\WINDOWS\System32\IMM32.DLL
0x00007ff940fe0000 - 0x00007ff940fec000 	C:\Program Files\Java\jdk-16.0.2\bin\vcruntime140_1.dll
0x00007ff8e15a0000 - 0x00007ff8e1631000 	C:\Program Files\Java\jdk-16.0.2\bin\msvcp140.dll
0x00007ff8d6e10000 - 0x00007ff8d79bb000 	C:\Program Files\Java\jdk-16.0.2\bin\server\jvm.dll
0x00007ff961ee0000 - 0x00007ff961ee8000 	C:\WINDOWS\System32\PSAPI.DLL
0x00007ff946f80000 - 0x00007ff946f89000 	C:\WINDOWS\SYSTEM32\WSOCK32.dll
0x00007ff962470000 - 0x00007ff9624db000 	C:\WINDOWS\System32\WS2_32.dll
0x00007ff93f500000 - 0x00007ff93f527000 	C:\WINDOWS\SYSTEM32\WINMM.dll
0x00007ff95fc80000 - 0x00007ff95fc92000 	C:\WINDOWS\SYSTEM32\kernel.appcore.dll
0x00007ff93e8c0000 - 0x00007ff93e8ca000 	C:\Program Files\Java\jdk-16.0.2\bin\jimage.dll
0x00007ff95e9a0000 - 0x00007ff95eb84000 	C:\WINDOWS\SYSTEM32\DBGHELP.DLL
0x00007ff94a5d0000 - 0x00007ff94a5fc000 	C:\WINDOWS\SYSTEM32\dbgcore.DLL
0x00007ff961770000 - 0x00007ff9617f3000 	C:\WINDOWS\System32\bcryptPrimitives.dll
0x00007ff933800000 - 0x00007ff933825000 	C:\Program Files\Java\jdk-16.0.2\bin\java.dll
0x00007ff9627a0000 - 0x00007ff962edf000 	C:\WINDOWS\System32\SHELL32.dll
0x00007ff95f4f0000 - 0x00007ff95fc80000 	C:\WINDOWS\SYSTEM32\windows.storage.dll
0x00007ff961b80000 - 0x00007ff961ed5000 	C:\WINDOWS\System32\combase.dll
0x00007ff960850000 - 0x00007ff96087c000 	C:\WINDOWS\SYSTEM32\Wldp.dll
0x00007ff9624e0000 - 0x00007ff96258e000 	C:\WINDOWS\System32\SHCORE.dll
0x00007ff962590000 - 0x00007ff9625e5000 	C:\WINDOWS\System32\shlwapi.dll
0x00007ff960e10000 - 0x00007ff960e2f000 	C:\WINDOWS\SYSTEM32\profapi.dll
0x00007ff92e4c0000 - 0x00007ff92e4d9000 	C:\Program Files\Java\jdk-16.0.2\bin\net.dll
0x00007ff94c400000 - 0x00007ff94c508000 	C:\WINDOWS\SYSTEM32\WINHTTP.dll
0x00007ff9605b0000 - 0x00007ff96061a000 	C:\WINDOWS\system32\mswsock.dll
0x00007ff92e4a0000 - 0x00007ff92e4b3000 	C:\Program Files\Java\jdk-16.0.2\bin\nio.dll
0x00007ff92d6b0000 - 0x00007ff92d6c8000 	C:\Program Files\Java\jdk-16.0.2\bin\zip.dll
0x00007ff938b50000 - 0x00007ff938b60000 	C:\Program Files\Java\jdk-16.0.2\bin\verify.dll

dbghelp: loaded successfully - version: 4.0.5 - missing functions: none
symbol engine: initialized successfully - sym options: 0x614 - pdb path: .;C:\Program Files\Java\jdk-16.0.2\bin;C:\WINDOWS\SYSTEM32;C:\Program Files\Avast Software\Avast;C:\WINDOWS\WinSxS\amd64_microsoft.windows.common-controls_6595b64144ccf1df_6.0.19041.1110_none_60b5254171f9507e;C:\Program Files\Java\jdk-16.0.2\bin\server

VM Arguments:
java_command: C:/Users/Mia/.vscode/extensions/rianadon.vscode-java-checkstyle-0.2.0/checkstyle-8.35-all.jar -c C:/Users/Mia/.vscode/extensions/rianadon.vscode-java-checkstyle-0.2.0/UWG_checks.xml c:\Users\Mia\CS4985TheArtistsDream\code\TheArtistsDreamServer\src\test\java\edu\westga\devops\theartistsdreamserver\artworkmanager\TestGetArtwork.java
java_class_path (initial): C:/Users/Mia/.vscode/extensions/rianadon.vscode-java-checkstyle-0.2.0/checkstyle-8.35-all.jar
Launcher Type: SUN_STANDARD

[Global flags]
     intx CICompilerCount                          = 4                                         {product} {ergonomic}
     uint ConcGCThreads                            = 2                                         {product} {ergonomic}
     uint G1ConcRefinementThreads                  = 8                                         {product} {ergonomic}
   size_t G1HeapRegionSize                         = 1048576                                   {product} {ergonomic}
    uintx GCDrainStackTargetSize                   = 64                                        {product} {ergonomic}
   size_t InitialHeapSize                          = 134217728                                 {product} {ergonomic}
   size_t MarkStackSize                            = 4194304                                   {product} {ergonomic}
   size_t MaxHeapSize                              = 2118123520                                {product} {ergonomic}
   size_t MaxNewSize                               = 1270874112                                {product} {ergonomic}
   size_t MinHeapDeltaBytes                        = 1048576                                   {product} {ergonomic}
   size_t MinHeapSize                              = 8388608                                   {product} {ergonomic}
    uintx NonNMethodCodeHeapSize                   = 5839372                                {pd product} {ergonomic}
    uintx NonProfiledCodeHeapSize                  = 122909434                              {pd product} {ergonomic}
    uintx ProfiledCodeHeapSize                     = 122909434                              {pd product} {ergonomic}
    uintx ReservedCodeCacheSize                    = 251658240                              {pd product} {ergonomic}
     bool SegmentedCodeCache                       = true                                      {product} {ergonomic}
   size_t SoftMaxHeapSize                          = 2118123520                             {manageable} {ergonomic}
     bool UseCompressedClassPointers               = true                           {product lp64_product} {ergonomic}
     bool UseCompressedOops                        = true                           {product lp64_product} {ergonomic}
     bool UseG1GC                                  = true                                      {product} {ergonomic}
     bool UseLargePagesIndividualAllocation        = false                                  {pd product} {ergonomic}

Logging:
Log output configuration:
 #0: stdout all=warning uptime,level,tags
 #1: stderr all=off uptime,level,tags

Environment Variables:
JAVA_HOME=C:\Program Files\Java\jdk-16.0.2
PATH=C:\Program Files\Common Files\Oracle\Java\javapath;C:\Program Files\Java\jdk-16.0.2\bin;C:\Users\Mia\Downloads\jdk-14.0.2_windows-x64_bin (2).exe;C:\Program Files\dotnet\;C:\WINDOWS\system32;C:\WINDOWS;C:\WINDOWS\System32\Wbem;C:\WINDOWS\System32\WindowsPowerShell\v1.0\;C:\WINDOWS\System32\OpenSSH\;C:\Program Files (x86)\nodejs\;C:\Users\Mia\Downloads\apache-maven-3.8.2-bin\apache-maven-3.8.2\bin;C:\Program Files\Git\cmd;C:\Program Files\MySQL\MySQL Shell 8.0\bin\;C:\Users\Mia\AppData\Local\Programs\Python\Python39\Scripts;C:\Users\Mia\AppData\Local\Programs\Python\Python39;C:\Program Files\Java\jdk-14\bin;"C:\Users\Mia\AppData\Local\Microsoft\WindowsAppsC:\Windows\System32;";C:\Users\Mia\.dotnet\tools;C:\Users\Mia\AppData\Local\Microsoft\WindowsApps;C:\Users\Mia\AppData\Local\Programs\Microsoft VS Code\bin;C:\Users\Mia\AppData\Local\Programs\Azure Data Studio\bin;C:\Users\Mia\AppData\Roaming\npm;C:\Program Files\JetBrains\IntelliJ IDEA Community Edition 2021.2.2\bin
USERNAME=Mia
PROCESSOR_IDENTIFIER=Intel64 Family 6 Model 142 Stepping 12, GenuineIntel



---------------  S Y S T E M  ---------------

OS:
 Windows 10 , 64 bit Build 19041 (10.0.19041.1202)
OS uptime: 8 days 9:56 hours

CPU: total 8 (initial active 8) (4 cores per cpu, 2 threads per core) family 6 model 142 stepping 12 microcode 0xb8, cx8, cmov, fxsr, ht, mmx, 3dnowpref, sse, sse2, sse3, ssse3, sse4.1, sse4.2, popcnt, lzcnt, tsc, tscinvbit, avx, avx2, aes, erms, clmul, bmi1, bmi2, adx, fma, vzeroupper, clflush, clflushopt

Memory: 4k page, system-wide physical 8078M (745M free)
TotalPageFile size 32654M (AvailPageFile size 6M)
current process WorkingSet (physical memory assigned to process): 55M, peak: 55M
current process commit charge ("private bytes"): 218M, peak: 218M

vm_info: Java HotSpot(TM) 64-Bit Server VM (16.0.2+7-67) for windows-amd64 JRE (16.0.2+7-67), built on Jun  8 2021 23:24:19 by "mach5one" with MS VC++ 16.7 (VS2019)

END.
