#
# There is insufficient memory for the Java Runtime Environment to continue.
# Native memory allocation (malloc) failed to allocate 188160 bytes for Chunk::new
# Possible reasons:
#   The system is out of physical RAM or swap space
#   The process is running with CompressedOops enabled, and the Java Heap may be blocking the growth of the native heap
# Possible solutions:
#   Reduce memory load on the system
#   Increase physical memory or swap space
#   Check if swap backing store is full
#   Decrease Java heap size (-Xmx/-Xms)
#   Decrease number of Java threads
#   Decrease Java thread stack sizes (-Xss)
#   Set larger code cache with -XX:ReservedCodeCacheSize=
#   JVM is running with Unscaled Compressed Oops mode in which the Java heap is
#     placed in the first 4GB address space. The Java Heap base address is the
#     maximum limit for the native heap growth. Please use -XX:HeapBaseMinAddress
#     to set the Java Heap base and to place the Java Heap above 4GB virtual address.
# This output file may be truncated or incomplete.
#
#  Out of Memory Error (arena.cpp:195), pid=48704, tid=49388
#
# JRE version: Java(TM) SE Runtime Environment (16.0.2+7) (build 16.0.2+7-67)
# Java VM: Java HotSpot(TM) 64-Bit Server VM (16.0.2+7-67, mixed mode, sharing, tiered, compressed oops, compressed class ptrs, g1 gc, windows-amd64)
# No core dump will be written. Minidumps are not enabled by default on client versions of Windows
#

---------------  S U M M A R Y ------------

Command Line: C:/Users/Mia/.vscode/extensions/rianadon.vscode-java-checkstyle-0.2.0/checkstyle-8.35-all.jar -c C:/Users/Mia/.vscode/extensions/rianadon.vscode-java-checkstyle-0.2.0/UWG_checks.xml c:\Users\Mia\CS4985TheArtistsDream\code\TheArtistsDreamServer\src\test\java\edu\westga\devops\theartistsdreamserver\artworkmanager\TestSearchForArtworks.java

Host: Intel(R) Core(TM) i5-8265U CPU @ 1.60GHz, 8 cores, 7G,  Windows 10 , 64 bit Build 19041 (10.0.19041.1202)
Time: Thu Oct 14 20:52:58 2021 Eastern Daylight Time elapsed time: 6.407499 seconds (0d 0h 0m 6s)

---------------  T H R E A D  ---------------

Current thread (0x000001bbfed61b30):  JavaThread "C2 CompilerThread0" daemon [_thread_in_native, id=49388, stack(0x0000001bac700000,0x0000001bac800000)]


Current CompileTask:
C2:   6407  843       4       java.util.WeakHashMap::put (160 bytes)

Stack: [0x0000001bac700000,0x0000001bac800000]
Native frames: (J=compiled Java code, j=interpreted, Vv=VM code, C=native code)
V  [jvm.dll+0x6681ca]
V  [jvm.dll+0x7c9e69]
V  [jvm.dll+0x7cb61e]
V  [jvm.dll+0x7cbc73]
V  [jvm.dll+0x242c55]
V  [jvm.dll+0xadeba]
V  [jvm.dll+0xae45c]
V  [jvm.dll+0x35a8d7]
V  [jvm.dll+0x324de1]
V  [jvm.dll+0x32428a]
V  [jvm.dll+0x215cec]
V  [jvm.dll+0x215100]
V  [jvm.dll+0x1a1beb]
V  [jvm.dll+0x225158]
V  [jvm.dll+0x22319c]
V  [jvm.dll+0x77fa62]
V  [jvm.dll+0x7795aa]
V  [jvm.dll+0x667066]
C  [ucrtbase.dll+0x21bb2]
C  [KERNEL32.DLL+0x17034]
C  [ntdll.dll+0x52651]


---------------  P R O C E S S  ---------------

Threads class SMR info:
_java_thread_list=0x000001bbffb4c0e0, length=12, elements={
0x000001bbe4a7af50, 0x000001bbfed47a40, 0x000001bbfed494c0, 0x000001bbfed59720,
0x000001bbfed5a030, 0x000001bbfed5c0f0, 0x000001bbfed606a0, 0x000001bbfed61b30,
0x000001bbfed64ce0, 0x000001bbfedd2500, 0x000001bbff8c7bd0, 0x000001bbff8ce810
}

Java Threads: ( => current thread )
  0x000001bbe4a7af50 JavaThread "main" [_thread_in_vm, id=49844, stack(0x0000001baba00000,0x0000001babb00000)]
  0x000001bbfed47a40 JavaThread "Reference Handler" daemon [_thread_blocked, id=49904, stack(0x0000001bac100000,0x0000001bac200000)]
  0x000001bbfed494c0 JavaThread "Finalizer" daemon [_thread_blocked, id=30608, stack(0x0000001bac200000,0x0000001bac300000)]
  0x000001bbfed59720 JavaThread "Signal Dispatcher" daemon [_thread_blocked, id=37236, stack(0x0000001bac300000,0x0000001bac400000)]
  0x000001bbfed5a030 JavaThread "Attach Listener" daemon [_thread_blocked, id=49004, stack(0x0000001bac400000,0x0000001bac500000)]
  0x000001bbfed5c0f0 JavaThread "Service Thread" daemon [_thread_blocked, id=47496, stack(0x0000001bac500000,0x0000001bac600000)]
  0x000001bbfed606a0 JavaThread "Monitor Deflation Thread" daemon [_thread_blocked, id=48248, stack(0x0000001bac600000,0x0000001bac700000)]
=>0x000001bbfed61b30 JavaThread "C2 CompilerThread0" daemon [_thread_in_native, id=49388, stack(0x0000001bac700000,0x0000001bac800000)]
  0x000001bbfed64ce0 JavaThread "C1 CompilerThread0" daemon [_thread_in_vm, id=49116, stack(0x0000001bac800000,0x0000001bac900000)]
  0x000001bbfedd2500 JavaThread "Sweeper thread" daemon [_thread_blocked, id=47428, stack(0x0000001bac900000,0x0000001baca00000)]
  0x000001bbff8c7bd0 JavaThread "Notification Thread" daemon [_thread_blocked, id=39600, stack(0x0000001baca00000,0x0000001bacb00000)]
  0x000001bbff8ce810 JavaThread "Common-Cleaner" daemon [_thread_blocked, id=49832, stack(0x0000001bacc00000,0x0000001bacd00000)]

Other Threads:
  0x000001bbfed3ec80 VMThread "VM Thread" [stack: 0x0000001bac000000,0x0000001bac100000] [id=44568]
  0x000001bbff8ce110 WatcherThread [stack: 0x0000001bacb00000,0x0000001bacc00000] [id=33608]
  0x000001bbe6d01cc0 GCTaskThread "GC Thread#0" [stack: 0x0000001babb00000,0x0000001babc00000] [id=47596]
  0x000001bbe6d12980 ConcurrentGCThread "G1 Main Marker" [stack: 0x0000001babc00000,0x0000001babd00000] [id=47464]
  0x000001bbe6d13c60 ConcurrentGCThread "G1 Conc#0" [stack: 0x0000001babd00000,0x0000001babe00000] [id=46232]
  0x000001bbe6d8e960 ConcurrentGCThread "G1 Refine#0" [stack: 0x0000001babe00000,0x0000001babf00000] [id=46856]
  0x000001bbfebf1c30 ConcurrentGCThread "G1 Service" [stack: 0x0000001babf00000,0x0000001bac000000] [id=5300]

Threads with active compile tasks:
C2 CompilerThread0     6445  843       4       java.util.WeakHashMap::put (160 bytes)
C1 CompilerThread0     6445  845       3       org.apache.commons.logging.LogFactory::getContextClassLoaderInternal (14 bytes)

VM state: not at safepoint (normal execution)

VM Mutex/Monitor currently owned by a thread:  ([mutex/lock_event])
[0x000001bbe6cc3e50] Threads_lock - owner thread: 0x000001bbfed64ce0
[0x000001bbe6cc2980] CompileThread_lock - owner thread: 0x000001bbfed64ce0

Heap address: 0x0000000081c00000, size: 2020 MB, Compressed Oops mode: 32-bit

CDS archive(s) mapped at: [0x0000000800000000-0x0000000800bb0000-0x0000000800bb0000), size 12255232, SharedBaseAddress: 0x0000000800000000, ArchiveRelocationMode: 0.
Compressed class space mapped at: 0x0000000800c00000-0x0000000840c00000, reserved size: 1073741824
Narrow klass base: 0x0000000800000000, Narrow klass shift: 3, Narrow klass range: 0x100000000

GC Precious Log:
 CPUs: 8 total, 8 available
 Memory: 8078M
 Large Page Support: Disabled
 NUMA Support: Disabled
 Compressed Oops: Enabled (32-bit)
 Heap Region Size: 1M
 Heap Min Capacity: 8M
 Heap Initial Capacity: 128M
 Heap Max Capacity: 2020M
 Pre-touch: Disabled
 Parallel Workers: 8
 Concurrent Workers: 2
 Concurrent Refinement Workers: 8
 Periodic GC: Disabled

Heap:
 garbage-first heap   total 131072K, used 11264K [0x0000000081c00000, 0x0000000100000000)
  region size 1024K, 11 young (11264K), 0 survivors (0K)
 Metaspace       used 5259K, committed 5440K, reserved 1056768K
  class space    used 536K, committed 640K, reserved 1048576K

Heap Regions: E=young(eden), S=young(survivor), O=old, HS=humongous(starts), HC=humongous(continues), CS=collection set, F=free, OA=open archive, CA=closed archive, TAMS=top-at-mark-start (previous, next)
|   0|0x0000000081c00000, 0x0000000081d00000, 0x0000000081d00000|100%|HS|  |TAMS 0x0000000081c00000, 0x0000000081c00000| Complete 
|   1|0x0000000081d00000, 0x0000000081e00000, 0x0000000081e00000|100%|HS|  |TAMS 0x0000000081d00000, 0x0000000081d00000| Complete 
|   2|0x0000000081e00000, 0x0000000081e00000, 0x0000000081f00000|  0%| F|  |TAMS 0x0000000081e00000, 0x0000000081e00000| Untracked 
|   3|0x0000000081f00000, 0x0000000081f00000, 0x0000000082000000|  0%| F|  |TAMS 0x0000000081f00000, 0x0000000081f00000| Untracked 
|   4|0x0000000082000000, 0x0000000082000000, 0x0000000082100000|  0%| F|  |TAMS 0x0000000082000000, 0x0000000082000000| Untracked 
|   5|0x0000000082100000, 0x0000000082100000, 0x0000000082200000|  0%| F|  |TAMS 0x0000000082100000, 0x0000000082100000| Untracked 
|   6|0x0000000082200000, 0x0000000082200000, 0x0000000082300000|  0%| F|  |TAMS 0x0000000082200000, 0x0000000082200000| Untracked 
|   7|0x0000000082300000, 0x0000000082300000, 0x0000000082400000|  0%| F|  |TAMS 0x0000000082300000, 0x0000000082300000| Untracked 
|   8|0x0000000082400000, 0x0000000082400000, 0x0000000082500000|  0%| F|  |TAMS 0x0000000082400000, 0x0000000082400000| Untracked 
|   9|0x0000000082500000, 0x0000000082500000, 0x0000000082600000|  0%| F|  |TAMS 0x0000000082500000, 0x0000000082500000| Untracked 
|  10|0x0000000082600000, 0x0000000082600000, 0x0000000082700000|  0%| F|  |TAMS 0x0000000082600000, 0x0000000082600000| Untracked 
|  11|0x0000000082700000, 0x0000000082700000, 0x0000000082800000|  0%| F|  |TAMS 0x0000000082700000, 0x0000000082700000| Untracked 
|  12|0x0000000082800000, 0x0000000082800000, 0x0000000082900000|  0%| F|  |TAMS 0x0000000082800000, 0x0000000082800000| Untracked 
|  13|0x0000000082900000, 0x0000000082900000, 0x0000000082a00000|  0%| F|  |TAMS 0x0000000082900000, 0x0000000082900000| Untracked 
|  14|0x0000000082a00000, 0x0000000082a00000, 0x0000000082b00000|  0%| F|  |TAMS 0x0000000082a00000, 0x0000000082a00000| Untracked 
|  15|0x0000000082b00000, 0x0000000082b00000, 0x0000000082c00000|  0%| F|  |TAMS 0x0000000082b00000, 0x0000000082b00000| Untracked 
|  16|0x0000000082c00000, 0x0000000082c00000, 0x0000000082d00000|  0%| F|  |TAMS 0x0000000082c00000, 0x0000000082c00000| Untracked 
|  17|0x0000000082d00000, 0x0000000082d00000, 0x0000000082e00000|  0%| F|  |TAMS 0x0000000082d00000, 0x0000000082d00000| Untracked 
|  18|0x0000000082e00000, 0x0000000082e00000, 0x0000000082f00000|  0%| F|  |TAMS 0x0000000082e00000, 0x0000000082e00000| Untracked 
|  19|0x0000000082f00000, 0x0000000082f00000, 0x0000000083000000|  0%| F|  |TAMS 0x0000000082f00000, 0x0000000082f00000| Untracked 
|  20|0x0000000083000000, 0x0000000083000000, 0x0000000083100000|  0%| F|  |TAMS 0x0000000083000000, 0x0000000083000000| Untracked 
|  21|0x0000000083100000, 0x0000000083100000, 0x0000000083200000|  0%| F|  |TAMS 0x0000000083100000, 0x0000000083100000| Untracked 
|  22|0x0000000083200000, 0x0000000083200000, 0x0000000083300000|  0%| F|  |TAMS 0x0000000083200000, 0x0000000083200000| Untracked 
|  23|0x0000000083300000, 0x0000000083300000, 0x0000000083400000|  0%| F|  |TAMS 0x0000000083300000, 0x0000000083300000| Untracked 
|  24|0x0000000083400000, 0x0000000083400000, 0x0000000083500000|  0%| F|  |TAMS 0x0000000083400000, 0x0000000083400000| Untracked 
|  25|0x0000000083500000, 0x0000000083500000, 0x0000000083600000|  0%| F|  |TAMS 0x0000000083500000, 0x0000000083500000| Untracked 
|  26|0x0000000083600000, 0x0000000083600000, 0x0000000083700000|  0%| F|  |TAMS 0x0000000083600000, 0x0000000083600000| Untracked 
|  27|0x0000000083700000, 0x0000000083700000, 0x0000000083800000|  0%| F|  |TAMS 0x0000000083700000, 0x0000000083700000| Untracked 
|  28|0x0000000083800000, 0x0000000083800000, 0x0000000083900000|  0%| F|  |TAMS 0x0000000083800000, 0x0000000083800000| Untracked 
|  29|0x0000000083900000, 0x0000000083900000, 0x0000000083a00000|  0%| F|  |TAMS 0x0000000083900000, 0x0000000083900000| Untracked 
|  30|0x0000000083a00000, 0x0000000083a00000, 0x0000000083b00000|  0%| F|  |TAMS 0x0000000083a00000, 0x0000000083a00000| Untracked 
|  31|0x0000000083b00000, 0x0000000083b00000, 0x0000000083c00000|  0%| F|  |TAMS 0x0000000083b00000, 0x0000000083b00000| Untracked 
|  32|0x0000000083c00000, 0x0000000083c00000, 0x0000000083d00000|  0%| F|  |TAMS 0x0000000083c00000, 0x0000000083c00000| Untracked 
|  33|0x0000000083d00000, 0x0000000083d00000, 0x0000000083e00000|  0%| F|  |TAMS 0x0000000083d00000, 0x0000000083d00000| Untracked 
|  34|0x0000000083e00000, 0x0000000083e00000, 0x0000000083f00000|  0%| F|  |TAMS 0x0000000083e00000, 0x0000000083e00000| Untracked 
|  35|0x0000000083f00000, 0x0000000083f00000, 0x0000000084000000|  0%| F|  |TAMS 0x0000000083f00000, 0x0000000083f00000| Untracked 
|  36|0x0000000084000000, 0x0000000084000000, 0x0000000084100000|  0%| F|  |TAMS 0x0000000084000000, 0x0000000084000000| Untracked 
|  37|0x0000000084100000, 0x0000000084100000, 0x0000000084200000|  0%| F|  |TAMS 0x0000000084100000, 0x0000000084100000| Untracked 
|  38|0x0000000084200000, 0x0000000084200000, 0x0000000084300000|  0%| F|  |TAMS 0x0000000084200000, 0x0000000084200000| Untracked 
|  39|0x0000000084300000, 0x0000000084300000, 0x0000000084400000|  0%| F|  |TAMS 0x0000000084300000, 0x0000000084300000| Untracked 
|  40|0x0000000084400000, 0x0000000084400000, 0x0000000084500000|  0%| F|  |TAMS 0x0000000084400000, 0x0000000084400000| Untracked 
|  41|0x0000000084500000, 0x0000000084500000, 0x0000000084600000|  0%| F|  |TAMS 0x0000000084500000, 0x0000000084500000| Untracked 
|  42|0x0000000084600000, 0x0000000084600000, 0x0000000084700000|  0%| F|  |TAMS 0x0000000084600000, 0x0000000084600000| Untracked 
|  43|0x0000000084700000, 0x0000000084700000, 0x0000000084800000|  0%| F|  |TAMS 0x0000000084700000, 0x0000000084700000| Untracked 
|  44|0x0000000084800000, 0x0000000084800000, 0x0000000084900000|  0%| F|  |TAMS 0x0000000084800000, 0x0000000084800000| Untracked 
|  45|0x0000000084900000, 0x0000000084900000, 0x0000000084a00000|  0%| F|  |TAMS 0x0000000084900000, 0x0000000084900000| Untracked 
|  46|0x0000000084a00000, 0x0000000084a00000, 0x0000000084b00000|  0%| F|  |TAMS 0x0000000084a00000, 0x0000000084a00000| Untracked 
|  47|0x0000000084b00000, 0x0000000084b00000, 0x0000000084c00000|  0%| F|  |TAMS 0x0000000084b00000, 0x0000000084b00000| Untracked 
|  48|0x0000000084c00000, 0x0000000084c00000, 0x0000000084d00000|  0%| F|  |TAMS 0x0000000084c00000, 0x0000000084c00000| Untracked 
|  49|0x0000000084d00000, 0x0000000084d00000, 0x0000000084e00000|  0%| F|  |TAMS 0x0000000084d00000, 0x0000000084d00000| Untracked 
|  50|0x0000000084e00000, 0x0000000084e00000, 0x0000000084f00000|  0%| F|  |TAMS 0x0000000084e00000, 0x0000000084e00000| Untracked 
|  51|0x0000000084f00000, 0x0000000084f00000, 0x0000000085000000|  0%| F|  |TAMS 0x0000000084f00000, 0x0000000084f00000| Untracked 
|  52|0x0000000085000000, 0x0000000085000000, 0x0000000085100000|  0%| F|  |TAMS 0x0000000085000000, 0x0000000085000000| Untracked 
|  53|0x0000000085100000, 0x0000000085100000, 0x0000000085200000|  0%| F|  |TAMS 0x0000000085100000, 0x0000000085100000| Untracked 
|  54|0x0000000085200000, 0x0000000085200000, 0x0000000085300000|  0%| F|  |TAMS 0x0000000085200000, 0x0000000085200000| Untracked 
|  55|0x0000000085300000, 0x0000000085300000, 0x0000000085400000|  0%| F|  |TAMS 0x0000000085300000, 0x0000000085300000| Untracked 
|  56|0x0000000085400000, 0x0000000085400000, 0x0000000085500000|  0%| F|  |TAMS 0x0000000085400000, 0x0000000085400000| Untracked 
|  57|0x0000000085500000, 0x0000000085500000, 0x0000000085600000|  0%| F|  |TAMS 0x0000000085500000, 0x0000000085500000| Untracked 
|  58|0x0000000085600000, 0x0000000085600000, 0x0000000085700000|  0%| F|  |TAMS 0x0000000085600000, 0x0000000085600000| Untracked 
|  59|0x0000000085700000, 0x0000000085700000, 0x0000000085800000|  0%| F|  |TAMS 0x0000000085700000, 0x0000000085700000| Untracked 
|  60|0x0000000085800000, 0x0000000085800000, 0x0000000085900000|  0%| F|  |TAMS 0x0000000085800000, 0x0000000085800000| Untracked 
|  61|0x0000000085900000, 0x0000000085900000, 0x0000000085a00000|  0%| F|  |TAMS 0x0000000085900000, 0x0000000085900000| Untracked 
|  62|0x0000000085a00000, 0x0000000085a00000, 0x0000000085b00000|  0%| F|  |TAMS 0x0000000085a00000, 0x0000000085a00000| Untracked 
|  63|0x0000000085b00000, 0x0000000085b00000, 0x0000000085c00000|  0%| F|  |TAMS 0x0000000085b00000, 0x0000000085b00000| Untracked 
|  64|0x0000000085c00000, 0x0000000085c00000, 0x0000000085d00000|  0%| F|  |TAMS 0x0000000085c00000, 0x0000000085c00000| Untracked 
|  65|0x0000000085d00000, 0x0000000085d00000, 0x0000000085e00000|  0%| F|  |TAMS 0x0000000085d00000, 0x0000000085d00000| Untracked 
|  66|0x0000000085e00000, 0x0000000085e00000, 0x0000000085f00000|  0%| F|  |TAMS 0x0000000085e00000, 0x0000000085e00000| Untracked 
|  67|0x0000000085f00000, 0x0000000085f00000, 0x0000000086000000|  0%| F|  |TAMS 0x0000000085f00000, 0x0000000085f00000| Untracked 
|  68|0x0000000086000000, 0x0000000086000000, 0x0000000086100000|  0%| F|  |TAMS 0x0000000086000000, 0x0000000086000000| Untracked 
|  69|0x0000000086100000, 0x0000000086100000, 0x0000000086200000|  0%| F|  |TAMS 0x0000000086100000, 0x0000000086100000| Untracked 
|  70|0x0000000086200000, 0x0000000086200000, 0x0000000086300000|  0%| F|  |TAMS 0x0000000086200000, 0x0000000086200000| Untracked 
|  71|0x0000000086300000, 0x0000000086300000, 0x0000000086400000|  0%| F|  |TAMS 0x0000000086300000, 0x0000000086300000| Untracked 
|  72|0x0000000086400000, 0x0000000086400000, 0x0000000086500000|  0%| F|  |TAMS 0x0000000086400000, 0x0000000086400000| Untracked 
|  73|0x0000000086500000, 0x0000000086500000, 0x0000000086600000|  0%| F|  |TAMS 0x0000000086500000, 0x0000000086500000| Untracked 
|  74|0x0000000086600000, 0x0000000086600000, 0x0000000086700000|  0%| F|  |TAMS 0x0000000086600000, 0x0000000086600000| Untracked 
|  75|0x0000000086700000, 0x0000000086700000, 0x0000000086800000|  0%| F|  |TAMS 0x0000000086700000, 0x0000000086700000| Untracked 
|  76|0x0000000086800000, 0x0000000086800000, 0x0000000086900000|  0%| F|  |TAMS 0x0000000086800000, 0x0000000086800000| Untracked 
|  77|0x0000000086900000, 0x0000000086900000, 0x0000000086a00000|  0%| F|  |TAMS 0x0000000086900000, 0x0000000086900000| Untracked 
|  78|0x0000000086a00000, 0x0000000086a00000, 0x0000000086b00000|  0%| F|  |TAMS 0x0000000086a00000, 0x0000000086a00000| Untracked 
|  79|0x0000000086b00000, 0x0000000086b00000, 0x0000000086c00000|  0%| F|  |TAMS 0x0000000086b00000, 0x0000000086b00000| Untracked 
|  80|0x0000000086c00000, 0x0000000086c00000, 0x0000000086d00000|  0%| F|  |TAMS 0x0000000086c00000, 0x0000000086c00000| Untracked 
|  81|0x0000000086d00000, 0x0000000086d00000, 0x0000000086e00000|  0%| F|  |TAMS 0x0000000086d00000, 0x0000000086d00000| Untracked 
|  82|0x0000000086e00000, 0x0000000086e00000, 0x0000000086f00000|  0%| F|  |TAMS 0x0000000086e00000, 0x0000000086e00000| Untracked 
|  83|0x0000000086f00000, 0x0000000086f00000, 0x0000000087000000|  0%| F|  |TAMS 0x0000000086f00000, 0x0000000086f00000| Untracked 
|  84|0x0000000087000000, 0x0000000087000000, 0x0000000087100000|  0%| F|  |TAMS 0x0000000087000000, 0x0000000087000000| Untracked 
|  85|0x0000000087100000, 0x0000000087100000, 0x0000000087200000|  0%| F|  |TAMS 0x0000000087100000, 0x0000000087100000| Untracked 
|  86|0x0000000087200000, 0x0000000087200000, 0x0000000087300000|  0%| F|  |TAMS 0x0000000087200000, 0x0000000087200000| Untracked 
|  87|0x0000000087300000, 0x0000000087300000, 0x0000000087400000|  0%| F|  |TAMS 0x0000000087300000, 0x0000000087300000| Untracked 
|  88|0x0000000087400000, 0x0000000087400000, 0x0000000087500000|  0%| F|  |TAMS 0x0000000087400000, 0x0000000087400000| Untracked 
|  89|0x0000000087500000, 0x0000000087500000, 0x0000000087600000|  0%| F|  |TAMS 0x0000000087500000, 0x0000000087500000| Untracked 
|  90|0x0000000087600000, 0x0000000087600000, 0x0000000087700000|  0%| F|  |TAMS 0x0000000087600000, 0x0000000087600000| Untracked 
|  91|0x0000000087700000, 0x0000000087700000, 0x0000000087800000|  0%| F|  |TAMS 0x0000000087700000, 0x0000000087700000| Untracked 
|  92|0x0000000087800000, 0x0000000087800000, 0x0000000087900000|  0%| F|  |TAMS 0x0000000087800000, 0x0000000087800000| Untracked 
|  93|0x0000000087900000, 0x0000000087900000, 0x0000000087a00000|  0%| F|  |TAMS 0x0000000087900000, 0x0000000087900000| Untracked 
|  94|0x0000000087a00000, 0x0000000087a00000, 0x0000000087b00000|  0%| F|  |TAMS 0x0000000087a00000, 0x0000000087a00000| Untracked 
|  95|0x0000000087b00000, 0x0000000087b00000, 0x0000000087c00000|  0%| F|  |TAMS 0x0000000087b00000, 0x0000000087b00000| Untracked 
|  96|0x0000000087c00000, 0x0000000087c00000, 0x0000000087d00000|  0%| F|  |TAMS 0x0000000087c00000, 0x0000000087c00000| Untracked 
|  97|0x0000000087d00000, 0x0000000087d00000, 0x0000000087e00000|  0%| F|  |TAMS 0x0000000087d00000, 0x0000000087d00000| Untracked 
|  98|0x0000000087e00000, 0x0000000087e00000, 0x0000000087f00000|  0%| F|  |TAMS 0x0000000087e00000, 0x0000000087e00000| Untracked 
|  99|0x0000000087f00000, 0x0000000087f00000, 0x0000000088000000|  0%| F|  |TAMS 0x0000000087f00000, 0x0000000087f00000| Untracked 
| 100|0x0000000088000000, 0x0000000088000000, 0x0000000088100000|  0%| F|  |TAMS 0x0000000088000000, 0x0000000088000000| Untracked 
| 101|0x0000000088100000, 0x0000000088100000, 0x0000000088200000|  0%| F|  |TAMS 0x0000000088100000, 0x0000000088100000| Untracked 
| 102|0x0000000088200000, 0x0000000088200000, 0x0000000088300000|  0%| F|  |TAMS 0x0000000088200000, 0x0000000088200000| Untracked 
| 103|0x0000000088300000, 0x0000000088300000, 0x0000000088400000|  0%| F|  |TAMS 0x0000000088300000, 0x0000000088300000| Untracked 
| 104|0x0000000088400000, 0x0000000088400000, 0x0000000088500000|  0%| F|  |TAMS 0x0000000088400000, 0x0000000088400000| Untracked 
| 105|0x0000000088500000, 0x0000000088500000, 0x0000000088600000|  0%| F|  |TAMS 0x0000000088500000, 0x0000000088500000| Untracked 
| 106|0x0000000088600000, 0x0000000088600000, 0x0000000088700000|  0%| F|  |TAMS 0x0000000088600000, 0x0000000088600000| Untracked 
| 107|0x0000000088700000, 0x0000000088700000, 0x0000000088800000|  0%| F|  |TAMS 0x0000000088700000, 0x0000000088700000| Untracked 
| 108|0x0000000088800000, 0x0000000088800000, 0x0000000088900000|  0%| F|  |TAMS 0x0000000088800000, 0x0000000088800000| Untracked 
| 109|0x0000000088900000, 0x0000000088900000, 0x0000000088a00000|  0%| F|  |TAMS 0x0000000088900000, 0x0000000088900000| Untracked 
| 110|0x0000000088a00000, 0x0000000088a00000, 0x0000000088b00000|  0%| F|  |TAMS 0x0000000088a00000, 0x0000000088a00000| Untracked 
| 111|0x0000000088b00000, 0x0000000088b00000, 0x0000000088c00000|  0%| F|  |TAMS 0x0000000088b00000, 0x0000000088b00000| Untracked 
| 112|0x0000000088c00000, 0x0000000088c00000, 0x0000000088d00000|  0%| F|  |TAMS 0x0000000088c00000, 0x0000000088c00000| Untracked 
| 113|0x0000000088d00000, 0x0000000088d00000, 0x0000000088e00000|  0%| F|  |TAMS 0x0000000088d00000, 0x0000000088d00000| Untracked 
| 114|0x0000000088e00000, 0x0000000088e00000, 0x0000000088f00000|  0%| F|  |TAMS 0x0000000088e00000, 0x0000000088e00000| Untracked 
| 115|0x0000000088f00000, 0x0000000088f00000, 0x0000000089000000|  0%| F|  |TAMS 0x0000000088f00000, 0x0000000088f00000| Untracked 
| 116|0x0000000089000000, 0x0000000089076468, 0x0000000089100000| 46%| E|  |TAMS 0x0000000089000000, 0x0000000089000000| Complete 
| 117|0x0000000089100000, 0x0000000089200000, 0x0000000089200000|100%| E|CS|TAMS 0x0000000089100000, 0x0000000089100000| Complete 
| 118|0x0000000089200000, 0x0000000089300000, 0x0000000089300000|100%| E|CS|TAMS 0x0000000089200000, 0x0000000089200000| Complete 
| 119|0x0000000089300000, 0x0000000089400000, 0x0000000089400000|100%| E|CS|TAMS 0x0000000089300000, 0x0000000089300000| Complete 
| 120|0x0000000089400000, 0x0000000089500000, 0x0000000089500000|100%| E|CS|TAMS 0x0000000089400000, 0x0000000089400000| Complete 
| 121|0x0000000089500000, 0x0000000089600000, 0x0000000089600000|100%| E|CS|TAMS 0x0000000089500000, 0x0000000089500000| Complete 
| 122|0x0000000089600000, 0x0000000089700000, 0x0000000089700000|100%| E|CS|TAMS 0x0000000089600000, 0x0000000089600000| Complete 
| 123|0x0000000089700000, 0x0000000089800000, 0x0000000089800000|100%| E|CS|TAMS 0x0000000089700000, 0x0000000089700000| Complete 
| 124|0x0000000089800000, 0x0000000089900000, 0x0000000089900000|100%| E|  |TAMS 0x0000000089800000, 0x0000000089800000| Complete 
| 125|0x0000000089900000, 0x0000000089a00000, 0x0000000089a00000|100%| E|CS|TAMS 0x0000000089900000, 0x0000000089900000| Complete 
| 126|0x0000000089a00000, 0x0000000089b00000, 0x0000000089b00000|100%| E|CS|TAMS 0x0000000089a00000, 0x0000000089a00000| Complete 
| 127|0x0000000089b00000, 0x0000000089c00000, 0x0000000089c00000|100%| E|CS|TAMS 0x0000000089b00000, 0x0000000089b00000| Complete 

Card table byte_map: [0x000001bbfdb60000,0x000001bbfdf60000] _byte_map_base: 0x000001bbfd752000

Marking Bits (Prev, Next): (CMBitMap*) 0x000001bbe6d02330, (CMBitMap*) 0x000001bbe6d02370
 Prev Bits: [0x000001bb80000000, 0x000001bb81f90000)
 Next Bits: [0x000001bb81f90000, 0x000001bb83f20000)

Polling page: 0x000001bbe4bf0000

Metaspace:

Usage:
  Non-class:      4.64 MB used.
      Class:    537.14 KB used.
       Both:      5.16 MB used.

Virtual space:
  Non-class space:        8.00 MB reserved,       4.75 MB ( 59%) committed,  1 nodes.
      Class space:        1.00 GB reserved,     640.00 KB ( <1%) committed,  1 nodes.
              Both:        1.01 GB reserved,       5.38 MB ( <1%) committed. 

Chunk freelists:
   Non-Class:  2.30 MB
       Class:  3.20 MB
        Both:  5.50 MB

MaxMetaspaceSize: 17179869184.00 GB
CompressedClassSpaceSize: 1.00 GB
 - commit_granule_bytes: 65536.
 - commit_granule_words: 8192.
 - virtual_space_node_default_size: 1048576.
 - enlarge_chunks_in_place: 1.
 - new_chunks_are_fully_committed: 0.
 - uncommit_free_chunks: 1.
 - use_allocation_guard: 0.
 - handle_deallocations: 1.


Internal statistics:

num_allocs_failed_limit: 0.
num_arena_births: 44.
num_arena_deaths: 0.
num_vsnodes_births: 2.
num_vsnodes_deaths: 0.
num_space_committed: 86.
num_space_uncommitted: 0.
num_chunks_returned_to_freelist: 0.
num_chunks_taken_from_freelist: 143.
num_chunk_merges: 0.
num_chunk_splits: 97.
num_chunks_enlarged: 72.
num_purges: 0.

CodeHeap 'non-profiled nmethods': size=120000Kb used=221Kb max_used=221Kb free=119778Kb
 bounds [0x000001bbf5f00000, 0x000001bbf6170000, 0x000001bbfd430000]
CodeHeap 'profiled nmethods': size=120000Kb used=1235Kb max_used=1235Kb free=118764Kb
 bounds [0x000001bbee9d0000, 0x000001bbeec40000, 0x000001bbf5f00000]
CodeHeap 'non-nmethods': size=5760Kb used=1169Kb max_used=1185Kb free=4590Kb
 bounds [0x000001bbee430000, 0x000001bbee6a0000, 0x000001bbee9d0000]
 total_blobs=1305 nmethods=845 adapters=373
 compilation: enabled
              stopped_count=0, restarted_count=0
 full_count=0

Compilation events (20 events):
Event: 6.385 Thread 0x000001bbfed61b30 nmethod 832 0x000001bbf5f36110 code [0x000001bbf5f362a0, 0x000001bbf5f36358]
Event: 6.385 Thread 0x000001bbfed61b30  834       4       java.util.WeakHashMap$HashIterator::hasNext (95 bytes)
Event: 6.391 Thread 0x000001bbfed64ce0  837       3       java.lang.Integer::stringSize (47 bytes)
Event: 6.391 Thread 0x000001bbfed64ce0 nmethod 837 0x000001bbeeb00590 code [0x000001bbeeb00740, 0x000001bbeeb00998]
Event: 6.391 Thread 0x000001bbfed64ce0  838       3       java.lang.Integer::getChars (131 bytes)
Event: 6.392 Thread 0x000001bbfed64ce0 nmethod 838 0x000001bbeeb00a90 code [0x000001bbeeb00c60, 0x000001bbeeb01098]
Event: 6.393 Thread 0x000001bbfed64ce0  839       3       java.lang.Thread::getContextClassLoader (32 bytes)
Event: 6.394 Thread 0x000001bbfed61b30 nmethod 834 0x000001bbf5f36410 code [0x000001bbf5f365a0, 0x000001bbf5f36a38]
Event: 6.394 Thread 0x000001bbfed64ce0 nmethod 839 0x000001bbeeb01310 code [0x000001bbeeb01560, 0x000001bbeeb01fb8]
Event: 6.394 Thread 0x000001bbfed61b30  843       4       java.util.WeakHashMap::put (160 bytes)
Event: 6.394 Thread 0x000001bbfed64ce0  840       3       org.apache.commons.beanutils.ConvertUtilsBean::register (14 bytes)
Event: 6.395 Thread 0x000001bbfed64ce0 nmethod 840 0x000001bbeeb02290 code [0x000001bbeeb02480, 0x000001bbeeb028d8]
Event: 6.395 Thread 0x000001bbfed64ce0  841       3       org.apache.commons.beanutils.converters.ConverterFacade::<init> (24 bytes)
Event: 6.395 Thread 0x000001bbfed64ce0 nmethod 841 0x000001bbeeb02b10 code [0x000001bbeeb02cc0, 0x000001bbeeb02f88]
Event: 6.395 Thread 0x000001bbfed64ce0  842       1       org.apache.commons.beanutils.converters.ArrayConverter::getDefaultType (5 bytes)
Event: 6.395 Thread 0x000001bbfed64ce0 nmethod 842 0x000001bbf5f36b90 code [0x000001bbf5f36d20, 0x000001bbf5f36df8]
Event: 6.396 Thread 0x000001bbfed64ce0  844   !   3       org.apache.commons.logging.LogFactory::directGetContextClassLoader (15 bytes)
Event: 6.397 Thread 0x000001bbfed64ce0 nmethod 844 0x000001bbeeb03090 code [0x000001bbeeb032e0, 0x000001bbeeb03e38]
Event: 6.398 Thread 0x000001bbfed64ce0  845       3       org.apache.commons.logging.LogFactory::getContextClassLoaderInternal (14 bytes)
Event: 6.398 Thread 0x000001bbfed64ce0 nmethod 845 0x000001bbeeb04290 code [0x000001bbeeb044a0, 0x000001bbeeb04b58]

GC Heap History (0 events):
No events

Deoptimization events (20 events):
Event: 4.069 Thread 0x000001bbe4a7af50 DEOPT PACKING pc=0x000001bbee9e6414 sp=0x0000001babafd860
Event: 4.069 Thread 0x000001bbe4a7af50 DEOPT UNPACKING pc=0x000001bbee47dece sp=0x0000001babafcd10 mode 0
Event: 4.069 Thread 0x000001bbe4a7af50 DEOPT PACKING pc=0x000001bbee9e6414 sp=0x0000001babafd860
Event: 4.069 Thread 0x000001bbe4a7af50 DEOPT UNPACKING pc=0x000001bbee47dece sp=0x0000001babafcd10 mode 0
Event: 4.069 Thread 0x000001bbe4a7af50 DEOPT PACKING pc=0x000001bbee9e6414 sp=0x0000001babafd860
Event: 4.069 Thread 0x000001bbe4a7af50 DEOPT UNPACKING pc=0x000001bbee47dece sp=0x0000001babafcd10 mode 0
Event: 4.070 Thread 0x000001bbe4a7af50 DEOPT PACKING pc=0x000001bbee9e6414 sp=0x0000001babafd860
Event: 4.070 Thread 0x000001bbe4a7af50 DEOPT UNPACKING pc=0x000001bbee47dece sp=0x0000001babafcd10 mode 0
Event: 4.070 Thread 0x000001bbe4a7af50 DEOPT PACKING pc=0x000001bbee9e6414 sp=0x0000001babafd860
Event: 4.070 Thread 0x000001bbe4a7af50 DEOPT UNPACKING pc=0x000001bbee47dece sp=0x0000001babafcd10 mode 0
Event: 4.070 Thread 0x000001bbe4a7af50 DEOPT PACKING pc=0x000001bbee9e6414 sp=0x0000001babafd860
Event: 4.070 Thread 0x000001bbe4a7af50 DEOPT UNPACKING pc=0x000001bbee47dece sp=0x0000001babafcd10 mode 0
Event: 4.070 Thread 0x000001bbe4a7af50 DEOPT PACKING pc=0x000001bbee9e6414 sp=0x0000001babafd860
Event: 4.070 Thread 0x000001bbe4a7af50 DEOPT UNPACKING pc=0x000001bbee47dece sp=0x0000001babafcd10 mode 0
Event: 5.658 Thread 0x000001bbe4a7af50 DEOPT PACKING pc=0x000001bbee9eb667 sp=0x0000001babafe0d0
Event: 5.658 Thread 0x000001bbe4a7af50 DEOPT UNPACKING pc=0x000001bbee47dece sp=0x0000001babafd4f0 mode 0
Event: 5.775 Thread 0x000001bbe4a7af50 DEOPT PACKING pc=0x000001bbee9e4cd1 sp=0x0000001babafe4d0
Event: 5.775 Thread 0x000001bbe4a7af50 DEOPT UNPACKING pc=0x000001bbee47dece sp=0x0000001babafd948 mode 0
Event: 5.935 Thread 0x000001bbe4a7af50 DEOPT PACKING pc=0x000001bbee9eec2d sp=0x0000001babafd760
Event: 5.935 Thread 0x000001bbe4a7af50 DEOPT UNPACKING pc=0x000001bbee47dece sp=0x0000001babafcbf8 mode 0

Classes unloaded (0 events):
No events

Classes redefined (0 events):
No events

Internal exceptions (19 events):
Event: 4.123 Thread 0x000001bbe4a7af50 Exception <a 'java/lang/NoClassDefFoundError'{0x0000000089ac78c0}: org/apache/log4j/Priority> (0x0000000089ac78c0) 
thrown [t:\workspace\open\src\hotspot\share\classfile\systemDictionary.cpp, line 245]
Event: 4.164 Thread 0x000001bbe4a7af50 Exception <a 'java/lang/NoSuchMethodError'{0x000000008990a858}: 'void java.lang.invoke.DirectMethodHandle$Holder.invokeSpecial(java.lang.Object, java.lang.Object, java.lang.Object)'> (0x000000008990a858) 
thrown [t:\workspace\open\src\hotspot\share\interpreter\linkResolver.cpp, line 790]
Event: 5.645 Thread 0x000001bbe4a7af50 Exception <a 'java/lang/ClassNotFoundException'{0x0000000089577e68}: sun/net/www/protocol/c/Handler> (0x0000000089577e68) 
thrown [t:\workspace\open\src\hotspot\share\classfile\systemDictionary.cpp, line 256]
Event: 5.661 Thread 0x000001bbe4a7af50 Exception <a 'java/lang/ClassNotFoundException'{0x00000000895c5b30}: sun/net/www/protocol/c/Handler> (0x00000000895c5b30) 
thrown [t:\workspace\open\src\hotspot\share\classfile\systemDictionary.cpp, line 256]
Event: 5.769 Thread 0x000001bbe4a7af50 Exception <a 'java/lang/NoSuchMethodError'{0x0000000089425770}: 'java.lang.Object java.lang.invoke.DirectMethodHandle$Holder.invokeStatic(java.lang.Object)'> (0x0000000089425770) 
thrown [t:\workspace\open\src\hotspot\share\interpreter\linkResolver.cpp, line 790]
Event: 6.239 Thread 0x000001bbe4a7af50 Exception <a 'java/lang/ClassNotFoundException'{0x00000000893e50f8}: com/puppycrawl/tools/checkstyle/CheckerBeanInfo> (0x00000000893e50f8) 
thrown [t:\workspace\open\src\hotspot\share\classfile\systemDictionary.cpp, line 256]
Event: 6.240 Thread 0x000001bbe4a7af50 Exception <a 'java/lang/ClassNotFoundException'{0x00000000893e6020}: com/puppycrawl/tools/checkstyle/api/AutomaticBeanBeanInfo> (0x00000000893e6020) 
thrown [t:\workspace\open\src\hotspot\share\classfile\systemDictionary.cpp, line 256]
Event: 6.240 Thread 0x000001bbe4a7af50 Exception <a 'java/lang/ClassNotFoundException'{0x00000000893e67d8}: java/lang/ObjectBeanInfo> (0x00000000893e67d8) 
thrown [t:\workspace\open\src\hotspot\share\classfile\systemDictionary.cpp, line 256]
Event: 6.245 Thread 0x000001bbe4a7af50 Exception <a 'java/lang/ClassNotFoundException'{0x00000000893e7638}: java/lang/ObjectCustomizer> (0x00000000893e7638) 
thrown [t:\workspace\open\src\hotspot\share\classfile\systemDictionary.cpp, line 256]
Event: 6.253 Thread 0x000001bbe4a7af50 Exception <a 'java/lang/NoSuchMethodError'{0x00000000893ecf10}: 'java.lang.Object java.lang.invoke.DirectMethodHandle$Holder.invokeInterface(java.lang.Object, java.lang.Object)'> (0x00000000893ecf10) 
thrown [t:\workspace\open\src\hotspot\share\interpreter\linkResolver.cpp, line 790]
Event: 6.254 Thread 0x000001bbe4a7af50 Exception <a 'java/lang/IncompatibleClassChangeError'{0x00000000893f0908}: Found class java.lang.Object, but interface was expected> (0x00000000893f0908) 
thrown [t:\workspace\open\src\hotspot\share\interpreter\linkResolver.cpp, line 857]
Event: 6.260 Thread 0x000001bbe4a7af50 Exception <a 'java/lang/ClassNotFoundException'{0x00000000893f6d48}: com/puppycrawl/tools/checkstyle/api/AutomaticBeanCustomizer> (0x00000000893f6d48) 
thrown [t:\workspace\open\src\hotspot\share\classfile\systemDictionary.cpp, line 256]
Event: 6.261 Thread 0x000001bbe4a7af50 Exception <a 'java/lang/ClassNotFoundException'{0x00000000893fafe8}: com/puppycrawl/tools/checkstyle/CheckerCustomizer> (0x00000000893fafe8) 
thrown [t:\workspace\open\src\hotspot\share\classfile\systemDictionary.cpp, line 256]
Event: 6.359 Thread 0x000001bbe4a7af50 Exception <a 'java/lang/ClassNotFoundException'{0x00000000892781b0}: com/puppycrawl/tools/checkstyle/TreeWalkerBeanInfo> (0x00000000892781b0) 
thrown [t:\workspace\open\src\hotspot\share\classfile\systemDictionary.cpp, line 256]
Event: 6.360 Thread 0x000001bbe4a7af50 Exception <a 'java/lang/ClassNotFoundException'{0x00000000892790b0}: com/puppycrawl/tools/checkstyle/api/AbstractFileSetCheckBeanInfo> (0x00000000892790b0) 
thrown [t:\workspace\open\src\hotspot\share\classfile\systemDictionary.cpp, line 256]
Event: 6.360 Thread 0x000001bbe4a7af50 Exception <a 'java/lang/ClassNotFoundException'{0x000000008927a008}: com/puppycrawl/tools/checkstyle/api/AbstractViolationReporterBeanInfo> (0x000000008927a008) 
thrown [t:\workspace\open\src\hotspot\share\classfile\systemDictionary.cpp, line 256]
Event: 6.360 Thread 0x000001bbe4a7af50 Exception <a 'java/lang/ClassNotFoundException'{0x000000008927af38}: com/puppycrawl/tools/checkstyle/api/AbstractViolationReporterCustomizer> (0x000000008927af38) 
thrown [t:\workspace\open\src\hotspot\share\classfile\systemDictionary.cpp, line 256]
Event: 6.363 Thread 0x000001bbe4a7af50 Exception <a 'java/lang/ClassNotFoundException'{0x00000000892834d8}: com/puppycrawl/tools/checkstyle/api/AbstractFileSetCheckCustomizer> (0x00000000892834d8) 
thrown [t:\workspace\open\src\hotspot\share\classfile\systemDictionary.cpp, line 256]
Event: 6.368 Thread 0x000001bbe4a7af50 Exception <a 'java/lang/ClassNotFoundException'{0x000000008929f7d8}: com/puppycrawl/tools/checkstyle/TreeWalkerCustomizer> (0x000000008929f7d8) 
thrown [t:\workspace\open\src\hotspot\share\classfile\systemDictionary.cpp, line 256]

Events (20 events):
Event: 6.259 loading class java/beans/IndexedPropertyDescriptor
Event: 6.259 loading class java/beans/IndexedPropertyDescriptor done
Event: 6.259 loading class java/beans/GenericBeanInfo
Event: 6.259 loading class java/beans/SimpleBeanInfo
Event: 6.259 loading class java/beans/SimpleBeanInfo done
Event: 6.259 loading class java/beans/GenericBeanInfo done
Event: 6.260 loading class java/util/Hashtable$EntrySet
Event: 6.261 loading class java/util/Hashtable$EntrySet done
Event: 6.262 loading class sun/reflect/generics/tree/VoidDescriptor
Event: 6.262 loading class sun/reflect/generics/tree/VoidDescriptor done
Event: 6.264 loading class sun/reflect/generics/tree/IntSignature
Event: 6.264 loading class sun/reflect/generics/tree/IntSignature done
Event: 6.264 loading class java/util/regex/Pattern$BnM
Event: 6.264 loading class java/util/regex/Pattern$BnM done
Event: 6.266 loading class java/util/EventObject
Event: 6.266 loading class java/util/EventObject done
Event: 6.266 loading class java/util/TooManyListenersException
Event: 6.266 loading class java/util/TooManyListenersException done
Event: 6.357 loading class java/lang/ThreadLocal$SuppliedThreadLocal
Event: 6.357 loading class java/lang/ThreadLocal$SuppliedThreadLocal done


Dynamic libraries:
0x00007ff60d1c0000 - 0x00007ff60d1d0000 	C:\Program Files\Java\jdk-16.0.2\bin\java.exe
0x00007ff9637b0000 - 0x00007ff9639a5000 	C:\WINDOWS\SYSTEM32\ntdll.dll
0x00007ff9335d0000 - 0x00007ff9335e5000 	C:\Program Files\Avast Software\Avast\aswhook.dll
0x00007ff962200000 - 0x00007ff9622be000 	C:\WINDOWS\System32\KERNEL32.DLL
0x00007ff960f70000 - 0x00007ff961239000 	C:\WINDOWS\System32\KERNELBASE.dll
0x00007ff95e1c0000 - 0x00007ff95e250000 	C:\WINDOWS\SYSTEM32\apphelp.dll
0x00007ff961270000 - 0x00007ff961370000 	C:\WINDOWS\System32\ucrtbase.dll
0x00007ff928d50000 - 0x00007ff928d69000 	C:\Program Files\Java\jdk-16.0.2\bin\VCRUNTIME140.dll
0x00007ff9281a0000 - 0x00007ff9281b8000 	C:\Program Files\Java\jdk-16.0.2\bin\jli.dll
0x00007ff962150000 - 0x00007ff9621fc000 	C:\WINDOWS\System32\ADVAPI32.dll
0x00007ff962020000 - 0x00007ff9620be000 	C:\WINDOWS\System32\msvcrt.dll
0x00007ff963640000 - 0x00007ff9636db000 	C:\WINDOWS\System32\sechost.dll
0x00007ff963380000 - 0x00007ff9634aa000 	C:\WINDOWS\System32\RPCRT4.dll
0x00007ff9618a0000 - 0x00007ff961a41000 	C:\WINDOWS\System32\USER32.dll
0x00007ff961240000 - 0x00007ff961262000 	C:\WINDOWS\System32\win32u.dll
0x00007ff961870000 - 0x00007ff96189b000 	C:\WINDOWS\System32\GDI32.dll
0x00007ff961370000 - 0x00007ff96147b000 	C:\WINDOWS\System32\gdi32full.dll
0x00007ff960ed0000 - 0x00007ff960f6d000 	C:\WINDOWS\System32\msvcp_win.dll
0x00007ff942be0000 - 0x00007ff942e7a000 	C:\WINDOWS\WinSxS\amd64_microsoft.windows.common-controls_6595b64144ccf1df_6.0.19041.1110_none_60b5254171f9507e\COMCTL32.dll
0x00007ff95fcc0000 - 0x00007ff95fcca000 	C:\WINDOWS\SYSTEM32\VERSION.dll
0x00007ff962120000 - 0x00007ff962150000 	C:\WINDOWS\System32\IMM32.DLL
0x00007ff940fe0000 - 0x00007ff940fec000 	C:\Program Files\Java\jdk-16.0.2\bin\vcruntime140_1.dll
0x00007ff8e15a0000 - 0x00007ff8e1631000 	C:\Program Files\Java\jdk-16.0.2\bin\msvcp140.dll
0x00007ff8d6e10000 - 0x00007ff8d79bb000 	C:\Program Files\Java\jdk-16.0.2\bin\server\jvm.dll
0x00007ff961ee0000 - 0x00007ff961ee8000 	C:\WINDOWS\System32\PSAPI.DLL
0x00007ff946f80000 - 0x00007ff946f89000 	C:\WINDOWS\SYSTEM32\WSOCK32.dll
0x00007ff962470000 - 0x00007ff9624db000 	C:\WINDOWS\System32\WS2_32.dll
0x00007ff93f500000 - 0x00007ff93f527000 	C:\WINDOWS\SYSTEM32\WINMM.dll
0x00007ff95fc80000 - 0x00007ff95fc92000 	C:\WINDOWS\SYSTEM32\kernel.appcore.dll
0x00007ff93e8c0000 - 0x00007ff93e8ca000 	C:\Program Files\Java\jdk-16.0.2\bin\jimage.dll
0x00007ff95e9a0000 - 0x00007ff95eb84000 	C:\WINDOWS\SYSTEM32\DBGHELP.DLL
0x00007ff94a5d0000 - 0x00007ff94a5fc000 	C:\WINDOWS\SYSTEM32\dbgcore.DLL
0x00007ff961770000 - 0x00007ff9617f3000 	C:\WINDOWS\System32\bcryptPrimitives.dll
0x00007ff933800000 - 0x00007ff933825000 	C:\Program Files\Java\jdk-16.0.2\bin\java.dll
0x00007ff9627a0000 - 0x00007ff962edf000 	C:\WINDOWS\System32\SHELL32.dll
0x00007ff95f4f0000 - 0x00007ff95fc80000 	C:\WINDOWS\SYSTEM32\windows.storage.dll
0x00007ff961b80000 - 0x00007ff961ed5000 	C:\WINDOWS\System32\combase.dll
0x00007ff960850000 - 0x00007ff96087c000 	C:\WINDOWS\SYSTEM32\Wldp.dll
0x00007ff9624e0000 - 0x00007ff96258e000 	C:\WINDOWS\System32\SHCORE.dll
0x00007ff962590000 - 0x00007ff9625e5000 	C:\WINDOWS\System32\shlwapi.dll
0x00007ff960e10000 - 0x00007ff960e2f000 	C:\WINDOWS\SYSTEM32\profapi.dll
0x00007ff92e4c0000 - 0x00007ff92e4d9000 	C:\Program Files\Java\jdk-16.0.2\bin\net.dll
0x00007ff94c400000 - 0x00007ff94c508000 	C:\WINDOWS\SYSTEM32\WINHTTP.dll
0x00007ff9605b0000 - 0x00007ff96061a000 	C:\WINDOWS\system32\mswsock.dll
0x00007ff92e4a0000 - 0x00007ff92e4b3000 	C:\Program Files\Java\jdk-16.0.2\bin\nio.dll
0x00007ff92d6b0000 - 0x00007ff92d6c8000 	C:\Program Files\Java\jdk-16.0.2\bin\zip.dll
0x00007ff938b50000 - 0x00007ff938b60000 	C:\Program Files\Java\jdk-16.0.2\bin\verify.dll

dbghelp: loaded successfully - version: 4.0.5 - missing functions: none
symbol engine: initialized successfully - sym options: 0x614 - pdb path: .;C:\Program Files\Java\jdk-16.0.2\bin;C:\WINDOWS\SYSTEM32;C:\Program Files\Avast Software\Avast;C:\WINDOWS\WinSxS\amd64_microsoft.windows.common-controls_6595b64144ccf1df_6.0.19041.1110_none_60b5254171f9507e;C:\Program Files\Java\jdk-16.0.2\bin\server

VM Arguments:
java_command: C:/Users/Mia/.vscode/extensions/rianadon.vscode-java-checkstyle-0.2.0/checkstyle-8.35-all.jar -c C:/Users/Mia/.vscode/extensions/rianadon.vscode-java-checkstyle-0.2.0/UWG_checks.xml c:\Users\Mia\CS4985TheArtistsDream\code\TheArtistsDreamServer\src\test\java\edu\westga\devops\theartistsdreamserver\artworkmanager\TestSearchForArtworks.java
java_class_path (initial): C:/Users/Mia/.vscode/extensions/rianadon.vscode-java-checkstyle-0.2.0/checkstyle-8.35-all.jar
Launcher Type: SUN_STANDARD

[Global flags]
     intx CICompilerCount                          = 4                                         {product} {ergonomic}
     uint ConcGCThreads                            = 2                                         {product} {ergonomic}
     uint G1ConcRefinementThreads                  = 8                                         {product} {ergonomic}
   size_t G1HeapRegionSize                         = 1048576                                   {product} {ergonomic}
    uintx GCDrainStackTargetSize                   = 64                                        {product} {ergonomic}
   size_t InitialHeapSize                          = 134217728                                 {product} {ergonomic}
   size_t MarkStackSize                            = 4194304                                   {product} {ergonomic}
   size_t MaxHeapSize                              = 2118123520                                {product} {ergonomic}
   size_t MaxNewSize                               = 1270874112                                {product} {ergonomic}
   size_t MinHeapDeltaBytes                        = 1048576                                   {product} {ergonomic}
   size_t MinHeapSize                              = 8388608                                   {product} {ergonomic}
    uintx NonNMethodCodeHeapSize                   = 5839372                                {pd product} {ergonomic}
    uintx NonProfiledCodeHeapSize                  = 122909434                              {pd product} {ergonomic}
    uintx ProfiledCodeHeapSize                     = 122909434                              {pd product} {ergonomic}
    uintx ReservedCodeCacheSize                    = 251658240                              {pd product} {ergonomic}
     bool SegmentedCodeCache                       = true                                      {product} {ergonomic}
   size_t SoftMaxHeapSize                          = 2118123520                             {manageable} {ergonomic}
     bool UseCompressedClassPointers               = true                           {product lp64_product} {ergonomic}
     bool UseCompressedOops                        = true                           {product lp64_product} {ergonomic}
     bool UseG1GC                                  = true                                      {product} {ergonomic}
     bool UseLargePagesIndividualAllocation        = false                                  {pd product} {ergonomic}

Logging:
Log output configuration:
 #0: stdout all=warning uptime,level,tags
 #1: stderr all=off uptime,level,tags

Environment Variables:
JAVA_HOME=C:\Program Files\Java\jdk-16.0.2
PATH=C:\Program Files\Common Files\Oracle\Java\javapath;C:\Program Files\Java\jdk-16.0.2\bin;C:\Users\Mia\Downloads\jdk-14.0.2_windows-x64_bin (2).exe;C:\Program Files\dotnet\;C:\WINDOWS\system32;C:\WINDOWS;C:\WINDOWS\System32\Wbem;C:\WINDOWS\System32\WindowsPowerShell\v1.0\;C:\WINDOWS\System32\OpenSSH\;C:\Program Files (x86)\nodejs\;C:\Users\Mia\Downloads\apache-maven-3.8.2-bin\apache-maven-3.8.2\bin;C:\Program Files\Git\cmd;C:\Program Files\MySQL\MySQL Shell 8.0\bin\;C:\Users\Mia\AppData\Local\Programs\Python\Python39\Scripts;C:\Users\Mia\AppData\Local\Programs\Python\Python39;C:\Program Files\Java\jdk-14\bin;"C:\Users\Mia\AppData\Local\Microsoft\WindowsAppsC:\Windows\System32;";C:\Users\Mia\.dotnet\tools;C:\Users\Mia\AppData\Local\Microsoft\WindowsApps;C:\Users\Mia\AppData\Local\Programs\Microsoft VS Code\bin;C:\Users\Mia\AppData\Local\Programs\Azure Data Studio\bin;C:\Users\Mia\AppData\Roaming\npm;C:\Program Files\JetBrains\IntelliJ IDEA Community Edition 2021.2.2\bin
USERNAME=Mia
PROCESSOR_IDENTIFIER=Intel64 Family 6 Model 142 Stepping 12, GenuineIntel



---------------  S Y S T E M  ---------------

OS:
 Windows 10 , 64 bit Build 19041 (10.0.19041.1202)
OS uptime: 8 days 9:56 hours

CPU: total 8 (initial active 8) (4 cores per cpu, 2 threads per core) family 6 model 142 stepping 12 microcode 0xb8, cx8, cmov, fxsr, ht, mmx, 3dnowpref, sse, sse2, sse3, ssse3, sse4.1, sse4.2, popcnt, lzcnt, tsc, tscinvbit, avx, avx2, aes, erms, clmul, bmi1, bmi2, adx, fma, vzeroupper, clflush, clflushopt

Memory: 4k page, system-wide physical 8078M (751M free)
TotalPageFile size 32654M (AvailPageFile size 0M)
current process WorkingSet (physical memory assigned to process): 56M, peak: 56M
current process commit charge ("private bytes"): 218M, peak: 218M

vm_info: Java HotSpot(TM) 64-Bit Server VM (16.0.2+7-67) for windows-amd64 JRE (16.0.2+7-67), built on Jun  8 2021 23:24:19 by "mach5one" with MS VC++ 16.7 (VS2019)

END.
