#
# There is insufficient memory for the Java Runtime Environment to continue.
# Native memory allocation (malloc) failed to allocate 159120 bytes for Chunk::new
# Possible reasons:
#   The system is out of physical RAM or swap space
#   The process is running with CompressedOops enabled, and the Java Heap may be blocking the growth of the native heap
# Possible solutions:
#   Reduce memory load on the system
#   Increase physical memory or swap space
#   Check if swap backing store is full
#   Decrease Java heap size (-Xmx/-Xms)
#   Decrease number of Java threads
#   Decrease Java thread stack sizes (-Xss)
#   Set larger code cache with -XX:ReservedCodeCacheSize=
#   JVM is running with Unscaled Compressed Oops mode in which the Java heap is
#     placed in the first 4GB address space. The Java Heap base address is the
#     maximum limit for the native heap growth. Please use -XX:HeapBaseMinAddress
#     to set the Java Heap base and to place the Java Heap above 4GB virtual address.
# This output file may be truncated or incomplete.
#
#  Out of Memory Error (arena.cpp:195), pid=48672, tid=49528
#
# JRE version: Java(TM) SE Runtime Environment (16.0.2+7) (build 16.0.2+7-67)
# Java VM: Java HotSpot(TM) 64-Bit Server VM (16.0.2+7-67, mixed mode, sharing, tiered, compressed oops, compressed class ptrs, g1 gc, windows-amd64)
# No core dump will be written. Minidumps are not enabled by default on client versions of Windows
#

---------------  S U M M A R Y ------------

Command Line: C:/Users/Mia/.vscode/extensions/rianadon.vscode-java-checkstyle-0.2.0/checkstyle-8.35-all.jar -c C:/Users/Mia/.vscode/extensions/rianadon.vscode-java-checkstyle-0.2.0/UWG_checks.xml c:\Users\Mia\CS4985TheArtistsDream\code\TheArtistsDreamClient\src\main\java\edu\westga\devops\theartistsdreamclient\view\controls\PortfolioPane.java

Host: Intel(R) Core(TM) i5-8265U CPU @ 1.60GHz, 8 cores, 7G,  Windows 10 , 64 bit Build 19041 (10.0.19041.1202)
Time: Thu Oct 14 20:52:58 2021 Eastern Daylight Time elapsed time: 6.323744 seconds (0d 0h 0m 6s)

---------------  T H R E A D  ---------------

Current thread (0x000002a6d8155a00):  JavaThread "C2 CompilerThread0" daemon [_thread_in_native, id=49528, stack(0x000000f9c9200000,0x000000f9c9300000)]


Current CompileTask:
C2:   6323  903       4       java.util.HashMap::putVal (300 bytes)

Stack: [0x000000f9c9200000,0x000000f9c9300000]
Native frames: (J=compiled Java code, j=interpreted, Vv=VM code, C=native code)
V  [jvm.dll+0x6681ca]
V  [jvm.dll+0x7c9e69]
V  [jvm.dll+0x7cb61e]
V  [jvm.dll+0x7cbc73]
V  [jvm.dll+0x242c55]
V  [jvm.dll+0xadeba]
V  [jvm.dll+0xae45c]
V  [jvm.dll+0x35a8d7]
V  [jvm.dll+0x324de1]
V  [jvm.dll+0x32428a]
V  [jvm.dll+0x215cec]
V  [jvm.dll+0x215100]
V  [jvm.dll+0x1a1beb]
V  [jvm.dll+0x225158]
V  [jvm.dll+0x22319c]
V  [jvm.dll+0x77fa62]
V  [jvm.dll+0x7795aa]
V  [jvm.dll+0x667066]
C  [ucrtbase.dll+0x21bb2]
C  [KERNEL32.DLL+0x17034]
C  [ntdll.dll+0x52651]


---------------  P R O C E S S  ---------------

Threads class SMR info:
_java_thread_list=0x000002a6d8fab040, length=12, elements={
0x000002a6b808afc0, 0x000002a6d8136900, 0x000002a6d8138280, 0x000002a6d8149380,
0x000002a6d814b8b0, 0x000002a6d814c660, 0x000002a6d8154920, 0x000002a6d8155a00,
0x000002a6d81588b0, 0x000002a6d81c4ce0, 0x000002a6d8cc07b0, 0x000002a6d8cc75f0
}

Java Threads: ( => current thread )
  0x000002a6b808afc0 JavaThread "main" [_thread_in_vm, id=36452, stack(0x000000f9c8500000,0x000000f9c8600000)]
  0x000002a6d8136900 JavaThread "Reference Handler" daemon [_thread_blocked, id=47184, stack(0x000000f9c8c00000,0x000000f9c8d00000)]
  0x000002a6d8138280 JavaThread "Finalizer" daemon [_thread_blocked, id=12620, stack(0x000000f9c8d00000,0x000000f9c8e00000)]
  0x000002a6d8149380 JavaThread "Signal Dispatcher" daemon [_thread_blocked, id=16300, stack(0x000000f9c8e00000,0x000000f9c8f00000)]
  0x000002a6d814b8b0 JavaThread "Attach Listener" daemon [_thread_blocked, id=49928, stack(0x000000f9c8f00000,0x000000f9c9000000)]
  0x000002a6d814c660 JavaThread "Service Thread" daemon [_thread_blocked, id=3744, stack(0x000000f9c9000000,0x000000f9c9100000)]
  0x000002a6d8154920 JavaThread "Monitor Deflation Thread" daemon [_thread_blocked, id=14200, stack(0x000000f9c9100000,0x000000f9c9200000)]
=>0x000002a6d8155a00 JavaThread "C2 CompilerThread0" daemon [_thread_in_native, id=49528, stack(0x000000f9c9200000,0x000000f9c9300000)]
  0x000002a6d81588b0 JavaThread "C1 CompilerThread0" daemon [_thread_in_native, id=20352, stack(0x000000f9c9300000,0x000000f9c9400000)]
  0x000002a6d81c4ce0 JavaThread "Sweeper thread" daemon [_thread_blocked, id=44632, stack(0x000000f9c9400000,0x000000f9c9500000)]
  0x000002a6d8cc07b0 JavaThread "Notification Thread" daemon [_thread_blocked, id=36132, stack(0x000000f9c9500000,0x000000f9c9600000)]
  0x000002a6d8cc75f0 JavaThread "Common-Cleaner" daemon [_thread_blocked, id=20892, stack(0x000000f9c9700000,0x000000f9c9800000)]

Other Threads:
  0x000002a6d8130500 VMThread "VM Thread" [stack: 0x000000f9c8b00000,0x000000f9c8c00000] [id=45692]
  0x000002a6d8cc6cf0 WatcherThread [stack: 0x000000f9c9600000,0x000000f9c9700000] [id=24676]
  0x000002a6ba1c1f10 GCTaskThread "GC Thread#0" [stack: 0x000000f9c8600000,0x000000f9c8700000] [id=38616]
  0x000002a6ba1d2bd0 ConcurrentGCThread "G1 Main Marker" [stack: 0x000000f9c8700000,0x000000f9c8800000] [id=14364]
  0x000002a6ba1d3eb0 ConcurrentGCThread "G1 Conc#0" [stack: 0x000000f9c8800000,0x000000f9c8900000] [id=47164]
  0x000002a6ba24d320 ConcurrentGCThread "G1 Refine#0" [stack: 0x000000f9c8900000,0x000000f9c8a00000] [id=46744]
  0x000002a6d7fe4ba0 ConcurrentGCThread "G1 Service" [stack: 0x000000f9c8a00000,0x000000f9c8b00000] [id=47788]

Threads with active compile tasks:
C2 CompilerThread0     6362  903       4       java.util.HashMap::putVal (300 bytes)
C1 CompilerThread0     6362  917       3       org.apache.commons.beanutils.converters.NumberConverter::toNumber (815 bytes)

VM state: not at safepoint (normal execution)

VM Mutex/Monitor currently owned by a thread: None

Heap address: 0x0000000081c00000, size: 2020 MB, Compressed Oops mode: 32-bit

CDS archive(s) mapped at: [0x0000000800000000-0x0000000800bb0000-0x0000000800bb0000), size 12255232, SharedBaseAddress: 0x0000000800000000, ArchiveRelocationMode: 0.
Compressed class space mapped at: 0x0000000800c00000-0x0000000840c00000, reserved size: 1073741824
Narrow klass base: 0x0000000800000000, Narrow klass shift: 3, Narrow klass range: 0x100000000

GC Precious Log:
 CPUs: 8 total, 8 available
 Memory: 8078M
 Large Page Support: Disabled
 NUMA Support: Disabled
 Compressed Oops: Enabled (32-bit)
 Heap Region Size: 1M
 Heap Min Capacity: 8M
 Heap Initial Capacity: 128M
 Heap Max Capacity: 2020M
 Pre-touch: Disabled
 Parallel Workers: 8
 Concurrent Workers: 2
 Concurrent Refinement Workers: 8
 Periodic GC: Disabled

Heap:
 garbage-first heap   total 131072K, used 15360K [0x0000000081c00000, 0x0000000100000000)
  region size 1024K, 15 young (15360K), 0 survivors (0K)
 Metaspace       used 5572K, committed 5696K, reserved 1056768K
  class space    used 567K, committed 640K, reserved 1048576K

Heap Regions: E=young(eden), S=young(survivor), O=old, HS=humongous(starts), HC=humongous(continues), CS=collection set, F=free, OA=open archive, CA=closed archive, TAMS=top-at-mark-start (previous, next)
|   0|0x0000000081c00000, 0x0000000081d00000, 0x0000000081d00000|100%|HS|  |TAMS 0x0000000081c00000, 0x0000000081c00000| Complete 
|   1|0x0000000081d00000, 0x0000000081e00000, 0x0000000081e00000|100%|HS|  |TAMS 0x0000000081d00000, 0x0000000081d00000| Complete 
|   2|0x0000000081e00000, 0x0000000081e00000, 0x0000000081f00000|  0%| F|  |TAMS 0x0000000081e00000, 0x0000000081e00000| Untracked 
|   3|0x0000000081f00000, 0x0000000081f00000, 0x0000000082000000|  0%| F|  |TAMS 0x0000000081f00000, 0x0000000081f00000| Untracked 
|   4|0x0000000082000000, 0x0000000082000000, 0x0000000082100000|  0%| F|  |TAMS 0x0000000082000000, 0x0000000082000000| Untracked 
|   5|0x0000000082100000, 0x0000000082100000, 0x0000000082200000|  0%| F|  |TAMS 0x0000000082100000, 0x0000000082100000| Untracked 
|   6|0x0000000082200000, 0x0000000082200000, 0x0000000082300000|  0%| F|  |TAMS 0x0000000082200000, 0x0000000082200000| Untracked 
|   7|0x0000000082300000, 0x0000000082300000, 0x0000000082400000|  0%| F|  |TAMS 0x0000000082300000, 0x0000000082300000| Untracked 
|   8|0x0000000082400000, 0x0000000082400000, 0x0000000082500000|  0%| F|  |TAMS 0x0000000082400000, 0x0000000082400000| Untracked 
|   9|0x0000000082500000, 0x0000000082500000, 0x0000000082600000|  0%| F|  |TAMS 0x0000000082500000, 0x0000000082500000| Untracked 
|  10|0x0000000082600000, 0x0000000082600000, 0x0000000082700000|  0%| F|  |TAMS 0x0000000082600000, 0x0000000082600000| Untracked 
|  11|0x0000000082700000, 0x0000000082700000, 0x0000000082800000|  0%| F|  |TAMS 0x0000000082700000, 0x0000000082700000| Untracked 
|  12|0x0000000082800000, 0x0000000082800000, 0x0000000082900000|  0%| F|  |TAMS 0x0000000082800000, 0x0000000082800000| Untracked 
|  13|0x0000000082900000, 0x0000000082900000, 0x0000000082a00000|  0%| F|  |TAMS 0x0000000082900000, 0x0000000082900000| Untracked 
|  14|0x0000000082a00000, 0x0000000082a00000, 0x0000000082b00000|  0%| F|  |TAMS 0x0000000082a00000, 0x0000000082a00000| Untracked 
|  15|0x0000000082b00000, 0x0000000082b00000, 0x0000000082c00000|  0%| F|  |TAMS 0x0000000082b00000, 0x0000000082b00000| Untracked 
|  16|0x0000000082c00000, 0x0000000082c00000, 0x0000000082d00000|  0%| F|  |TAMS 0x0000000082c00000, 0x0000000082c00000| Untracked 
|  17|0x0000000082d00000, 0x0000000082d00000, 0x0000000082e00000|  0%| F|  |TAMS 0x0000000082d00000, 0x0000000082d00000| Untracked 
|  18|0x0000000082e00000, 0x0000000082e00000, 0x0000000082f00000|  0%| F|  |TAMS 0x0000000082e00000, 0x0000000082e00000| Untracked 
|  19|0x0000000082f00000, 0x0000000082f00000, 0x0000000083000000|  0%| F|  |TAMS 0x0000000082f00000, 0x0000000082f00000| Untracked 
|  20|0x0000000083000000, 0x0000000083000000, 0x0000000083100000|  0%| F|  |TAMS 0x0000000083000000, 0x0000000083000000| Untracked 
|  21|0x0000000083100000, 0x0000000083100000, 0x0000000083200000|  0%| F|  |TAMS 0x0000000083100000, 0x0000000083100000| Untracked 
|  22|0x0000000083200000, 0x0000000083200000, 0x0000000083300000|  0%| F|  |TAMS 0x0000000083200000, 0x0000000083200000| Untracked 
|  23|0x0000000083300000, 0x0000000083300000, 0x0000000083400000|  0%| F|  |TAMS 0x0000000083300000, 0x0000000083300000| Untracked 
|  24|0x0000000083400000, 0x0000000083400000, 0x0000000083500000|  0%| F|  |TAMS 0x0000000083400000, 0x0000000083400000| Untracked 
|  25|0x0000000083500000, 0x0000000083500000, 0x0000000083600000|  0%| F|  |TAMS 0x0000000083500000, 0x0000000083500000| Untracked 
|  26|0x0000000083600000, 0x0000000083600000, 0x0000000083700000|  0%| F|  |TAMS 0x0000000083600000, 0x0000000083600000| Untracked 
|  27|0x0000000083700000, 0x0000000083700000, 0x0000000083800000|  0%| F|  |TAMS 0x0000000083700000, 0x0000000083700000| Untracked 
|  28|0x0000000083800000, 0x0000000083800000, 0x0000000083900000|  0%| F|  |TAMS 0x0000000083800000, 0x0000000083800000| Untracked 
|  29|0x0000000083900000, 0x0000000083900000, 0x0000000083a00000|  0%| F|  |TAMS 0x0000000083900000, 0x0000000083900000| Untracked 
|  30|0x0000000083a00000, 0x0000000083a00000, 0x0000000083b00000|  0%| F|  |TAMS 0x0000000083a00000, 0x0000000083a00000| Untracked 
|  31|0x0000000083b00000, 0x0000000083b00000, 0x0000000083c00000|  0%| F|  |TAMS 0x0000000083b00000, 0x0000000083b00000| Untracked 
|  32|0x0000000083c00000, 0x0000000083c00000, 0x0000000083d00000|  0%| F|  |TAMS 0x0000000083c00000, 0x0000000083c00000| Untracked 
|  33|0x0000000083d00000, 0x0000000083d00000, 0x0000000083e00000|  0%| F|  |TAMS 0x0000000083d00000, 0x0000000083d00000| Untracked 
|  34|0x0000000083e00000, 0x0000000083e00000, 0x0000000083f00000|  0%| F|  |TAMS 0x0000000083e00000, 0x0000000083e00000| Untracked 
|  35|0x0000000083f00000, 0x0000000083f00000, 0x0000000084000000|  0%| F|  |TAMS 0x0000000083f00000, 0x0000000083f00000| Untracked 
|  36|0x0000000084000000, 0x0000000084000000, 0x0000000084100000|  0%| F|  |TAMS 0x0000000084000000, 0x0000000084000000| Untracked 
|  37|0x0000000084100000, 0x0000000084100000, 0x0000000084200000|  0%| F|  |TAMS 0x0000000084100000, 0x0000000084100000| Untracked 
|  38|0x0000000084200000, 0x0000000084200000, 0x0000000084300000|  0%| F|  |TAMS 0x0000000084200000, 0x0000000084200000| Untracked 
|  39|0x0000000084300000, 0x0000000084300000, 0x0000000084400000|  0%| F|  |TAMS 0x0000000084300000, 0x0000000084300000| Untracked 
|  40|0x0000000084400000, 0x0000000084400000, 0x0000000084500000|  0%| F|  |TAMS 0x0000000084400000, 0x0000000084400000| Untracked 
|  41|0x0000000084500000, 0x0000000084500000, 0x0000000084600000|  0%| F|  |TAMS 0x0000000084500000, 0x0000000084500000| Untracked 
|  42|0x0000000084600000, 0x0000000084600000, 0x0000000084700000|  0%| F|  |TAMS 0x0000000084600000, 0x0000000084600000| Untracked 
|  43|0x0000000084700000, 0x0000000084700000, 0x0000000084800000|  0%| F|  |TAMS 0x0000000084700000, 0x0000000084700000| Untracked 
|  44|0x0000000084800000, 0x0000000084800000, 0x0000000084900000|  0%| F|  |TAMS 0x0000000084800000, 0x0000000084800000| Untracked 
|  45|0x0000000084900000, 0x0000000084900000, 0x0000000084a00000|  0%| F|  |TAMS 0x0000000084900000, 0x0000000084900000| Untracked 
|  46|0x0000000084a00000, 0x0000000084a00000, 0x0000000084b00000|  0%| F|  |TAMS 0x0000000084a00000, 0x0000000084a00000| Untracked 
|  47|0x0000000084b00000, 0x0000000084b00000, 0x0000000084c00000|  0%| F|  |TAMS 0x0000000084b00000, 0x0000000084b00000| Untracked 
|  48|0x0000000084c00000, 0x0000000084c00000, 0x0000000084d00000|  0%| F|  |TAMS 0x0000000084c00000, 0x0000000084c00000| Untracked 
|  49|0x0000000084d00000, 0x0000000084d00000, 0x0000000084e00000|  0%| F|  |TAMS 0x0000000084d00000, 0x0000000084d00000| Untracked 
|  50|0x0000000084e00000, 0x0000000084e00000, 0x0000000084f00000|  0%| F|  |TAMS 0x0000000084e00000, 0x0000000084e00000| Untracked 
|  51|0x0000000084f00000, 0x0000000084f00000, 0x0000000085000000|  0%| F|  |TAMS 0x0000000084f00000, 0x0000000084f00000| Untracked 
|  52|0x0000000085000000, 0x0000000085000000, 0x0000000085100000|  0%| F|  |TAMS 0x0000000085000000, 0x0000000085000000| Untracked 
|  53|0x0000000085100000, 0x0000000085100000, 0x0000000085200000|  0%| F|  |TAMS 0x0000000085100000, 0x0000000085100000| Untracked 
|  54|0x0000000085200000, 0x0000000085200000, 0x0000000085300000|  0%| F|  |TAMS 0x0000000085200000, 0x0000000085200000| Untracked 
|  55|0x0000000085300000, 0x0000000085300000, 0x0000000085400000|  0%| F|  |TAMS 0x0000000085300000, 0x0000000085300000| Untracked 
|  56|0x0000000085400000, 0x0000000085400000, 0x0000000085500000|  0%| F|  |TAMS 0x0000000085400000, 0x0000000085400000| Untracked 
|  57|0x0000000085500000, 0x0000000085500000, 0x0000000085600000|  0%| F|  |TAMS 0x0000000085500000, 0x0000000085500000| Untracked 
|  58|0x0000000085600000, 0x0000000085600000, 0x0000000085700000|  0%| F|  |TAMS 0x0000000085600000, 0x0000000085600000| Untracked 
|  59|0x0000000085700000, 0x0000000085700000, 0x0000000085800000|  0%| F|  |TAMS 0x0000000085700000, 0x0000000085700000| Untracked 
|  60|0x0000000085800000, 0x0000000085800000, 0x0000000085900000|  0%| F|  |TAMS 0x0000000085800000, 0x0000000085800000| Untracked 
|  61|0x0000000085900000, 0x0000000085900000, 0x0000000085a00000|  0%| F|  |TAMS 0x0000000085900000, 0x0000000085900000| Untracked 
|  62|0x0000000085a00000, 0x0000000085a00000, 0x0000000085b00000|  0%| F|  |TAMS 0x0000000085a00000, 0x0000000085a00000| Untracked 
|  63|0x0000000085b00000, 0x0000000085b00000, 0x0000000085c00000|  0%| F|  |TAMS 0x0000000085b00000, 0x0000000085b00000| Untracked 
|  64|0x0000000085c00000, 0x0000000085c00000, 0x0000000085d00000|  0%| F|  |TAMS 0x0000000085c00000, 0x0000000085c00000| Untracked 
|  65|0x0000000085d00000, 0x0000000085d00000, 0x0000000085e00000|  0%| F|  |TAMS 0x0000000085d00000, 0x0000000085d00000| Untracked 
|  66|0x0000000085e00000, 0x0000000085e00000, 0x0000000085f00000|  0%| F|  |TAMS 0x0000000085e00000, 0x0000000085e00000| Untracked 
|  67|0x0000000085f00000, 0x0000000085f00000, 0x0000000086000000|  0%| F|  |TAMS 0x0000000085f00000, 0x0000000085f00000| Untracked 
|  68|0x0000000086000000, 0x0000000086000000, 0x0000000086100000|  0%| F|  |TAMS 0x0000000086000000, 0x0000000086000000| Untracked 
|  69|0x0000000086100000, 0x0000000086100000, 0x0000000086200000|  0%| F|  |TAMS 0x0000000086100000, 0x0000000086100000| Untracked 
|  70|0x0000000086200000, 0x0000000086200000, 0x0000000086300000|  0%| F|  |TAMS 0x0000000086200000, 0x0000000086200000| Untracked 
|  71|0x0000000086300000, 0x0000000086300000, 0x0000000086400000|  0%| F|  |TAMS 0x0000000086300000, 0x0000000086300000| Untracked 
|  72|0x0000000086400000, 0x0000000086400000, 0x0000000086500000|  0%| F|  |TAMS 0x0000000086400000, 0x0000000086400000| Untracked 
|  73|0x0000000086500000, 0x0000000086500000, 0x0000000086600000|  0%| F|  |TAMS 0x0000000086500000, 0x0000000086500000| Untracked 
|  74|0x0000000086600000, 0x0000000086600000, 0x0000000086700000|  0%| F|  |TAMS 0x0000000086600000, 0x0000000086600000| Untracked 
|  75|0x0000000086700000, 0x0000000086700000, 0x0000000086800000|  0%| F|  |TAMS 0x0000000086700000, 0x0000000086700000| Untracked 
|  76|0x0000000086800000, 0x0000000086800000, 0x0000000086900000|  0%| F|  |TAMS 0x0000000086800000, 0x0000000086800000| Untracked 
|  77|0x0000000086900000, 0x0000000086900000, 0x0000000086a00000|  0%| F|  |TAMS 0x0000000086900000, 0x0000000086900000| Untracked 
|  78|0x0000000086a00000, 0x0000000086a00000, 0x0000000086b00000|  0%| F|  |TAMS 0x0000000086a00000, 0x0000000086a00000| Untracked 
|  79|0x0000000086b00000, 0x0000000086b00000, 0x0000000086c00000|  0%| F|  |TAMS 0x0000000086b00000, 0x0000000086b00000| Untracked 
|  80|0x0000000086c00000, 0x0000000086c00000, 0x0000000086d00000|  0%| F|  |TAMS 0x0000000086c00000, 0x0000000086c00000| Untracked 
|  81|0x0000000086d00000, 0x0000000086d00000, 0x0000000086e00000|  0%| F|  |TAMS 0x0000000086d00000, 0x0000000086d00000| Untracked 
|  82|0x0000000086e00000, 0x0000000086e00000, 0x0000000086f00000|  0%| F|  |TAMS 0x0000000086e00000, 0x0000000086e00000| Untracked 
|  83|0x0000000086f00000, 0x0000000086f00000, 0x0000000087000000|  0%| F|  |TAMS 0x0000000086f00000, 0x0000000086f00000| Untracked 
|  84|0x0000000087000000, 0x0000000087000000, 0x0000000087100000|  0%| F|  |TAMS 0x0000000087000000, 0x0000000087000000| Untracked 
|  85|0x0000000087100000, 0x0000000087100000, 0x0000000087200000|  0%| F|  |TAMS 0x0000000087100000, 0x0000000087100000| Untracked 
|  86|0x0000000087200000, 0x0000000087200000, 0x0000000087300000|  0%| F|  |TAMS 0x0000000087200000, 0x0000000087200000| Untracked 
|  87|0x0000000087300000, 0x0000000087300000, 0x0000000087400000|  0%| F|  |TAMS 0x0000000087300000, 0x0000000087300000| Untracked 
|  88|0x0000000087400000, 0x0000000087400000, 0x0000000087500000|  0%| F|  |TAMS 0x0000000087400000, 0x0000000087400000| Untracked 
|  89|0x0000000087500000, 0x0000000087500000, 0x0000000087600000|  0%| F|  |TAMS 0x0000000087500000, 0x0000000087500000| Untracked 
|  90|0x0000000087600000, 0x0000000087600000, 0x0000000087700000|  0%| F|  |TAMS 0x0000000087600000, 0x0000000087600000| Untracked 
|  91|0x0000000087700000, 0x0000000087700000, 0x0000000087800000|  0%| F|  |TAMS 0x0000000087700000, 0x0000000087700000| Untracked 
|  92|0x0000000087800000, 0x0000000087800000, 0x0000000087900000|  0%| F|  |TAMS 0x0000000087800000, 0x0000000087800000| Untracked 
|  93|0x0000000087900000, 0x0000000087900000, 0x0000000087a00000|  0%| F|  |TAMS 0x0000000087900000, 0x0000000087900000| Untracked 
|  94|0x0000000087a00000, 0x0000000087a00000, 0x0000000087b00000|  0%| F|  |TAMS 0x0000000087a00000, 0x0000000087a00000| Untracked 
|  95|0x0000000087b00000, 0x0000000087b00000, 0x0000000087c00000|  0%| F|  |TAMS 0x0000000087b00000, 0x0000000087b00000| Untracked 
|  96|0x0000000087c00000, 0x0000000087c00000, 0x0000000087d00000|  0%| F|  |TAMS 0x0000000087c00000, 0x0000000087c00000| Untracked 
|  97|0x0000000087d00000, 0x0000000087d00000, 0x0000000087e00000|  0%| F|  |TAMS 0x0000000087d00000, 0x0000000087d00000| Untracked 
|  98|0x0000000087e00000, 0x0000000087e00000, 0x0000000087f00000|  0%| F|  |TAMS 0x0000000087e00000, 0x0000000087e00000| Untracked 
|  99|0x0000000087f00000, 0x0000000087f00000, 0x0000000088000000|  0%| F|  |TAMS 0x0000000087f00000, 0x0000000087f00000| Untracked 
| 100|0x0000000088000000, 0x0000000088000000, 0x0000000088100000|  0%| F|  |TAMS 0x0000000088000000, 0x0000000088000000| Untracked 
| 101|0x0000000088100000, 0x0000000088100000, 0x0000000088200000|  0%| F|  |TAMS 0x0000000088100000, 0x0000000088100000| Untracked 
| 102|0x0000000088200000, 0x0000000088200000, 0x0000000088300000|  0%| F|  |TAMS 0x0000000088200000, 0x0000000088200000| Untracked 
| 103|0x0000000088300000, 0x0000000088300000, 0x0000000088400000|  0%| F|  |TAMS 0x0000000088300000, 0x0000000088300000| Untracked 
| 104|0x0000000088400000, 0x0000000088400000, 0x0000000088500000|  0%| F|  |TAMS 0x0000000088400000, 0x0000000088400000| Untracked 
| 105|0x0000000088500000, 0x0000000088500000, 0x0000000088600000|  0%| F|  |TAMS 0x0000000088500000, 0x0000000088500000| Untracked 
| 106|0x0000000088600000, 0x0000000088600000, 0x0000000088700000|  0%| F|  |TAMS 0x0000000088600000, 0x0000000088600000| Untracked 
| 107|0x0000000088700000, 0x0000000088700000, 0x0000000088800000|  0%| F|  |TAMS 0x0000000088700000, 0x0000000088700000| Untracked 
| 108|0x0000000088800000, 0x0000000088800000, 0x0000000088900000|  0%| F|  |TAMS 0x0000000088800000, 0x0000000088800000| Untracked 
| 109|0x0000000088900000, 0x0000000088900000, 0x0000000088a00000|  0%| F|  |TAMS 0x0000000088900000, 0x0000000088900000| Untracked 
| 110|0x0000000088a00000, 0x0000000088a00000, 0x0000000088b00000|  0%| F|  |TAMS 0x0000000088a00000, 0x0000000088a00000| Untracked 
| 111|0x0000000088b00000, 0x0000000088b00000, 0x0000000088c00000|  0%| F|  |TAMS 0x0000000088b00000, 0x0000000088b00000| Untracked 
| 112|0x0000000088c00000, 0x0000000088c00000, 0x0000000088d00000|  0%| F|  |TAMS 0x0000000088c00000, 0x0000000088c00000| Untracked 
| 113|0x0000000088d00000, 0x0000000088d76440, 0x0000000088e00000| 46%| E|  |TAMS 0x0000000088d00000, 0x0000000088d00000| Complete 
| 114|0x0000000088e00000, 0x0000000088f00000, 0x0000000088f00000|100%| E|CS|TAMS 0x0000000088e00000, 0x0000000088e00000| Complete 
| 115|0x0000000088f00000, 0x0000000089000000, 0x0000000089000000|100%| E|CS|TAMS 0x0000000088f00000, 0x0000000088f00000| Complete 
| 116|0x0000000089000000, 0x0000000089100000, 0x0000000089100000|100%| E|CS|TAMS 0x0000000089000000, 0x0000000089000000| Complete 
| 117|0x0000000089100000, 0x0000000089200000, 0x0000000089200000|100%| E|CS|TAMS 0x0000000089100000, 0x0000000089100000| Complete 
| 118|0x0000000089200000, 0x0000000089300000, 0x0000000089300000|100%| E|CS|TAMS 0x0000000089200000, 0x0000000089200000| Complete 
| 119|0x0000000089300000, 0x0000000089400000, 0x0000000089400000|100%| E|CS|TAMS 0x0000000089300000, 0x0000000089300000| Complete 
| 120|0x0000000089400000, 0x0000000089500000, 0x0000000089500000|100%| E|CS|TAMS 0x0000000089400000, 0x0000000089400000| Complete 
| 121|0x0000000089500000, 0x0000000089600000, 0x0000000089600000|100%| E|CS|TAMS 0x0000000089500000, 0x0000000089500000| Complete 
| 122|0x0000000089600000, 0x0000000089700000, 0x0000000089700000|100%| E|CS|TAMS 0x0000000089600000, 0x0000000089600000| Complete 
| 123|0x0000000089700000, 0x0000000089800000, 0x0000000089800000|100%| E|CS|TAMS 0x0000000089700000, 0x0000000089700000| Complete 
| 124|0x0000000089800000, 0x0000000089900000, 0x0000000089900000|100%| E|  |TAMS 0x0000000089800000, 0x0000000089800000| Complete 
| 125|0x0000000089900000, 0x0000000089a00000, 0x0000000089a00000|100%| E|CS|TAMS 0x0000000089900000, 0x0000000089900000| Complete 
| 126|0x0000000089a00000, 0x0000000089b00000, 0x0000000089b00000|100%| E|CS|TAMS 0x0000000089a00000, 0x0000000089a00000| Complete 
| 127|0x0000000089b00000, 0x0000000089c00000, 0x0000000089c00000|100%| E|CS|TAMS 0x0000000089b00000, 0x0000000089b00000| Complete 

Card table byte_map: [0x000002a6d1020000,0x000002a6d1420000] _byte_map_base: 0x000002a6d0c12000

Marking Bits (Prev, Next): (CMBitMap*) 0x000002a6ba1c2580, (CMBitMap*) 0x000002a6ba1c25c0
 Prev Bits: [0x000002a6d1820000, 0x000002a6d37b0000)
 Next Bits: [0x000002a6d37b0000, 0x000002a6d5740000)

Polling page: 0x000002a6b8140000

Metaspace:

Usage:
  Non-class:      4.89 MB used.
      Class:    567.41 KB used.
       Both:      5.44 MB used.

Virtual space:
  Non-class space:        8.00 MB reserved,       4.94 MB ( 62%) committed,  1 nodes.
      Class space:        1.00 GB reserved,     640.00 KB ( <1%) committed,  1 nodes.
              Both:        1.01 GB reserved,       5.56 MB ( <1%) committed. 

Chunk freelists:
   Non-Class:  2.21 MB
       Class:  3.20 MB
        Both:  5.41 MB

MaxMetaspaceSize: 17179869184.00 GB
CompressedClassSpaceSize: 1.00 GB
 - commit_granule_bytes: 65536.
 - commit_granule_words: 8192.
 - virtual_space_node_default_size: 1048576.
 - enlarge_chunks_in_place: 1.
 - new_chunks_are_fully_committed: 0.
 - uncommit_free_chunks: 1.
 - use_allocation_guard: 0.
 - handle_deallocations: 1.


Internal statistics:

num_allocs_failed_limit: 0.
num_arena_births: 46.
num_arena_deaths: 0.
num_vsnodes_births: 2.
num_vsnodes_deaths: 0.
num_space_committed: 89.
num_space_uncommitted: 0.
num_chunks_returned_to_freelist: 0.
num_chunks_taken_from_freelist: 150.
num_chunk_merges: 0.
num_chunk_splits: 101.
num_chunks_enlarged: 75.
num_purges: 0.

CodeHeap 'non-profiled nmethods': size=120000Kb used=248Kb max_used=248Kb free=119751Kb
 bounds [0x000002a6c93c0000, 0x000002a6c9630000, 0x000002a6d08f0000]
CodeHeap 'profiled nmethods': size=120000Kb used=1470Kb max_used=1470Kb free=118529Kb
 bounds [0x000002a6c1e90000, 0x000002a6c2100000, 0x000002a6c93c0000]
CodeHeap 'non-nmethods': size=5760Kb used=1169Kb max_used=1188Kb free=4590Kb
 bounds [0x000002a6c18f0000, 0x000002a6c1b60000, 0x000002a6c1e90000]
 total_blobs=1375 nmethods=915 adapters=373
 compilation: enabled
              stopped_count=0, restarted_count=0
 full_count=0

Compilation events (20 events):
Event: 6.306 Thread 0x000002a6d81588b0 nmethod 896 0x000002a6c1fef110 code [0x000002a6c1fef2c0, 0x000002a6c1fef4c8]
Event: 6.307 Thread 0x000002a6d8155a00  897       4       java.lang.Object::equals (11 bytes)
Event: 6.307 Thread 0x000002a6d8155a00 nmethod 897 0x000002a6c93fe010 code [0x000002a6c93fe180, 0x000002a6c93fe218]
Event: 6.309 Thread 0x000002a6d81588b0  898       3       java.lang.reflect.Modifier::toString (185 bytes)
Event: 6.309 Thread 0x000002a6d81588b0 nmethod 898 0x000002a6c1fef590 code [0x000002a6c1fef820, 0x000002a6c1ff0058]
Event: 6.309 Thread 0x000002a6d81588b0  901       3       java.beans.Introspector::addMethod (196 bytes)
Event: 6.310 Thread 0x000002a6d81588b0 nmethod 901 0x000002a6c1ff0290 code [0x000002a6c1ff0520, 0x000002a6c1ff12a8]
Event: 6.310 Thread 0x000002a6d81588b0  902  s!   3       java.beans.PropertyDescriptor::getReadMethod (149 bytes)
Event: 6.312 Thread 0x000002a6d8155a00  903       4       java.util.HashMap::putVal (300 bytes)
Event: 6.313 Thread 0x000002a6d81588b0 nmethod 902 0x000002a6c1ff1690 code [0x000002a6c1ff1a00, 0x000002a6c1ff34d8]
Event: 6.313 Thread 0x000002a6d81588b0  899       3       java.lang.reflect.Method::getGenericReturnType (20 bytes)
Event: 6.314 Thread 0x000002a6d81588b0 nmethod 899 0x000002a6c1ff3c10 code [0x000002a6c1ff3ec0, 0x000002a6c1ff5018]
Event: 6.314 Thread 0x000002a6d81588b0  900       3       java.util.TreeMap$PrivateEntryIterator::nextEntry (54 bytes)
Event: 6.315 Thread 0x000002a6d81588b0 nmethod 900 0x000002a6c1ff5590 code [0x000002a6c1ff5780, 0x000002a6c1ff5b68]
Event: 6.315 Thread 0x000002a6d81588b0  906       3       java.beans.FeatureDescriptor::getTable (23 bytes)
Event: 6.315 Thread 0x000002a6d81588b0 nmethod 906 0x000002a6c1ff5d10 code [0x000002a6c1ff5ee0, 0x000002a6c1ff61a8]
Event: 6.315 Thread 0x000002a6d81588b0  905       3       java.lang.Enum::equals (11 bytes)
Event: 6.315 Thread 0x000002a6d81588b0 nmethod 905 0x000002a6c1ff6290 code [0x000002a6c1ff6420, 0x000002a6c1ff6598]
Event: 6.315 Thread 0x000002a6d81588b0  904       3       java.util.Collections$UnmodifiableMap$UnmodifiableEntrySet$1::hasNext (10 bytes)
Event: 6.315 Thread 0x000002a6d81588b0 nmethod 904 0x000002a6c1ff6610 code [0x000002a6c1ff67c0, 0x000002a6c1ff69a8]

GC Heap History (0 events):
No events

Deoptimization events (20 events):
Event: 4.087 Thread 0x000002a6b808afc0 DEOPT PACKING pc=0x000002a6c1ea6894 sp=0x000000f9c85febe0
Event: 4.087 Thread 0x000002a6b808afc0 DEOPT UNPACKING pc=0x000002a6c193dece sp=0x000000f9c85fe090 mode 0
Event: 4.087 Thread 0x000002a6b808afc0 DEOPT PACKING pc=0x000002a6c1ea5fc6 sp=0x000000f9c85feb90
Event: 4.087 Thread 0x000002a6b808afc0 DEOPT UNPACKING pc=0x000002a6c193dece sp=0x000000f9c85fe0b0 mode 0
Event: 4.087 Thread 0x000002a6b808afc0 DEOPT PACKING pc=0x000002a6c1ea6894 sp=0x000000f9c85febe0
Event: 4.087 Thread 0x000002a6b808afc0 DEOPT UNPACKING pc=0x000002a6c193dece sp=0x000000f9c85fe090 mode 0
Event: 4.087 Thread 0x000002a6b808afc0 DEOPT PACKING pc=0x000002a6c1ea5fc6 sp=0x000000f9c85feb90
Event: 4.087 Thread 0x000002a6b808afc0 DEOPT UNPACKING pc=0x000002a6c193dece sp=0x000000f9c85fe0b0 mode 0
Event: 4.088 Thread 0x000002a6b808afc0 DEOPT PACKING pc=0x000002a6c1ea6894 sp=0x000000f9c85febe0
Event: 4.088 Thread 0x000002a6b808afc0 DEOPT UNPACKING pc=0x000002a6c193dece sp=0x000000f9c85fe090 mode 0
Event: 4.088 Thread 0x000002a6b808afc0 DEOPT PACKING pc=0x000002a6c1ea5fc6 sp=0x000000f9c85feb90
Event: 4.088 Thread 0x000002a6b808afc0 DEOPT UNPACKING pc=0x000002a6c193dece sp=0x000000f9c85fe0b0 mode 0
Event: 4.088 Thread 0x000002a6b808afc0 DEOPT PACKING pc=0x000002a6c1ea6894 sp=0x000000f9c85febe0
Event: 4.088 Thread 0x000002a6b808afc0 DEOPT UNPACKING pc=0x000002a6c193dece sp=0x000000f9c85fe090 mode 0
Event: 5.269 Thread 0x000002a6b808afc0 DEOPT PACKING pc=0x000002a6c1eaf0e7 sp=0x000000f9c85fe660
Event: 5.270 Thread 0x000002a6b808afc0 DEOPT UNPACKING pc=0x000002a6c193dece sp=0x000000f9c85fda80 mode 0
Event: 5.668 Thread 0x000002a6b808afc0 DEOPT PACKING pc=0x000002a6c1eb072d sp=0x000000f9c85fd880
Event: 5.668 Thread 0x000002a6b808afc0 DEOPT UNPACKING pc=0x000002a6c193dece sp=0x000000f9c85fcd18 mode 0
Event: 5.732 Thread 0x000002a6b808afc0 DEOPT PACKING pc=0x000002a6c1ea5151 sp=0x000000f9c85fdb40
Event: 5.732 Thread 0x000002a6b808afc0 DEOPT UNPACKING pc=0x000002a6c193dece sp=0x000000f9c85fcfb8 mode 0

Classes unloaded (0 events):
No events

Classes redefined (0 events):
No events

Internal exceptions (20 events):
Event: 5.973 Thread 0x000002a6b808afc0 Exception <a 'java/lang/ClassNotFoundException'{0x000000008927a668}: com/puppycrawl/tools/checkstyle/api/AbstractViolationReporterCustomizer> (0x000000008927a668) 
thrown [t:\workspace\open\src\hotspot\share\classfile\systemDictionary.cpp, line 256]
Event: 5.975 Thread 0x000002a6b808afc0 Exception <a 'java/lang/ClassNotFoundException'{0x0000000089282c08}: com/puppycrawl/tools/checkstyle/api/AbstractFileSetCheckCustomizer> (0x0000000089282c08) 
thrown [t:\workspace\open\src\hotspot\share\classfile\systemDictionary.cpp, line 256]
Event: 5.983 Thread 0x000002a6b808afc0 Exception <a 'java/lang/ClassNotFoundException'{0x000000008929ef08}: com/puppycrawl/tools/checkstyle/TreeWalkerCustomizer> (0x000000008929ef08) 
thrown [t:\workspace\open\src\hotspot\share\classfile\systemDictionary.cpp, line 256]
Event: 6.090 Thread 0x000002a6b808afc0 Exception <a 'java/lang/ClassNotFoundException'{0x0000000089193dd0}: com/puppycrawl/tools/checkstyle/checks/javadoc/JavadocMethodCheckBeanInfo> (0x0000000089193dd0) 
thrown [t:\workspace\open\src\hotspot\share\classfile\systemDictionary.cpp, line 256]
Event: 6.091 Thread 0x000002a6b808afc0 Exception <a 'java/lang/ClassNotFoundException'{0x0000000089194cc8}: com/puppycrawl/tools/checkstyle/api/AbstractCheckBeanInfo> (0x0000000089194cc8) 
thrown [t:\workspace\open\src\hotspot\share\classfile\systemDictionary.cpp, line 256]
Event: 6.091 Thread 0x000002a6b808afc0 Exception <a 'java/lang/ClassNotFoundException'{0x0000000089195b98}: com/puppycrawl/tools/checkstyle/api/AbstractCheckCustomizer> (0x0000000089195b98) 
thrown [t:\workspace\open\src\hotspot\share\classfile\systemDictionary.cpp, line 256]
Event: 6.096 Thread 0x000002a6b808afc0 Exception <a 'java/lang/ClassNotFoundException'{0x00000000891ab268}: com/puppycrawl/tools/checkstyle/checks/javadoc/JavadocMethodCheckCustomizer> (0x00000000891ab268) 
thrown [t:\workspace\open\src\hotspot\share\classfile\systemDictionary.cpp, line 256]
Event: 6.125 Thread 0x000002a6b808afc0 Exception <a 'java/lang/NoSuchMethodError'{0x0000000089018f18}: 'int java.lang.invoke.DirectMethodHandle$Holder.invokeStaticInit(java.lang.Object, java.lang.Object)'> (0x0000000089018f18) 
thrown [t:\workspace\open\src\hotspot\share\interpreter\linkResolver.cpp, line 790]
Event: 6.201 Thread 0x000002a6b808afc0 Exception <a 'java/lang/ClassNotFoundException'{0x0000000089061e30}: com/puppycrawl/tools/checkstyle/checks/javadoc/JavadocTypeCheckBeanInfo> (0x0000000089061e30) 
thrown [t:\workspace\open\src\hotspot\share\classfile\systemDictionary.cpp, line 256]
Event: 6.202 Thread 0x000002a6b808afc0 Exception <a 'java/lang/ClassNotFoundException'{0x0000000089062db0}: com/puppycrawl/tools/checkstyle/checks/javadoc/JavadocTypeCheckCustomizer> (0x0000000089062db0) 
thrown [t:\workspace\open\src\hotspot\share\classfile\systemDictionary.cpp, line 256]
Event: 6.233 Thread 0x000002a6b808afc0 Exception <a 'java/lang/ClassNotFoundException'{0x0000000088f0b7a8}: com/puppycrawl/tools/checkstyle/checks/javadoc/JavadocStyleCheckBeanInfo> (0x0000000088f0b7a8) 
thrown [t:\workspace\open\src\hotspot\share\classfile\systemDictionary.cpp, line 256]
Event: 6.233 Thread 0x000002a6b808afc0 Exception <a 'java/lang/ClassNotFoundException'{0x0000000088f0c730}: com/puppycrawl/tools/checkstyle/checks/javadoc/JavadocStyleCheckCustomizer> (0x0000000088f0c730) 
thrown [t:\workspace\open\src\hotspot\share\classfile\systemDictionary.cpp, line 256]
Event: 6.307 Thread 0x000002a6b808afc0 Exception <a 'java/lang/ClassNotFoundException'{0x0000000088fbb6d8}: com/puppycrawl/tools/checkstyle/checks/naming/ConstantNameCheckBeanInfo> (0x0000000088fbb6d8) 
thrown [t:\workspace\open\src\hotspot\share\classfile\systemDictionary.cpp, line 256]
Event: 6.308 Thread 0x000002a6b808afc0 Exception <a 'java/lang/ClassNotFoundException'{0x0000000088fbc6f0}: com/puppycrawl/tools/checkstyle/checks/naming/AbstractAccessControlNameCheckBeanInfo> (0x0000000088fbc6f0) 
thrown [t:\workspace\open\src\hotspot\share\classfile\systemDictionary.cpp, line 256]
Event: 6.308 Thread 0x000002a6b808afc0 Exception <a 'java/lang/ClassNotFoundException'{0x0000000088fbdbc0}: com/puppycrawl/tools/checkstyle/checks/naming/AbstractNameCheckBeanInfo> (0x0000000088fbdbc0) 
thrown [t:\workspace\open\src\hotspot\share\classfile\systemDictionary.cpp, line 256]
Event: 6.308 Thread 0x000002a6b808afc0 Exception <a 'java/lang/ClassNotFoundException'{0x0000000088fbeb48}: com/puppycrawl/tools/checkstyle/checks/naming/AbstractNameCheckCustomizer> (0x0000000088fbeb48) 
thrown [t:\workspace\open\src\hotspot\share\classfile\systemDictionary.cpp, line 256]
Event: 6.309 Thread 0x000002a6b808afc0 Exception <a 'java/lang/ClassNotFoundException'{0x0000000088fc68d8}: com/puppycrawl/tools/checkstyle/checks/naming/AbstractAccessControlNameCheckCustomizer> (0x0000000088fc68d8) 
thrown [t:\workspace\open\src\hotspot\share\classfile\systemDictionary.cpp, line 256]
Event: 6.312 Thread 0x000002a6b808afc0 Exception <a 'java/lang/ClassNotFoundException'{0x0000000088fd0388}: com/puppycrawl/tools/checkstyle/checks/naming/ConstantNameCheckCustomizer> (0x0000000088fd0388) 
thrown [t:\workspace\open\src\hotspot\share\classfile\systemDictionary.cpp, line 256]
Event: 6.318 Thread 0x000002a6b808afc0 Exception <a 'java/lang/ClassNotFoundException'{0x0000000088e188e8}: com/puppycrawl/tools/checkstyle/checks/naming/LocalVariableNameCheckBeanInfo> (0x0000000088e188e8) 
thrown [t:\workspace\open\src\hotspot\share\classfile\systemDictionary.cpp, line 256]
Event: 6.318 Thread 0x000002a6b808afc0 Exception <a 'java/lang/ClassNotFoundException'{0x0000000088e19880}: com/puppycrawl/tools/checkstyle/checks/naming/LocalVariableNameCheckCustomizer> (0x0000000088e19880) 
thrown [t:\workspace\open\src\hotspot\share\classfile\systemDictionary.cpp, line 256]

Events (20 events):
Event: 6.195 loading class java/util/stream/Node$OfLong done
Event: 6.195 loading class java/util/stream/Nodes$EmptyNode$OfLong done
Event: 6.195 loading class java/util/stream/Nodes$EmptyNode$OfDouble
Event: 6.195 loading class java/util/stream/Node$OfDouble
Event: 6.195 loading class java/util/stream/Node$OfDouble done
Event: 6.195 loading class java/util/stream/Nodes$EmptyNode$OfDouble done
Event: 6.195 loading class java/util/stream/Nodes$IntFixedNodeBuilder
Event: 6.195 loading class java/util/stream/Node$Builder$OfInt
Event: 6.196 loading class java/util/stream/Node$Builder
Event: 6.196 loading class java/util/stream/Node$Builder done
Event: 6.196 loading class java/util/stream/Node$Builder$OfInt done
Event: 6.196 loading class java/util/stream/Nodes$IntArrayNode
Event: 6.196 loading class java/util/stream/Nodes$IntArrayNode done
Event: 6.196 loading class java/util/stream/Nodes$IntFixedNodeBuilder done
Event: 6.196 loading class java/util/stream/ReferencePipeline$4$1
Event: 6.196 loading class java/util/stream/ReferencePipeline$4$1 done
Event: 6.197 Thread 0x000002a6d8d272b0 Thread exited: 0x000002a6d8d272b0
Event: 6.198 Thread 0x000002a6d8cd4b40 Thread exited: 0x000002a6d8cd4b40
Event: 6.227 loading class java/util/Collections$UnmodifiableSortedSet
Event: 6.229 loading class java/util/Collections$UnmodifiableSortedSet done


Dynamic libraries:
0x00007ff60d1c0000 - 0x00007ff60d1d0000 	C:\Program Files\Java\jdk-16.0.2\bin\java.exe
0x00007ff9637b0000 - 0x00007ff9639a5000 	C:\WINDOWS\SYSTEM32\ntdll.dll
0x00007ff9335d0000 - 0x00007ff9335e5000 	C:\Program Files\Avast Software\Avast\aswhook.dll
0x00007ff962200000 - 0x00007ff9622be000 	C:\WINDOWS\System32\KERNEL32.DLL
0x00007ff960f70000 - 0x00007ff961239000 	C:\WINDOWS\System32\KERNELBASE.dll
0x00007ff95e1c0000 - 0x00007ff95e250000 	C:\WINDOWS\SYSTEM32\apphelp.dll
0x00007ff961270000 - 0x00007ff961370000 	C:\WINDOWS\System32\ucrtbase.dll
0x00007ff9281a0000 - 0x00007ff9281b8000 	C:\Program Files\Java\jdk-16.0.2\bin\jli.dll
0x00007ff962150000 - 0x00007ff9621fc000 	C:\WINDOWS\System32\ADVAPI32.dll
0x00007ff962020000 - 0x00007ff9620be000 	C:\WINDOWS\System32\msvcrt.dll
0x00007ff963640000 - 0x00007ff9636db000 	C:\WINDOWS\System32\sechost.dll
0x00007ff963380000 - 0x00007ff9634aa000 	C:\WINDOWS\System32\RPCRT4.dll
0x00007ff9618a0000 - 0x00007ff961a41000 	C:\WINDOWS\System32\USER32.dll
0x00007ff961240000 - 0x00007ff961262000 	C:\WINDOWS\System32\win32u.dll
0x00007ff961870000 - 0x00007ff96189b000 	C:\WINDOWS\System32\GDI32.dll
0x00007ff961370000 - 0x00007ff96147b000 	C:\WINDOWS\System32\gdi32full.dll
0x00007ff960ed0000 - 0x00007ff960f6d000 	C:\WINDOWS\System32\msvcp_win.dll
0x00007ff928d50000 - 0x00007ff928d69000 	C:\Program Files\Java\jdk-16.0.2\bin\VCRUNTIME140.dll
0x00007ff942be0000 - 0x00007ff942e7a000 	C:\WINDOWS\WinSxS\amd64_microsoft.windows.common-controls_6595b64144ccf1df_6.0.19041.1110_none_60b5254171f9507e\COMCTL32.dll
0x00007ff95fcc0000 - 0x00007ff95fcca000 	C:\WINDOWS\SYSTEM32\VERSION.dll
0x00007ff962120000 - 0x00007ff962150000 	C:\WINDOWS\System32\IMM32.DLL
0x00007ff940fe0000 - 0x00007ff940fec000 	C:\Program Files\Java\jdk-16.0.2\bin\vcruntime140_1.dll
0x00007ff8e15a0000 - 0x00007ff8e1631000 	C:\Program Files\Java\jdk-16.0.2\bin\msvcp140.dll
0x00007ff8d6e10000 - 0x00007ff8d79bb000 	C:\Program Files\Java\jdk-16.0.2\bin\server\jvm.dll
0x00007ff961ee0000 - 0x00007ff961ee8000 	C:\WINDOWS\System32\PSAPI.DLL
0x00007ff93f500000 - 0x00007ff93f527000 	C:\WINDOWS\SYSTEM32\WINMM.dll
0x00007ff946f80000 - 0x00007ff946f89000 	C:\WINDOWS\SYSTEM32\WSOCK32.dll
0x00007ff962470000 - 0x00007ff9624db000 	C:\WINDOWS\System32\WS2_32.dll
0x00007ff95fc80000 - 0x00007ff95fc92000 	C:\WINDOWS\SYSTEM32\kernel.appcore.dll
0x00007ff93e8c0000 - 0x00007ff93e8ca000 	C:\Program Files\Java\jdk-16.0.2\bin\jimage.dll
0x00007ff95e9a0000 - 0x00007ff95eb84000 	C:\WINDOWS\SYSTEM32\DBGHELP.DLL
0x00007ff94a5d0000 - 0x00007ff94a5fc000 	C:\WINDOWS\SYSTEM32\dbgcore.DLL
0x00007ff961770000 - 0x00007ff9617f3000 	C:\WINDOWS\System32\bcryptPrimitives.dll
0x00007ff933800000 - 0x00007ff933825000 	C:\Program Files\Java\jdk-16.0.2\bin\java.dll
0x00007ff9627a0000 - 0x00007ff962edf000 	C:\WINDOWS\System32\SHELL32.dll
0x00007ff95f4f0000 - 0x00007ff95fc80000 	C:\WINDOWS\SYSTEM32\windows.storage.dll
0x00007ff961b80000 - 0x00007ff961ed5000 	C:\WINDOWS\System32\combase.dll
0x00007ff960850000 - 0x00007ff96087c000 	C:\WINDOWS\SYSTEM32\Wldp.dll
0x00007ff9624e0000 - 0x00007ff96258e000 	C:\WINDOWS\System32\SHCORE.dll
0x00007ff962590000 - 0x00007ff9625e5000 	C:\WINDOWS\System32\shlwapi.dll
0x00007ff960e10000 - 0x00007ff960e2f000 	C:\WINDOWS\SYSTEM32\profapi.dll
0x00007ff92e4c0000 - 0x00007ff92e4d9000 	C:\Program Files\Java\jdk-16.0.2\bin\net.dll
0x00007ff94c400000 - 0x00007ff94c508000 	C:\WINDOWS\SYSTEM32\WINHTTP.dll
0x00007ff9605b0000 - 0x00007ff96061a000 	C:\WINDOWS\system32\mswsock.dll
0x00007ff92e4a0000 - 0x00007ff92e4b3000 	C:\Program Files\Java\jdk-16.0.2\bin\nio.dll
0x00007ff92d6b0000 - 0x00007ff92d6c8000 	C:\Program Files\Java\jdk-16.0.2\bin\zip.dll
0x00007ff938b50000 - 0x00007ff938b60000 	C:\Program Files\Java\jdk-16.0.2\bin\verify.dll

dbghelp: loaded successfully - version: 4.0.5 - missing functions: none
symbol engine: initialized successfully - sym options: 0x614 - pdb path: .;C:\Program Files\Java\jdk-16.0.2\bin;C:\WINDOWS\SYSTEM32;C:\Program Files\Avast Software\Avast;C:\WINDOWS\WinSxS\amd64_microsoft.windows.common-controls_6595b64144ccf1df_6.0.19041.1110_none_60b5254171f9507e;C:\Program Files\Java\jdk-16.0.2\bin\server

VM Arguments:
java_command: C:/Users/Mia/.vscode/extensions/rianadon.vscode-java-checkstyle-0.2.0/checkstyle-8.35-all.jar -c C:/Users/Mia/.vscode/extensions/rianadon.vscode-java-checkstyle-0.2.0/UWG_checks.xml c:\Users\Mia\CS4985TheArtistsDream\code\TheArtistsDreamClient\src\main\java\edu\westga\devops\theartistsdreamclient\view\controls\PortfolioPane.java
java_class_path (initial): C:/Users/Mia/.vscode/extensions/rianadon.vscode-java-checkstyle-0.2.0/checkstyle-8.35-all.jar
Launcher Type: SUN_STANDARD

[Global flags]
     intx CICompilerCount                          = 4                                         {product} {ergonomic}
     uint ConcGCThreads                            = 2                                         {product} {ergonomic}
     uint G1ConcRefinementThreads                  = 8                                         {product} {ergonomic}
   size_t G1HeapRegionSize                         = 1048576                                   {product} {ergonomic}
    uintx GCDrainStackTargetSize                   = 64                                        {product} {ergonomic}
   size_t InitialHeapSize                          = 134217728                                 {product} {ergonomic}
   size_t MarkStackSize                            = 4194304                                   {product} {ergonomic}
   size_t MaxHeapSize                              = 2118123520                                {product} {ergonomic}
   size_t MaxNewSize                               = 1270874112                                {product} {ergonomic}
   size_t MinHeapDeltaBytes                        = 1048576                                   {product} {ergonomic}
   size_t MinHeapSize                              = 8388608                                   {product} {ergonomic}
    uintx NonNMethodCodeHeapSize                   = 5839372                                {pd product} {ergonomic}
    uintx NonProfiledCodeHeapSize                  = 122909434                              {pd product} {ergonomic}
    uintx ProfiledCodeHeapSize                     = 122909434                              {pd product} {ergonomic}
    uintx ReservedCodeCacheSize                    = 251658240                              {pd product} {ergonomic}
     bool SegmentedCodeCache                       = true                                      {product} {ergonomic}
   size_t SoftMaxHeapSize                          = 2118123520                             {manageable} {ergonomic}
     bool UseCompressedClassPointers               = true                           {product lp64_product} {ergonomic}
     bool UseCompressedOops                        = true                           {product lp64_product} {ergonomic}
     bool UseG1GC                                  = true                                      {product} {ergonomic}
     bool UseLargePagesIndividualAllocation        = false                                  {pd product} {ergonomic}

Logging:
Log output configuration:
 #0: stdout all=warning uptime,level,tags
 #1: stderr all=off uptime,level,tags

Environment Variables:
JAVA_HOME=C:\Program Files\Java\jdk-16.0.2
PATH=C:\Program Files\Common Files\Oracle\Java\javapath;C:\Program Files\Java\jdk-16.0.2\bin;C:\Users\Mia\Downloads\jdk-14.0.2_windows-x64_bin (2).exe;C:\Program Files\dotnet\;C:\WINDOWS\system32;C:\WINDOWS;C:\WINDOWS\System32\Wbem;C:\WINDOWS\System32\WindowsPowerShell\v1.0\;C:\WINDOWS\System32\OpenSSH\;C:\Program Files (x86)\nodejs\;C:\Users\Mia\Downloads\apache-maven-3.8.2-bin\apache-maven-3.8.2\bin;C:\Program Files\Git\cmd;C:\Program Files\MySQL\MySQL Shell 8.0\bin\;C:\Users\Mia\AppData\Local\Programs\Python\Python39\Scripts;C:\Users\Mia\AppData\Local\Programs\Python\Python39;C:\Program Files\Java\jdk-14\bin;"C:\Users\Mia\AppData\Local\Microsoft\WindowsAppsC:\Windows\System32;";C:\Users\Mia\.dotnet\tools;C:\Users\Mia\AppData\Local\Microsoft\WindowsApps;C:\Users\Mia\AppData\Local\Programs\Microsoft VS Code\bin;C:\Users\Mia\AppData\Local\Programs\Azure Data Studio\bin;C:\Users\Mia\AppData\Roaming\npm;C:\Program Files\JetBrains\IntelliJ IDEA Community Edition 2021.2.2\bin
USERNAME=Mia
PROCESSOR_IDENTIFIER=Intel64 Family 6 Model 142 Stepping 12, GenuineIntel



---------------  S Y S T E M  ---------------

OS:
 Windows 10 , 64 bit Build 19041 (10.0.19041.1202)
OS uptime: 8 days 9:56 hours

CPU: total 8 (initial active 8) (4 cores per cpu, 2 threads per core) family 6 model 142 stepping 12 microcode 0xb8, cx8, cmov, fxsr, ht, mmx, 3dnowpref, sse, sse2, sse3, ssse3, sse4.1, sse4.2, popcnt, lzcnt, tsc, tscinvbit, avx, avx2, aes, erms, clmul, bmi1, bmi2, adx, fma, vzeroupper, clflush, clflushopt

Memory: 4k page, system-wide physical 8078M (762M free)
TotalPageFile size 32654M (AvailPageFile size 0M)
current process WorkingSet (physical memory assigned to process): 60M, peak: 60M
current process commit charge ("private bytes"): 219M, peak: 219M

vm_info: Java HotSpot(TM) 64-Bit Server VM (16.0.2+7-67) for windows-amd64 JRE (16.0.2+7-67), built on Jun  8 2021 23:24:19 by "mach5one" with MS VC++ 16.7 (VS2019)

END.
